<Event><System><Provider Name="Linux-Sysmon" Guid="{ff032593-a8d3-4f13-b0d6-01fc615a0f97}"/><EventID>16</EventID><Version>3</Version><Level>4</Level><Task>16</Task><Opcode>0</Opcode><Keywords>0x8000000000000000</Keywords><TimeCreated SystemTime="2026-01-21T11:07:25.472430000Z"/><EventRecordID>17854</EventRecordID><Correlation/><Execution ProcessID="1075" ThreadID="1075"/><Channel>Linux-Sysmon/Operational</Channel><Computer>ubuntu-sysmon</Computer><Security UserId="0"/></System><EventData><Data Name="UtcTime">2026-01-21 11:07:25.472</Data><Data Name="Configuration">sysmon -accepteula -i</Data><Data Name="ConfigurationFileHash">-</Data></EventData></Event>
<Event><System><Provider Name="Linux-Sysmon" Guid="{ff032593-a8d3-4f13-b0d6-01fc615a0f97}"/><EventID>4</EventID><Version>3</Version><Level>4</Level><Task>4</Task><Opcode>0</Opcode><Keywords>0x8000000000000000</Keywords><TimeCreated SystemTime="2026-01-21T11:07:25.472708000Z"/><EventRecordID>17855</EventRecordID><Correlation/><Execution ProcessID="1075" ThreadID="1075"/><Channel>Linux-Sysmon/Operational</Channel><Computer>ubuntu-sysmon</Computer><Security UserId="0"/></System><EventData><Data Name="UtcTime">2026-01-21 11:07:25.472</Data><Data Name="State">Started</Data><Data Name="Version">1.4.0</Data><Data Name="SchemaVersion">4.81</Data></EventData></Event>
<Event><System><Provider Name="Linux-Sysmon" Guid="{ff032593-a8d3-4f13-b0d6-01fc615a0f97}"/><EventID>5</EventID><Version>3</Version><Level>4</Level><Task>5</Task><Opcode>0</Opcode><Keywords>0x8000000000000000</Keywords><TimeCreated SystemTime="2026-01-21T11:07:25.473832000Z"/><EventRecordID>17856</EventRecordID><Correlation/><Execution ProcessID="1075" ThreadID="1075"/><Channel>Linux-Sysmon/Operational</Channel><Computer>ubuntu-sysmon</Computer><Security UserId="0"/></System><EventData><Data Name="RuleName">-</Data><Data Name="UtcTime">2026-01-21 11:07:25.483</Data><Data Name="ProcessGuid">{25a00e74-b36c-6970-0000-000000000000}</Data><Data Name="ProcessId">902</Data><Data Name="Image">-</Data><Data Name="User">-</Data></EventData></Event>
<Event><System><Provider Name="Linux-Sysmon" Guid="{ff032593-a8d3-4f13-b0d6-01fc615a0f97}"/><EventID>5</EventID><Version>3</Version><Level>4</Level><Task>5</Task><Opcode>0</Opcode><Keywords>0x8000000000000000</Keywords><TimeCreated SystemTime="2026-01-21T11:07:25.512765000Z"/><EventRecordID>17857</EventRecordID><Correlation/><Execution ProcessID="1075" ThreadID="1075"/><Channel>Linux-Sysmon/Operational</Channel><Computer>ubuntu-sysmon</Computer><Security UserId="0"/></System><EventData><Data Name="RuleName">-</Data><Data Name="UtcTime">2026-01-21 11:07:25.521</Data><Data Name="ProcessGuid">{25a00e74-b36c-6970-c943-d959ce570000}</Data><Data Name="ProcessId">942</Data><Data Name="Image">/usr/sbin/ModemManager</Data><Data Name="User">-</Data></EventData></Event>
<Event><System><Provider Name="Linux-Sysmon" Guid="{ff032593-a8d3-4f13-b0d6-01fc615a0f97}"/><EventID>5</EventID><Version>3</Version><Level>4</Level><Task>5</Task><Opcode>0</Opcode><Keywords>0x8000000000000000</Keywords><TimeCreated SystemTime="2026-01-21T11:07:25.518440000Z"/><EventRecordID>17858</EventRecordID><Correlation/><Execution ProcessID="1075" ThreadID="1075"/><Channel>Linux-Sysmon/Operational</Channel><Computer>ubuntu-sysmon</Computer><Security UserId="0"/></System><EventData><Data Name="RuleName">-</Data><Data Name="UtcTime">2026-01-21 11:07:25.527</Data><Data Name="ProcessGuid">{00000000-0000-0000-0000-000000000000}</Data><Data Name="ProcessId">1074</Data><Data Name="Image">&lt;unknown process&gt;</Data><Data Name="User">-</Data></EventData></Event>
<Event><System><Provider Name="Linux-Sysmon" Guid="{ff032593-a8d3-4f13-b0d6-01fc615a0f97}"/><EventID>5</EventID><Version>3</Version><Level>4</Level><Task>5</Task><Opcode>0</Opcode><Keywords>0x8000000000000000</Keywords><TimeCreated SystemTime="2026-01-21T11:07:25.528480000Z"/><EventRecordID>17859</EventRecordID><Correlation/><Execution ProcessID="1075" ThreadID="1075"/><Channel>Linux-Sysmon/Operational</Channel><Computer>ubuntu-sysmon</Computer><Security UserId="0"/></System><EventData><Data Name="RuleName">-</Data><Data Name="UtcTime">2026-01-21 11:07:25.537</Data><Data Name="ProcessGuid">{00000000-0000-0000-0000-000000000000}</Data><Data Name="ProcessId">1025</Data><Data Name="Image">&lt;unknown process&gt;</Data><Data Name="User">-</Data></EventData></Event>
<Event><System><Provider Name="Linux-Sysmon" Guid="{ff032593-a8d3-4f13-b0d6-01fc615a0f97}"/><EventID>1</EventID><Version>5</Version><Level>4</Level><Task>1</Task><Opcode>0</Opcode><Keywords>0x8000000000000000</Keywords><TimeCreated SystemTime="2026-01-21T11:07:25.537016000Z"/><EventRecordID>17860</EventRecordID><Correlation/><Execution ProcessID="1075" ThreadID="1075"/><Channel>Linux-Sysmon/Operational</Channel><Computer>ubuntu-sysmon</Computer><Security UserId="0"/></System><EventData><Data Name="RuleName">-</Data><Data Name="UtcTime">2026-01-21 11:07:25.544</Data><Data Name="ProcessGuid">{25a00e74-b36d-6970-a963-d6d175640000}</Data><Data Name="ProcessId">1125</Data><Data Name="Image">/usr/lib/systemd/systemd-executor</Data><Data Name="FileVersion">-</Data><Data Name="Description">-</Data><Data Name="Product">-</Data><Data Name="Company">-</Data><Data Name="OriginalFileName">-</Data><Data Name="CommandLine">/usr/lib/systemd/systemd-executor --deserialize 80 --log-level info --log-target journal-or-kmsg</Data><Data Name="CurrentDirectory">/</Data><Data Name="User">root</Data><Data Name="LogonGuid">{25a00e74-0000-0000-0000-000000000000}</Data><Data Name="LogonId">0</Data><Data Name="TerminalSessionId">4294967295</Data><Data Name="IntegrityLevel">no level</Data><Data Name="Hashes">SHA256=a780cac7551d148b4f8cb83489067f455a5d58daa754aac3442e9ddec262a636</Data><Data Name="ParentProcessGuid">{00000000-0000-0000-0000-000000000000}</Data><Data Name="ParentProcessId">1</Data><Data Name="ParentImage">-</Data><Data Name="ParentCommandLine">-</Data><Data Name="ParentUser">-</Data></EventData></Event>
<Event><System><Provider Name="Linux-Sysmon" Guid="{ff032593-a8d3-4f13-b0d6-01fc615a0f97}"/><EventID>1</EventID><Version>5</Version><Level>4</Level><Task>1</Task><Opcode>0</Opcode><Keywords>0x8000000000000000</Keywords><TimeCreated SystemTime="2026-01-21T11:07:25.543412000Z"/><EventRecordID>17861</EventRecordID><Correlation/><Execution ProcessID="1075" ThreadID="1075"/><Channel>Linux-Sysmon/Operational</Channel><Computer>ubuntu-sysmon</Computer><Security UserId="0"/></System><EventData><Data Name="RuleName">-</Data><Data Name="UtcTime">2026-01-21 11:07:25.552</Data><Data Name="ProcessGuid">{25a00e74-b36d-6970-a953-fed8085b0000}</Data><Data Name="ProcessId">1126</Data><Data Name="Image">/usr/lib/systemd/systemd-executor</Data><Data Name="FileVersion">-</Data><Data Name="Description">-</Data><Data Name="Product">-</Data><Data Name="Company">-</Data><Data Name="OriginalFileName">-</Data><Data Name="CommandLine">/usr/lib/systemd/systemd-executor --deserialize 88 --log-level info --log-target journal-or-kmsg</Data><Data Name="CurrentDirectory">/</Data><Data Name="User">root</Data><Data Name="LogonGuid">{25a00e74-0000-0000-0000-000000000000}</Data><Data Name="LogonId">0</Data><Data Name="TerminalSessionId">4294967295</Data><Data Name="IntegrityLevel">no level</Data><Data Name="Hashes">SHA256=a780cac7551d148b4f8cb83489067f455a5d58daa754aac3442e9ddec262a636</Data><Data Name="ParentProcessGuid">{00000000-0000-0000-0000-000000000000}</Data><Data Name="ParentProcessId">1</Data><Data Name="ParentImage">-</Data><Data Name="ParentCommandLine">-</Data><Data Name="ParentUser">-</Data></EventData></Event>
<Event><System><Provider Name="Linux-Sysmon" Guid="{ff032593-a8d3-4f13-b0d6-01fc615a0f97}"/><EventID>1</EventID><Version>5</Version><Level>4</Level><Task>1</Task><Opcode>0</Opcode><Keywords>0x8000000000000000</Keywords><TimeCreated SystemTime="2026-01-21T11:07:25.543682000Z"/><EventRecordID>17862</EventRecordID><Correlation/><Execution ProcessID="1075" ThreadID="1075"/><Channel>Linux-Sysmon/Operational</Channel><Computer>ubuntu-sysmon</Computer><Security UserId="0"/></System><EventData><Data Name="RuleName">-</Data><Data Name="UtcTime">2026-01-21 11:07:25.544</Data><Data Name="ProcessGuid">{25a00e74-b36d-6970-b988-1b38a45b0000}</Data><Data Name="ProcessId">1125</Data><Data Name="Image">/usr/libexec/nm-dispatcher</Data><Data Name="FileVersion">-</Data><Data Name="Description">-</Data><Data Name="Product">-</Data><Data Name="Company">-</Data><Data Name="OriginalFileName">-</Data><Data Name="CommandLine">/usr/libexec/nm-dispatcher</Data><Data Name="CurrentDirectory">/</Data><Data Name="User">root</Data><Data Name="LogonGuid">{25a00e74-0000-0000-0000-000000000000}</Data><Data Name="LogonId">0</Data><Data Name="TerminalSessionId">4294967295</Data><Data Name="IntegrityLevel">no level</Data><Data Name="Hashes">SHA256=6924bd7ddeb2ceb57e6a6f6d230dfdfb3519e35ea258aca627847f28cee27655</Data><Data Name="ParentProcessGuid">{00000000-0000-0000-0000-000000000000}</Data><Data Name="ParentProcessId">1</Data><Data Name="ParentImage">-</Data><Data Name="ParentCommandLine">-</Data><Data Name="ParentUser">-</Data></EventData></Event>
<Event><System><Provider Name="Linux-Sysmon" Guid="{ff032593-a8d3-4f13-b0d6-01fc615a0f97}"/><EventID>5</EventID><Version>3</Version><Level>4</Level><Task>5</Task><Opcode>0</Opcode><Keywords>0x8000000000000000</Keywords><TimeCreated SystemTime="2026-01-21T11:07:25.549744000Z"/><EventRecordID>17863</EventRecordID><Correlation/><Execution ProcessID="1075" ThreadID="1075"/><Channel>Linux-Sysmon/Operational</Channel><Computer>ubuntu-sysmon</Computer><Security UserId="0"/></System><EventData><Data Name="RuleName">-</Data><Data Name="UtcTime">2026-01-21 11:07:25.559</Data><Data Name="ProcessGuid">{25a00e74-b36c-6970-c943-d959ce570000}</Data><Data Name="ProcessId">974</Data><Data Name="Image">-</Data><Data Name="User">root</Data></EventData></Event>
<Event><System><Provider Name="Linux-Sysmon" Guid="{ff032593-a8d3-4f13-b0d6-01fc615a0f97}"/><EventID>1</EventID><Version>5</Version><Level>4</Level><Task>1</Task><Opcode>0</Opcode><Keywords>0x8000000000000000</Keywords><TimeCreated SystemTime="2026-01-21T11:07:25.560774000Z"/><EventRecordID>17864</EventRecordID><Correlation/><Execution ProcessID="1075" ThreadID="1075"/><Channel>Linux-Sysmon/Operational</Channel><Computer>ubuntu-sysmon</Computer><Security UserId="0"/></System><EventData><Data Name="RuleName">-</Data><Data Name="UtcTime">2026-01-21 11:07:25.569</Data><Data Name="ProcessGuid">{25a00e74-b36d-6970-a9e3-50cc9e620000}</Data><Data Name="ProcessId">1131</Data><Data Name="Image">/usr/lib/systemd/systemd-executor</Data><Data Name="FileVersion">-</Data><Data Name="Description">-</Data><Data Name="Product">-</Data><Data Name="Company">-</Data><Data Name="OriginalFileName">-</Data><Data Name="CommandLine">/usr/lib/systemd/systemd-executor --deserialize 94 --log-level info --log-target journal-or-kmsg</Data><Data Name="CurrentDirectory">/</Data><Data Name="User">root</Data><Data Name="LogonGuid">{25a00e74-0000-0000-0000-000000000000}</Data><Data Name="LogonId">0</Data><Data Name="TerminalSessionId">4294967295</Data><Data Name="IntegrityLevel">no level</Data><Data Name="Hashes">SHA256=a780cac7551d148b4f8cb83489067f455a5d58daa754aac3442e9ddec262a636</Data><Data Name="ParentProcessGuid">{00000000-0000-0000-0000-000000000000}</Data><Data Name="ParentProcessId">1</Data><Data Name="ParentImage">-</Data><Data Name="ParentCommandLine">-</Data><Data Name="ParentUser">-</Data></EventData></Event>
<Event><System><Provider Name="Linux-Sysmon" Guid="{ff032593-a8d3-4f13-b0d6-01fc615a0f97}"/><EventID>1</EventID><Version>5</Version><Level>4</Level><Task>1</Task><Opcode>0</Opcode><Keywords>0x8000000000000000</Keywords><TimeCreated SystemTime="2026-01-21T11:07:25.567804000Z"/><EventRecordID>17865</EventRecordID><Correlation/><Execution ProcessID="1075" ThreadID="1075"/><Channel>Linux-Sysmon/Operational</Channel><Computer>ubuntu-sysmon</Computer><Security UserId="0"/></System><EventData><Data Name="RuleName">-</Data><Data Name="UtcTime">2026-01-21 11:07:25.576</Data><Data Name="ProcessGuid">{25a00e74-b36d-6970-a943-53b784570000}</Data><Data Name="ProcessId">1132</Data><Data Name="Image">/usr/lib/systemd/systemd-executor</Data><Data Name="FileVersion">-</Data><Data Name="Description">-</Data><Data Name="Product">-</Data><Data Name="Company">-</Data><Data Name="OriginalFileName">-</Data><Data Name="CommandLine">/usr/lib/systemd/systemd-executor --deserialize 97 --log-level info --log-target journal-or-kmsg</Data><Data Name="CurrentDirectory">/</Data><Data Name="User">root</Data><Data Name="LogonGuid">{25a00e74-0000-0000-0000-000000000000}</Data><Data Name="LogonId">0</Data><Data Name="TerminalSessionId">4294967295</Data><Data Name="IntegrityLevel">no level</Data><Data Name="Hashes">SHA256=a780cac7551d148b4f8cb83489067f455a5d58daa754aac3442e9ddec262a636</Data><Data Name="ParentProcessGuid">{00000000-0000-0000-0000-000000000000}</Data><Data Name="ParentProcessId">1</Data><Data Name="ParentImage">-</Data><Data Name="ParentCommandLine">-</Data><Data Name="ParentUser">-</Data></EventData></Event>
<Event><System><Provider Name="Linux-Sysmon" Guid="{ff032593-a8d3-4f13-b0d6-01fc615a0f97}"/><EventID>1</EventID><Version>5</Version><Level>4</Level><Task>1</Task><Opcode>0</Opcode><Keywords>0x8000000000000000</Keywords><TimeCreated SystemTime="2026-01-21T11:07:25.569602000Z"/><EventRecordID>17866</EventRecordID><Correlation/><Execution ProcessID="1075" ThreadID="1075"/><Channel>Linux-Sysmon/Operational</Channel><Computer>ubuntu-sysmon</Computer><Security UserId="0"/></System><EventData><Data Name="RuleName">-</Data><Data Name="UtcTime">2026-01-21 11:07:25.578</Data><Data Name="ProcessGuid">{25a00e74-b36d-6970-a973-3f04d4610000}</Data><Data Name="ProcessId">1133</Data><Data Name="Image">/usr/lib/systemd/systemd-executor</Data><Data Name="FileVersion">-</Data><Data Name="Description">-</Data><Data Name="Product">-</Data><Data Name="Company">-</Data><Data Name="OriginalFileName">-</Data><Data Name="CommandLine">/usr/lib/systemd/systemd-executor --deserialize 99 --log-level info --log-target journal-or-kmsg</Data><Data Name="CurrentDirectory">/</Data><Data Name="User">root</Data><Data Name="LogonGuid">{25a00e74-0000-0000-0000-000000000000}</Data><Data Name="LogonId">0</Data><Data Name="TerminalSessionId">4294967295</Data><Data Name="IntegrityLevel">no level</Data><Data Name="Hashes">SHA256=a780cac7551d148b4f8cb83489067f455a5d58daa754aac3442e9ddec262a636</Data><Data Name="ParentProcessGuid">{00000000-0000-0000-0000-000000000000}</Data><Data Name="ParentProcessId">1</Data><Data Name="ParentImage">-</Data><Data Name="ParentCommandLine">-</Data><Data Name="ParentUser">-</Data></EventData></Event>
<Event><System><Provider Name="Linux-Sysmon" Guid="{ff032593-a8d3-4f13-b0d6-01fc615a0f97}"/><EventID>1</EventID><Version>5</Version><Level>4</Level><Task>1</Task><Opcode>0</Opcode><Keywords>0x8000000000000000</Keywords><TimeCreated SystemTime="2026-01-21T11:07:25.571140000Z"/><EventRecordID>17867</EventRecordID><Correlation/><Execution ProcessID="1075" ThreadID="1075"/><Channel>Linux-Sysmon/Operational</Channel><Computer>ubuntu-sysmon</Computer><Security UserId="0"/></System><EventData><Data Name="RuleName">-</Data><Data Name="UtcTime">2026-01-21 11:07:25.552</Data><Data Name="ProcessGuid">{25a00e74-b36d-6970-2184-a3594f580000}</Data><Data Name="ProcessId">1126</Data><Data Name="Image">/usr/lib/systemd/systemd-timedated</Data><Data Name="FileVersion">-</Data><Data Name="Description">-</Data><Data Name="Product">-</Data><Data Name="Company">-</Data><Data Name="OriginalFileName">-</Data><Data Name="CommandLine">/usr/lib/systemd/systemd-timedated</Data><Data Name="CurrentDirectory">/</Data><Data Name="User">root</Data><Data Name="LogonGuid">{25a00e74-0000-0000-0000-000000000000}</Data><Data Name="LogonId">0</Data><Data Name="TerminalSessionId">4294967295</Data><Data Name="IntegrityLevel">no level</Data><Data Name="Hashes">SHA256=be183af9f3a483fb01a5090e47db20677c79e9b36f19288305e8b5da1a68d02d</Data><Data Name="ParentProcessGuid">{00000000-0000-0000-0000-000000000000}</Data><Data Name="ParentProcessId">1</Data><Data Name="ParentImage">-</Data><Data Name="ParentCommandLine">-</Data><Data Name="ParentUser">-</Data></EventData></Event>
<Event><System><Provider Name="Linux-Sysmon" Guid="{ff032593-a8d3-4f13-b0d6-01fc615a0f97}"/><EventID>1</EventID><Version>5</Version><Level>4</Level><Task>1</Task><Opcode>0</Opcode><Keywords>0x8000000000000000</Keywords><TimeCreated SystemTime="2026-01-21T11:07:25.571236000Z"/><EventRecordID>17868</EventRecordID><Correlation/><Execution ProcessID="1075" ThreadID="1075"/><Channel>Linux-Sysmon/Operational</Channel><Computer>ubuntu-sysmon</Computer><Security UserId="0"/></System><EventData><Data Name="RuleName">-</Data><Data Name="UtcTime">2026-01-21 11:07:25.569</Data><Data Name="ProcessGuid">{25a00e74-b36d-6970-79a3-8666c85f0000}</Data><Data Name="ProcessId">1131</Data><Data Name="Image">/usr/bin/nm-online</Data><Data Name="FileVersion">-</Data><Data Name="Description">-</Data><Data Name="Product">-</Data><Data Name="Company">-</Data><Data Name="OriginalFileName">-</Data><Data Name="CommandLine">/usr/bin/nm-online -s -q</Data><Data Name="CurrentDirectory">/</Data><Data Name="User">root</Data><Data Name="LogonGuid">{25a00e74-0000-0000-0000-000000000000}</Data><Data Name="LogonId">0</Data><Data Name="TerminalSessionId">4294967295</Data><Data Name="IntegrityLevel">no level</Data><Data Name="Hashes">SHA256=f99dcaca61738123887d4ea62a709c5e6651279bd8eea87278267a7096f8193d</Data><Data Name="ParentProcessGuid">{00000000-0000-0000-0000-000000000000}</Data><Data Name="ParentProcessId">1</Data><Data Name="ParentImage">-</Data><Data Name="ParentCommandLine">-</Data><Data Name="ParentUser">-</Data></EventData></Event>
<Event><System><Provider Name="Linux-Sysmon" Guid="{ff032593-a8d3-4f13-b0d6-01fc615a0f97}"/><EventID>1</EventID><Version>5</Version><Level>4</Level><Task>1</Task><Opcode>0</Opcode><Keywords>0x8000000000000000</Keywords><TimeCreated SystemTime="2026-01-21T11:07:25.573984000Z"/><EventRecordID>17869</EventRecordID><Correlation/><Execution ProcessID="1075" ThreadID="1075"/><Channel>Linux-Sysmon/Operational</Channel><Computer>ubuntu-sysmon</Computer><Security UserId="0"/></System><EventData><Data Name="RuleName">-</Data><Data Name="UtcTime">2026-01-21 11:07:25.576</Data><Data Name="ProcessGuid">{25a00e74-b36d-6970-d5b0-34aad65f0000}</Data><Data Name="ProcessId">1132</Data><Data Name="Image">/usr/sbin/cupsd</Data><Data Name="FileVersion">-</Data><Data Name="Description">-</Data><Data Name="Product">-</Data><Data Name="Company">-</Data><Data Name="OriginalFileName">-</Data><Data Name="CommandLine">/usr/sbin/cupsd -l</Data><Data Name="CurrentDirectory">/</Data><Data Name="User">root</Data><Data Name="LogonGuid">{25a00e74-0000-0000-0000-000000000000}</Data><Data Name="LogonId">0</Data><Data Name="TerminalSessionId">4294967295</Data><Data Name="IntegrityLevel">no level</Data><Data Name="Hashes">SHA256=512e18d599ff621dd9e6fa220aaf36badd5d08f4d8a9f8fbdc6c00256ca2c5d1</Data><Data Name="ParentProcessGuid">{00000000-0000-0000-0000-000000000000}</Data><Data Name="ParentProcessId">1</Data><Data Name="ParentImage">-</Data><Data Name="ParentCommandLine">-</Data><Data Name="ParentUser">-</Data></EventData></Event>
<Event><System><Provider Name="Linux-Sysmon" Guid="{ff032593-a8d3-4f13-b0d6-01fc615a0f97}"/><EventID>1</EventID><Version>5</Version><Level>4</Level><Task>1</Task><Opcode>0</Opcode><Keywords>0x8000000000000000</Keywords><TimeCreated SystemTime="2026-01-21T11:07:25.576627000Z"/><EventRecordID>17870</EventRecordID><Correlation/><Execution ProcessID="1075" ThreadID="1075"/><Channel>Linux-Sysmon/Operational</Channel><Computer>ubuntu-sysmon</Computer><Security UserId="0"/></System><EventData><Data Name="RuleName">-</Data><Data Name="UtcTime">2026-01-21 11:07:25.585</Data><Data Name="ProcessGuid">{25a00e74-b36d-6970-a913-838a5d5e0000}</Data><Data Name="ProcessId">1137</Data><Data Name="Image">/usr/lib/systemd/systemd-executor</Data><Data Name="FileVersion">-</Data><Data Name="Description">-</Data><Data Name="Product">-</Data><Data Name="Company">-</Data><Data Name="OriginalFileName">-</Data><Data Name="CommandLine">/usr/lib/systemd/systemd-executor --deserialize 101 --log-level info --log-target journal-or-kmsg</Data><Data Name="CurrentDirectory">/</Data><Data Name="User">root</Data><Data Name="LogonGuid">{25a00e74-0000-0000-0000-000000000000}</Data><Data Name="LogonId">0</Data><Data Name="TerminalSessionId">4294967295</Data><Data Name="IntegrityLevel">no level</Data><Data Name="Hashes">SHA256=a780cac7551d148b4f8cb83489067f455a5d58daa754aac3442e9ddec262a636</Data><Data Name="ParentProcessGuid">{00000000-0000-0000-0000-000000000000}</Data><Data Name="ParentProcessId">1</Data><Data Name="ParentImage">-</Data><Data Name="ParentCommandLine">-</Data><Data Name="ParentUser">-</Data></EventData></Event>
<Event><System><Provider Name="Linux-Sysmon" Guid="{ff032593-a8d3-4f13-b0d6-01fc615a0f97}"/><EventID>1</EventID><Version>5</Version><Level>4</Level><Task>1</Task><Opcode>0</Opcode><Keywords>0x8000000000000000</Keywords><TimeCreated SystemTime="2026-01-21T11:07:25.577746000Z"/><EventRecordID>17871</EventRecordID><Correlation/><Execution ProcessID="1075" ThreadID="1075"/><Channel>Linux-Sysmon/Operational</Channel><Computer>ubuntu-sysmon</Computer><Security UserId="0"/></System><EventData><Data Name="RuleName">-</Data><Data Name="UtcTime">2026-01-21 11:07:25.578</Data><Data Name="ProcessGuid">{25a00e74-b36d-6970-b17e-afb12e560000}</Data><Data Name="ProcessId">1133</Data><Data Name="Image">/usr/bin/true</Data><Data Name="FileVersion">-</Data><Data Name="Description">-</Data><Data Name="Product">-</Data><Data Name="Company">-</Data><Data Name="OriginalFileName">-</Data><Data Name="CommandLine">/bin/true</Data><Data Name="CurrentDirectory">/etc/openvpn</Data><Data Name="User">root</Data><Data Name="LogonGuid">{25a00e74-0000-0000-0000-000000000000}</Data><Data Name="LogonId">0</Data><Data Name="TerminalSessionId">4294967295</Data><Data Name="IntegrityLevel">no level</Data><Data Name="Hashes">SHA256=7e419b0d95e2ae12993878ad13ad4b911ce5464c15cde7a6adce2fca7ee22706</Data><Data Name="ParentProcessGuid">{00000000-0000-0000-0000-000000000000}</Data><Data Name="ParentProcessId">1</Data><Data Name="ParentImage">-</Data><Data Name="ParentCommandLine">-</Data><Data Name="ParentUser">-</Data></EventData></Event>
<Event><System><Provider Name="Linux-Sysmon" Guid="{ff032593-a8d3-4f13-b0d6-01fc615a0f97}"/><EventID>5</EventID><Version>3</Version><Level>4</Level><Task>5</Task><Opcode>0</Opcode><Keywords>0x8000000000000000</Keywords><TimeCreated SystemTime="2026-01-21T11:07:25.578677000Z"/><EventRecordID>17872</EventRecordID><Correlation/><Execution ProcessID="1075" ThreadID="1075"/><Channel>Linux-Sysmon/Operational</Channel><Computer>ubuntu-sysmon</Computer><Security UserId="0"/></System><EventData><Data Name="RuleName">-</Data><Data Name="UtcTime">2026-01-21 11:07:25.587</Data><Data Name="ProcessGuid">{25a00e74-b36d-6970-b17e-afb12e560000}</Data><Data Name="ProcessId">1133</Data><Data Name="Image">/usr/bin/true</Data><Data Name="User">root</Data></EventData></Event>
<Event><System><Provider Name="Linux-Sysmon" Guid="{ff032593-a8d3-4f13-b0d6-01fc615a0f97}"/><EventID>1</EventID><Version>5</Version><Level>4</Level><Task>1</Task><Opcode>0</Opcode><Keywords>0x8000000000000000</Keywords><TimeCreated SystemTime="2026-01-21T11:07:25.580219000Z"/><EventRecordID>17873</EventRecordID><Correlation/><Execution ProcessID="1075" ThreadID="1075"/><Channel>Linux-Sysmon/Operational</Channel><Computer>ubuntu-sysmon</Computer><Security UserId="0"/></System><EventData><Data Name="RuleName">-</Data><Data Name="UtcTime">2026-01-21 11:07:25.587</Data><Data Name="ProcessGuid">{25a00e74-b36d-6970-a9f3-30dd26570000}</Data><Data Name="ProcessId">1139</Data><Data Name="Image">/usr/lib/systemd/systemd-executor</Data><Data Name="FileVersion">-</Data><Data Name="Description">-</Data><Data Name="Product">-</Data><Data Name="Company">-</Data><Data Name="OriginalFileName">-</Data><Data Name="CommandLine">/usr/lib/systemd/systemd-executor --deserialize 103 --log-level info --log-target journal-or-kmsg</Data><Data Name="CurrentDirectory">/</Data><Data Name="User">root</Data><Data Name="LogonGuid">{25a00e74-0000-0000-0000-000000000000}</Data><Data Name="LogonId">0</Data><Data Name="TerminalSessionId">4294967295</Data><Data Name="IntegrityLevel">no level</Data><Data Name="Hashes">SHA256=a780cac7551d148b4f8cb83489067f455a5d58daa754aac3442e9ddec262a636</Data><Data Name="ParentProcessGuid">{00000000-0000-0000-0000-000000000000}</Data><Data Name="ParentProcessId">1</Data><Data Name="ParentImage">-</Data><Data Name="ParentCommandLine">-</Data><Data Name="ParentUser">-</Data></EventData></Event>
<Event><System><Provider Name="Linux-Sysmon" Guid="{ff032593-a8d3-4f13-b0d6-01fc615a0f97}"/><EventID>1</EventID><Version>5</Version><Level>4</Level><Task>1</Task><Opcode>0</Opcode><Keywords>0x8000000000000000</Keywords><TimeCreated SystemTime="2026-01-21T11:07:25.585719000Z"/><EventRecordID>17874</EventRecordID><Correlation/><Execution ProcessID="1075" ThreadID="1075"/><Channel>Linux-Sysmon/Operational</Channel><Computer>ubuntu-sysmon</Computer><Security UserId="0"/></System><EventData><Data Name="RuleName">-</Data><Data Name="UtcTime">2026-01-21 11:07:25.585</Data><Data Name="ProcessGuid">{25a00e74-b36d-6970-d9e5-4c8f23580000}</Data><Data Name="ProcessId">1137</Data><Data Name="Image">/usr/lib/systemd/systemd-user-sessions</Data><Data Name="FileVersion">-</Data><Data Name="Description">-</Data><Data Name="Product">-</Data><Data Name="Company">-</Data><Data Name="OriginalFileName">-</Data><Data Name="CommandLine">/usr/lib/systemd/systemd-user-sessions start</Data><Data Name="CurrentDirectory">/</Data><Data Name="User">root</Data><Data Name="LogonGuid">{25a00e74-0000-0000-0000-000000000000}</Data><Data Name="LogonId">0</Data><Data Name="TerminalSessionId">4294967295</Data><Data Name="IntegrityLevel">no level</Data><Data Name="Hashes">SHA256=420a2cd29271cce8dc941fafc66886a1d55ef158b6056c9362d538b8163fef94</Data><Data Name="ParentProcessGuid">{00000000-0000-0000-0000-000000000000}</Data><Data Name="ParentProcessId">1</Data><Data Name="ParentImage">-</Data><Data Name="ParentCommandLine">-</Data><Data Name="ParentUser">-</Data></EventData></Event>
<Event><System><Provider Name="Linux-Sysmon" Guid="{ff032593-a8d3-4f13-b0d6-01fc615a0f97}"/><EventID>5</EventID><Version>3</Version><Level>4</Level><Task>5</Task><Opcode>0</Opcode><Keywords>0x8000000000000000</Keywords><TimeCreated SystemTime="2026-01-21T11:07:25.587963000Z"/><EventRecordID>17875</EventRecordID><Correlation/><Execution ProcessID="1075" ThreadID="1075"/><Channel>Linux-Sysmon/Operational</Channel><Computer>ubuntu-sysmon</Computer><Security UserId="0"/></System><EventData><Data Name="RuleName">-</Data><Data Name="UtcTime">2026-01-21 11:07:25.596</Data><Data Name="ProcessGuid">{25a00e74-b36d-6970-d9e5-4c8f23580000}</Data><Data Name="ProcessId">1137</Data><Data Name="Image">/usr/lib/systemd/systemd-user-sessions</Data><Data Name="User">root</Data></EventData></Event>
<Event><System><Provider Name="Linux-Sysmon" Guid="{ff032593-a8d3-4f13-b0d6-01fc615a0f97}"/><EventID>5</EventID><Version>3</Version><Level>4</Level><Task>5</Task><Opcode>0</Opcode><Keywords>0x8000000000000000</Keywords><TimeCreated SystemTime="2026-01-21T11:07:25.588004000Z"/><EventRecordID>17876</EventRecordID><Correlation/><Execution ProcessID="1075" ThreadID="1075"/><Channel>Linux-Sysmon/Operational</Channel><Computer>ubuntu-sysmon</Computer><Security UserId="0"/></System><EventData><Data Name="RuleName">-</Data><Data Name="UtcTime">2026-01-21 11:07:25.596</Data><Data Name="ProcessGuid">{00000000-0000-0000-0000-000000000000}</Data><Data Name="ProcessId">1140</Data><Data Name="Image">&lt;unknown process&gt;</Data><Data Name="User">root</Data></EventData></Event>
<Event><System><Provider Name="Linux-Sysmon" Guid="{ff032593-a8d3-4f13-b0d6-01fc615a0f97}"/><EventID>5</EventID><Version>3</Version><Level>4</Level><Task>5</Task><Opcode>0</Opcode><Keywords>0x8000000000000000</Keywords><TimeCreated SystemTime="2026-01-21T11:07:25.588583000Z"/><EventRecordID>17877</EventRecordID><Correlation/><Execution ProcessID="1075" ThreadID="1075"/><Channel>Linux-Sysmon/Operational</Channel><Computer>ubuntu-sysmon</Computer><Security UserId="0"/></System><EventData><Data Name="RuleName">-</Data><Data Name="UtcTime">2026-01-21 11:07:25.597</Data><Data Name="ProcessGuid">{25a00e74-b36d-6970-0000-000000000000}</Data><Data Name="ProcessId">1141</Data><Data Name="Image">-</Data><Data Name="User">root</Data></EventData></Event>
<Event><System><Provider Name="Linux-Sysmon" Guid="{ff032593-a8d3-4f13-b0d6-01fc615a0f97}"/><EventID>1</EventID><Version>5</Version><Level>4</Level><Task>1</Task><Opcode>0</Opcode><Keywords>0x8000000000000000</Keywords><TimeCreated SystemTime="2026-01-21T11:07:25.600856000Z"/><EventRecordID>17878</EventRecordID><Correlation/><Execution ProcessID="1075" ThreadID="1075"/><Channel>Linux-Sysmon/Operational</Channel><Computer>ubuntu-sysmon</Computer><Security UserId="0"/></System><EventData><Data Name="RuleName">-</Data><Data Name="UtcTime">2026-01-21 11:07:25.587</Data><Data Name="ProcessGuid">{25a00e74-b36d-6970-dd23-700000000000}</Data><Data Name="ProcessId">1139</Data><Data Name="Image">/usr/bin/python3.12</Data><Data Name="FileVersion">-</Data><Data Name="Description">-</Data><Data Name="Product">-</Data><Data Name="Company">-</Data><Data Name="OriginalFileName">-</Data><Data Name="CommandLine">/usr/bin/python3 /usr/share/unattended-upgrades/unattended-upgrade-shutdown --wait-for-signal</Data><Data Name="CurrentDirectory">/</Data><Data Name="User">root</Data><Data Name="LogonGuid">{25a00e74-0000-0000-0000-000000000000}</Data><Data Name="LogonId">0</Data><Data Name="TerminalSessionId">4294967295</Data><Data Name="IntegrityLevel">no level</Data><Data Name="Hashes">SHA256=df2bb64c335c6096abfe779d140288d2ff1f66d033f7472986e3032854e5c9ee</Data><Data Name="ParentProcessGuid">{00000000-0000-0000-0000-000000000000}</Data><Data Name="ParentProcessId">1</Data><Data Name="ParentImage">-</Data><Data Name="ParentCommandLine">-</Data><Data Name="ParentUser">-</Data></EventData></Event>
<Event><System><Provider Name="Linux-Sysmon" Guid="{ff032593-a8d3-4f13-b0d6-01fc615a0f97}"/><EventID>1</EventID><Version>5</Version><Level>4</Level><Task>1</Task><Opcode>0</Opcode><Keywords>0x8000000000000000</Keywords><TimeCreated SystemTime="2026-01-21T11:07:25.602656000Z"/><EventRecordID>17879</EventRecordID><Correlation/><Execution ProcessID="1075" ThreadID="1075"/><Channel>Linux-Sysmon/Operational</Channel><Computer>ubuntu-sysmon</Computer><Security UserId="0"/></System><EventData><Data Name="RuleName">-</Data><Data Name="UtcTime">2026-01-21 11:07:25.599</Data><Data Name="ProcessGuid">{25a00e74-b36d-6970-a903-c28baa640000}</Data><Data Name="ProcessId">1142</Data><Data Name="Image">/usr/lib/systemd/systemd-executor</Data><Data Name="FileVersion">-</Data><Data Name="Description">-</Data><Data Name="Product">-</Data><Data Name="Company">-</Data><Data Name="OriginalFileName">-</Data><Data Name="CommandLine">/usr/lib/systemd/systemd-executor --deserialize 99 --log-level info --log-target journal-or-kmsg</Data><Data Name="CurrentDirectory">/</Data><Data Name="User">root</Data><Data Name="LogonGuid">{25a00e74-0000-0000-0000-000000000000}</Data><Data Name="LogonId">0</Data><Data Name="TerminalSessionId">4294967295</Data><Data Name="IntegrityLevel">no level</Data><Data Name="Hashes">SHA256=a780cac7551d148b4f8cb83489067f455a5d58daa754aac3442e9ddec262a636</Data><Data Name="ParentProcessGuid">{00000000-0000-0000-0000-000000000000}</Data><Data Name="ParentProcessId">1</Data><Data Name="ParentImage">-</Data><Data Name="ParentCommandLine">-</Data><Data Name="ParentUser">-</Data></EventData></Event>
<Event><System><Provider Name="Linux-Sysmon" Guid="{ff032593-a8d3-4f13-b0d6-01fc615a0f97}"/><EventID>1</EventID><Version>5</Version><Level>4</Level><Task>1</Task><Opcode>0</Opcode><Keywords>0x8000000000000000</Keywords><TimeCreated SystemTime="2026-01-21T11:07:25.603535000Z"/><EventRecordID>17880</EventRecordID><Correlation/><Execution ProcessID="1075" ThreadID="1075"/><Channel>Linux-Sysmon/Operational</Channel><Computer>ubuntu-sysmon</Computer><Security UserId="0"/></System><EventData><Data Name="RuleName">-</Data><Data Name="UtcTime">2026-01-21 11:07:25.602</Data><Data Name="ProcessGuid">{25a00e74-b36d-6970-a9d3-6d0fe2590000}</Data><Data Name="ProcessId">1143</Data><Data Name="Image">/usr/lib/systemd/systemd-executor</Data><Data Name="FileVersion">-</Data><Data Name="Description">-</Data><Data Name="Product">-</Data><Data Name="Company">-</Data><Data Name="OriginalFileName">-</Data><Data Name="CommandLine">/usr/lib/systemd/systemd-executor --deserialize 101 --log-level info --log-target journal-or-kmsg</Data><Data Name="CurrentDirectory">/</Data><Data Name="User">root</Data><Data Name="LogonGuid">{25a00e74-0000-0000-0000-000000000000}</Data><Data Name="LogonId">0</Data><Data Name="TerminalSessionId">4294967295</Data><Data Name="IntegrityLevel">no level</Data><Data Name="Hashes">SHA256=a780cac7551d148b4f8cb83489067f455a5d58daa754aac3442e9ddec262a636</Data><Data Name="ParentProcessGuid">{00000000-0000-0000-0000-000000000000}</Data><Data Name="ParentProcessId">1</Data><Data Name="ParentImage">-</Data><Data Name="ParentCommandLine">-</Data><Data Name="ParentUser">-</Data></EventData></Event>
<Event><System><Provider Name="Linux-Sysmon" Guid="{ff032593-a8d3-4f13-b0d6-01fc615a0f97}"/><EventID>1</EventID><Version>5</Version><Level>4</Level><Task>1</Task><Opcode>0</Opcode><Keywords>0x8000000000000000</Keywords><TimeCreated SystemTime="2026-01-21T11:07:25.603598000Z"/><EventRecordID>17881</EventRecordID><Correlation/><Execution ProcessID="1075" ThreadID="1075"/><Channel>Linux-Sysmon/Operational</Channel><Computer>ubuntu-sysmon</Computer><Security UserId="0"/></System><EventData><Data Name="RuleName">-</Data><Data Name="UtcTime">2026-01-21 11:07:25.602</Data><Data Name="ProcessGuid">{25a00e74-b36d-6970-21f7-51ff07650000}</Data><Data Name="ProcessId">1143</Data><Data Name="Image">/usr/bin/plymouth</Data><Data Name="FileVersion">-</Data><Data Name="Description">-</Data><Data Name="Product">-</Data><Data Name="Company">-</Data><Data Name="OriginalFileName">-</Data><Data Name="CommandLine">/usr/bin/plymouth --wait</Data><Data Name="CurrentDirectory">/</Data><Data Name="User">root</Data><Data Name="LogonGuid">{25a00e74-0000-0000-0000-000000000000}</Data><Data Name="LogonId">0</Data><Data Name="TerminalSessionId">4294967295</Data><Data Name="IntegrityLevel">no level</Data><Data Name="Hashes">SHA256=da7077743ad938d9c2e0185d09d5120ca56de9a6bdff9976c2a47fbe831ed54b</Data><Data Name="ParentProcessGuid">{00000000-0000-0000-0000-000000000000}</Data><Data Name="ParentProcessId">1</Data><Data Name="ParentImage">-</Data><Data Name="ParentCommandLine">-</Data><Data Name="ParentUser">-</Data></EventData></Event>
<Event><System><Provider Name="Linux-Sysmon" Guid="{ff032593-a8d3-4f13-b0d6-01fc615a0f97}"/><EventID>1</EventID><Version>5</Version><Level>4</Level><Task>1</Task><Opcode>0</Opcode><Keywords>0x8000000000000000</Keywords><TimeCreated SystemTime="2026-01-21T11:07:25.603696000Z"/><EventRecordID>17882</EventRecordID><Correlation/><Execution ProcessID="1075" ThreadID="1075"/><Channel>Linux-Sysmon/Operational</Channel><Computer>ubuntu-sysmon</Computer><Security UserId="0"/></System><EventData><Data Name="RuleName">-</Data><Data Name="UtcTime">2026-01-21 11:07:25.608</Data><Data Name="ProcessGuid">{25a00e74-b36d-6970-d1cd-49f0165c0000}</Data><Data Name="ProcessId">1144</Data><Data Name="Image">/usr/bin/install</Data><Data Name="FileVersion">-</Data><Data Name="Description">-</Data><Data Name="Product">-</Data><Data Name="Company">-</Data><Data Name="OriginalFileName">-</Data><Data Name="CommandLine">install -d /var/lib</Data><Data Name="CurrentDirectory">/</Data><Data Name="User">root</Data><Data Name="LogonGuid">{25a00e74-0000-0000-0000-000000000000}</Data><Data Name="LogonId">0</Data><Data Name="TerminalSessionId">4294967295</Data><Data Name="IntegrityLevel">no level</Data><Data Name="Hashes">SHA256=b4663b43190ea551f682cfac9500f3f4f6e94890d8ce8822bb81a819f15dab00</Data><Data Name="ParentProcessGuid">{25a00e74-b36d-6970-a903-c28baa640000}</Data><Data Name="ParentProcessId">1142</Data><Data Name="ParentImage">/usr/lib/systemd/systemd-executor</Data><Data Name="ParentCommandLine">/usr/lib/systemd/systemd-executor</Data><Data Name="ParentUser">root</Data></EventData></Event>
<Event><System><Provider Name="Linux-Sysmon" Guid="{ff032593-a8d3-4f13-b0d6-01fc615a0f97}"/><EventID>5</EventID><Version>3</Version><Level>4</Level><Task>5</Task><Opcode>0</Opcode><Keywords>0x8000000000000000</Keywords><TimeCreated SystemTime="2026-01-21T11:07:25.603716000Z"/><EventRecordID>17883</EventRecordID><Correlation/><Execution ProcessID="1075" ThreadID="1075"/><Channel>Linux-Sysmon/Operational</Channel><Computer>ubuntu-sysmon</Computer><Security UserId="0"/></System><EventData><Data Name="RuleName">-</Data><Data Name="UtcTime">2026-01-21 11:07:25.609</Data><Data Name="ProcessGuid">{25a00e74-b36d-6970-d1cd-49f0165c0000}</Data><Data Name="ProcessId">1144</Data><Data Name="Image">/usr/bin/install</Data><Data Name="User">root</Data></EventData></Event>
<Event><System><Provider Name="Linux-Sysmon" Guid="{ff032593-a8d3-4f13-b0d6-01fc615a0f97}"/><EventID>1</EventID><Version>5</Version><Level>4</Level><Task>1</Task><Opcode>0</Opcode><Keywords>0x8000000000000000</Keywords><TimeCreated SystemTime="2026-01-21T11:07:25.603799000Z"/><EventRecordID>17884</EventRecordID><Correlation/><Execution ProcessID="1075" ThreadID="1075"/><Channel>Linux-Sysmon/Operational</Channel><Computer>ubuntu-sysmon</Computer><Security UserId="0"/></System><EventData><Data Name="RuleName">-</Data><Data Name="UtcTime">2026-01-21 11:07:25.599</Data><Data Name="ProcessGuid">{25a00e74-b36d-6970-1d48-3c8f1e5d0000}</Data><Data Name="ProcessId">1142</Data><Data Name="Image">/usr/bin/dash</Data><Data Name="FileVersion">-</Data><Data Name="Description">-</Data><Data Name="Product">-</Data><Data Name="Company">-</Data><Data Name="OriginalFileName">-</Data><Data Name="CommandLine">/bin/sh /usr/share/gdm/generate-config</Data><Data Name="CurrentDirectory">/</Data><Data Name="User">root</Data><Data Name="LogonGuid">{25a00e74-0000-0000-0000-000000000000}</Data><Data Name="LogonId">0</Data><Data Name="TerminalSessionId">4294967295</Data><Data Name="IntegrityLevel">no level</Data><Data Name="Hashes">SHA256=86d31f6fb799e91fa21bad341484564510ca287703a16e9e46c53338776f4f42</Data><Data Name="ParentProcessGuid">{00000000-0000-0000-0000-000000000000}</Data><Data Name="ParentProcessId">1</Data><Data Name="ParentImage">-</Data><Data Name="ParentCommandLine">-</Data><Data Name="ParentUser">-</Data></EventData></Event>
<Event><System><Provider Name="Linux-Sysmon" Guid="{ff032593-a8d3-4f13-b0d6-01fc615a0f97}"/><EventID>1</EventID><Version>5</Version><Level>4</Level><Task>1</Task><Opcode>0</Opcode><Keywords>0x8000000000000000</Keywords><TimeCreated SystemTime="2026-01-21T11:07:25.603892000Z"/><EventRecordID>17885</EventRecordID><Correlation/><Execution ProcessID="1075" ThreadID="1075"/><Channel>Linux-Sysmon/Operational</Channel><Computer>ubuntu-sysmon</Computer><Security UserId="0"/></System><EventData><Data Name="RuleName">-</Data><Data Name="UtcTime">2026-01-21 11:07:25.610</Data><Data Name="ProcessGuid">{25a00e74-b36d-6970-d11d-085b4d5b0000}</Data><Data Name="ProcessId">1146</Data><Data Name="Image">/usr/bin/install</Data><Data Name="FileVersion">-</Data><Data Name="Description">-</Data><Data Name="Product">-</Data><Data Name="Company">-</Data><Data Name="OriginalFileName">-</Data><Data Name="CommandLine">install -m711 -ogdm -ggdm -d /var/lib/gdm3</Data><Data Name="CurrentDirectory">/</Data><Data Name="User">root</Data><Data Name="LogonGuid">{25a00e74-0000-0000-0000-000000000000}</Data><Data Name="LogonId">0</Data><Data Name="TerminalSessionId">4294967295</Data><Data Name="IntegrityLevel">no level</Data><Data Name="Hashes">SHA256=b4663b43190ea551f682cfac9500f3f4f6e94890d8ce8822bb81a819f15dab00</Data><Data Name="ParentProcessGuid">{25a00e74-b36d-6970-1d48-3c8f1e5d0000}</Data><Data Name="ParentProcessId">1142</Data><Data Name="ParentImage">/usr/bin/dash</Data><Data Name="ParentCommandLine">/bin/sh</Data><Data Name="ParentUser">root</Data></EventData></Event>
<Event><System><Provider Name="Linux-Sysmon" Guid="{ff032593-a8d3-4f13-b0d6-01fc615a0f97}"/><EventID>5</EventID><Version>3</Version><Level>4</Level><Task>5</Task><Opcode>0</Opcode><Keywords>0x8000000000000000</Keywords><TimeCreated SystemTime="2026-01-21T11:07:25.603906000Z"/><EventRecordID>17886</EventRecordID><Correlation/><Execution ProcessID="1075" ThreadID="1075"/><Channel>Linux-Sysmon/Operational</Channel><Computer>ubuntu-sysmon</Computer><Security UserId="0"/></System><EventData><Data Name="RuleName">-</Data><Data Name="UtcTime">2026-01-21 11:07:25.611</Data><Data Name="ProcessGuid">{25a00e74-b36d-6970-d11d-085b4d5b0000}</Data><Data Name="ProcessId">1146</Data><Data Name="Image">/usr/bin/install</Data><Data Name="User">root</Data></EventData></Event>
<Event><System><Provider Name="Linux-Sysmon" Guid="{ff032593-a8d3-4f13-b0d6-01fc615a0f97}"/><EventID>1</EventID><Version>5</Version><Level>4</Level><Task>1</Task><Opcode>0</Opcode><Keywords>0x8000000000000000</Keywords><TimeCreated SystemTime="2026-01-21T11:07:25.603932000Z"/><EventRecordID>17887</EventRecordID><Correlation/><Execution ProcessID="1075" ThreadID="1075"/><Channel>Linux-Sysmon/Operational</Channel><Computer>ubuntu-sysmon</Computer><Security UserId="0"/></System><EventData><Data Name="RuleName">-</Data><Data Name="UtcTime">2026-01-21 11:07:25.611</Data><Data Name="ProcessGuid">{25a00e74-b36d-6970-e14a-c582ad580000}</Data><Data Name="ProcessId">1147</Data><Data Name="Image">/usr/bin/setsid</Data><Data Name="FileVersion">-</Data><Data Name="Description">-</Data><Data Name="Product">-</Data><Data Name="Company">-</Data><Data Name="OriginalFileName">-</Data><Data Name="CommandLine">setsid setpriv --reuid gdm --regid gdm --init-groups --no-new-privs --inh-caps=-all --reset-env -- dconf compile /var/lib/gdm3/greeter-dconf-defaults /usr/share/gdm/dconf</Data><Data Name="CurrentDirectory">/</Data><Data Name="User">root</Data><Data Name="LogonGuid">{25a00e74-0000-0000-0000-000000000000}</Data><Data Name="LogonId">0</Data><Data Name="TerminalSessionId">4294967295</Data><Data Name="IntegrityLevel">no level</Data><Data Name="Hashes">SHA256=7950485ffaafa48ec685b05adeabf1cc84d55515afccd30e776270888db6b98f</Data><Data Name="ParentProcessGuid">{25a00e74-b36d-6970-1d48-3c8f1e5d0000}</Data><Data Name="ParentProcessId">1142</Data><Data Name="ParentImage">/usr/bin/dash</Data><Data Name="ParentCommandLine">/bin/sh</Data><Data Name="ParentUser">root</Data></EventData></Event>
<Event><System><Provider Name="Linux-Sysmon" Guid="{ff032593-a8d3-4f13-b0d6-01fc615a0f97}"/><EventID>1</EventID><Version>5</Version><Level>4</Level><Task>1</Task><Opcode>0</Opcode><Keywords>0x8000000000000000</Keywords><TimeCreated SystemTime="2026-01-21T11:07:25.603961000Z"/><EventRecordID>17888</EventRecordID><Correlation/><Execution ProcessID="1075" ThreadID="1075"/><Channel>Linux-Sysmon/Operational</Channel><Computer>ubuntu-sysmon</Computer><Security UserId="0"/></System><EventData><Data Name="RuleName">-</Data><Data Name="UtcTime">2026-01-21 11:07:25.612</Data><Data Name="ProcessGuid">{25a00e74-b36d-6970-691b-44fc0b630000}</Data><Data Name="ProcessId">1148</Data><Data Name="Image">/usr/bin/systemd-detect-virt</Data><Data Name="FileVersion">-</Data><Data Name="Description">-</Data><Data Name="Product">-</Data><Data Name="Company">-</Data><Data Name="OriginalFileName">-</Data><Data Name="CommandLine">systemd-detect-virt --container</Data><Data Name="CurrentDirectory">/</Data><Data Name="User">root</Data><Data Name="LogonGuid">{25a00e74-0000-0000-0000-000000000000}</Data><Data Name="LogonId">0</Data><Data Name="TerminalSessionId">4294967295</Data><Data Name="IntegrityLevel">no level</Data><Data Name="Hashes">SHA256=b7de954af238f098b23cce290ea9ef3021e9849fc0b76f94f7ad27be352e85fb</Data><Data Name="ParentProcessGuid">{00000000-0000-0000-0000-000000000000}</Data><Data Name="ParentProcessId">933</Data><Data Name="ParentImage">-</Data><Data Name="ParentCommandLine">-</Data><Data Name="ParentUser">-</Data></EventData></Event>
<Event><System><Provider Name="Linux-Sysmon" Guid="{ff032593-a8d3-4f13-b0d6-01fc615a0f97}"/><EventID>1</EventID><Version>5</Version><Level>4</Level><Task>1</Task><Opcode>0</Opcode><Keywords>0x8000000000000000</Keywords><TimeCreated SystemTime="2026-01-21T11:07:25.603994000Z"/><EventRecordID>17889</EventRecordID><Correlation/><Execution ProcessID="1075" ThreadID="1075"/><Channel>Linux-Sysmon/Operational</Channel><Computer>ubuntu-sysmon</Computer><Security UserId="0"/></System><EventData><Data Name="RuleName">-</Data><Data Name="UtcTime">2026-01-21 11:07:25.609</Data><Data Name="ProcessGuid">{25a00e74-b36d-6970-697b-f77faf5b0000}</Data><Data Name="ProcessId">1145</Data><Data Name="Image">/usr/bin/systemd-detect-virt</Data><Data Name="FileVersion">-</Data><Data Name="Description">-</Data><Data Name="Product">-</Data><Data Name="Company">-</Data><Data Name="OriginalFileName">-</Data><Data Name="CommandLine">systemd-detect-virt --container</Data><Data Name="CurrentDirectory">/</Data><Data Name="User">root</Data><Data Name="LogonGuid">{25a00e74-0000-0000-0000-000000000000}</Data><Data Name="LogonId">0</Data><Data Name="TerminalSessionId">4294967295</Data><Data Name="IntegrityLevel">no level</Data><Data Name="Hashes">SHA256=b7de954af238f098b23cce290ea9ef3021e9849fc0b76f94f7ad27be352e85fb</Data><Data Name="ParentProcessGuid">{00000000-0000-0000-0000-000000000000}</Data><Data Name="ParentProcessId">933</Data><Data Name="ParentImage">-</Data><Data Name="ParentCommandLine">-</Data><Data Name="ParentUser">-</Data></EventData></Event>
<Event><System><Provider Name="Linux-Sysmon" Guid="{ff032593-a8d3-4f13-b0d6-01fc615a0f97}"/><EventID>5</EventID><Version>3</Version><Level>4</Level><Task>5</Task><Opcode>0</Opcode><Keywords>0x8000000000000000</Keywords><TimeCreated SystemTime="2026-01-21T11:07:25.604007000Z"/><EventRecordID>17890</EventRecordID><Correlation/><Execution ProcessID="1075" ThreadID="1075"/><Channel>Linux-Sysmon/Operational</Channel><Computer>ubuntu-sysmon</Computer><Security UserId="0"/></System><EventData><Data Name="RuleName">-</Data><Data Name="UtcTime">2026-01-21 11:07:25.612</Data><Data Name="ProcessGuid">{25a00e74-b36d-6970-697b-f77faf5b0000}</Data><Data Name="ProcessId">1145</Data><Data Name="Image">/usr/bin/systemd-detect-virt</Data><Data Name="User">root</Data></EventData></Event>
<Event><System><Provider Name="Linux-Sysmon" Guid="{ff032593-a8d3-4f13-b0d6-01fc615a0f97}"/><EventID>5</EventID><Version>3</Version><Level>4</Level><Task>5</Task><Opcode>0</Opcode><Keywords>0x8000000000000000</Keywords><TimeCreated SystemTime="2026-01-21T11:07:25.607850000Z"/><EventRecordID>17891</EventRecordID><Correlation/><Execution ProcessID="1075" ThreadID="1075"/><Channel>Linux-Sysmon/Operational</Channel><Computer>ubuntu-sysmon</Computer><Security UserId="0"/></System><EventData><Data Name="RuleName">-</Data><Data Name="UtcTime">2026-01-21 11:07:25.617</Data><Data Name="ProcessGuid">{25a00e74-b36d-6970-691b-44fc0b630000}</Data><Data Name="ProcessId">1148</Data><Data Name="Image">/usr/bin/systemd-detect-virt</Data><Data Name="User">root</Data></EventData></Event>
<Event><System><Provider Name="Linux-Sysmon" Guid="{ff032593-a8d3-4f13-b0d6-01fc615a0f97}"/><EventID>1</EventID><Version>5</Version><Level>4</Level><Task>1</Task><Opcode>0</Opcode><Keywords>0x8000000000000000</Keywords><TimeCreated SystemTime="2026-01-21T11:07:25.608467000Z"/><EventRecordID>17892</EventRecordID><Correlation/><Execution ProcessID="1075" ThreadID="1075"/><Channel>Linux-Sysmon/Operational</Channel><Computer>ubuntu-sysmon</Computer><Security UserId="0"/></System><EventData><Data Name="RuleName">-</Data><Data Name="UtcTime">2026-01-21 11:07:25.611</Data><Data Name="ProcessGuid">{25a00e74-b36d-6970-414b-66bd625f0000}</Data><Data Name="ProcessId">1147</Data><Data Name="Image">/usr/bin/setpriv</Data><Data Name="FileVersion">-</Data><Data Name="Description">-</Data><Data Name="Product">-</Data><Data Name="Company">-</Data><Data Name="OriginalFileName">-</Data><Data Name="CommandLine">setpriv --reuid gdm --regid gdm --init-groups --no-new-privs --inh-caps=-all --reset-env -- dconf compile /var/lib/gdm3/greeter-dconf-defaults /usr/share/gdm/dconf</Data><Data Name="CurrentDirectory">/</Data><Data Name="User">root</Data><Data Name="LogonGuid">{25a00e74-0000-0000-0000-000000000000}</Data><Data Name="LogonId">0</Data><Data Name="TerminalSessionId">4294967295</Data><Data Name="IntegrityLevel">no level</Data><Data Name="Hashes">SHA256=f4291182a39833caa52c9c0efedf052c635d7041af8d679c6415112ab1a8c527</Data><Data Name="ParentProcessGuid">{25a00e74-b36d-6970-1d48-3c8f1e5d0000}</Data><Data Name="ParentProcessId">1142</Data><Data Name="ParentImage">/usr/bin/dash</Data><Data Name="ParentCommandLine">/bin/sh</Data><Data Name="ParentUser">root</Data></EventData></Event>
