<Event><System><Provider Name="Linux-Sysmon" Guid="{ff032593-a8d3-4f13-b0d6-01fc615a0f97}"/><EventID>1</EventID><Version>5</Version><Level>4</Level><Task>1</Task><Opcode>0</Opcode><Keywords>0x8000000000000000</Keywords><TimeCreated SystemTime="2026-01-21T11:07:30.669452000Z"/><EventRecordID>18705</EventRecordID><Correlation/><Execution ProcessID="1075" ThreadID="1075"/><Channel>Linux-Sysmon/Operational</Channel><Computer>ubuntu-sysmon</Computer><Security UserId="0"/></System><EventData><Data Name="RuleName">-</Data><Data Name="UtcTime">2026-01-21 11:07:30.678</Data><Data Name="ProcessGuid">{25a00e74-b372-6970-2191-605b74580000}</Data><Data Name="ProcessId">2094</Data><Data Name="Image">/usr/bin/dirname</Data><Data Name="FileVersion">-</Data><Data Name="Description">-</Data><Data Name="Product">-</Data><Data Name="Company">-</Data><Data Name="OriginalFileName">-</Data><Data Name="CommandLine">dirname -- /var/log/dmesg</Data><Data Name="CurrentDirectory">/</Data><Data Name="User">root</Data><Data Name="LogonGuid">{25a00e74-0000-0000-0000-000000000000}</Data><Data Name="LogonId">0</Data><Data Name="TerminalSessionId">4294967295</Data><Data Name="IntegrityLevel">no level</Data><Data Name="Hashes">SHA256=a4971d130c32ab627ced7aae414fe32304159b31df2c86ace516eef795e91a14</Data><Data Name="ParentProcessGuid">{25a00e74-b36c-6970-1dd8-25c914560000}</Data><Data Name="ParentProcessId">734</Data><Data Name="ParentImage">/usr/bin/dash</Data><Data Name="ParentCommandLine">/bin/sh</Data><Data Name="ParentUser">root</Data></EventData></Event>
<Event><System><Provider Name="Linux-Sysmon" Guid="{ff032593-a8d3-4f13-b0d6-01fc615a0f97}"/><EventID>5</EventID><Version>3</Version><Level>4</Level><Task>5</Task><Opcode>0</Opcode><Keywords>0x8000000000000000</Keywords><TimeCreated SystemTime="2026-01-21T11:07:30.669692000Z"/><EventRecordID>18706</EventRecordID><Correlation/><Execution ProcessID="1075" ThreadID="1075"/><Channel>Linux-Sysmon/Operational</Channel><Computer>ubuntu-sysmon</Computer><Security UserId="0"/></System><EventData><Data Name="RuleName">-</Data><Data Name="UtcTime">2026-01-21 11:07:30.679</Data><Data Name="ProcessGuid">{25a00e74-b372-6970-2191-605b74580000}</Data><Data Name="ProcessId">2094</Data><Data Name="Image">/usr/bin/dirname</Data><Data Name="User">root</Data></EventData></Event>
<Event><System><Provider Name="Linux-Sysmon" Guid="{ff032593-a8d3-4f13-b0d6-01fc615a0f97}"/><EventID>1</EventID><Version>5</Version><Level>4</Level><Task>1</Task><Opcode>0</Opcode><Keywords>0x8000000000000000</Keywords><TimeCreated SystemTime="2026-01-21T11:07:30.670104000Z"/><EventRecordID>18707</EventRecordID><Correlation/><Execution ProcessID="1075" ThreadID="1075"/><Channel>Linux-Sysmon/Operational</Channel><Computer>ubuntu-sysmon</Computer><Security UserId="0"/></System><EventData><Data Name="RuleName">-</Data><Data Name="UtcTime">2026-01-21 11:07:30.679</Data><Data Name="ProcessGuid">{25a00e74-b372-6970-01f6-322c22650000}</Data><Data Name="ProcessId">2095</Data><Data Name="Image">/usr/bin/basename</Data><Data Name="FileVersion">-</Data><Data Name="Description">-</Data><Data Name="Product">-</Data><Data Name="Company">-</Data><Data Name="OriginalFileName">-</Data><Data Name="CommandLine">basename -- /var/log/dmesg</Data><Data Name="CurrentDirectory">/</Data><Data Name="User">root</Data><Data Name="LogonGuid">{25a00e74-0000-0000-0000-000000000000}</Data><Data Name="LogonId">0</Data><Data Name="TerminalSessionId">4294967295</Data><Data Name="IntegrityLevel">no level</Data><Data Name="Hashes">SHA256=13ee3a2036d5ebaf1dcc940f563bd9fbaaf79f8f4a4d94821a52a7191bf22e95</Data><Data Name="ParentProcessGuid">{25a00e74-b36c-6970-1dd8-25c914560000}</Data><Data Name="ParentProcessId">734</Data><Data Name="ParentImage">/usr/bin/dash</Data><Data Name="ParentCommandLine">/bin/sh</Data><Data Name="ParentUser">root</Data></EventData></Event>
<Event><System><Provider Name="Linux-Sysmon" Guid="{ff032593-a8d3-4f13-b0d6-01fc615a0f97}"/><EventID>5</EventID><Version>3</Version><Level>4</Level><Task>5</Task><Opcode>0</Opcode><Keywords>0x8000000000000000</Keywords><TimeCreated SystemTime="2026-01-21T11:07:30.670323000Z"/><EventRecordID>18708</EventRecordID><Correlation/><Execution ProcessID="1075" ThreadID="1075"/><Channel>Linux-Sysmon/Operational</Channel><Computer>ubuntu-sysmon</Computer><Security UserId="0"/></System><EventData><Data Name="RuleName">-</Data><Data Name="UtcTime">2026-01-21 11:07:30.679</Data><Data Name="ProcessGuid">{25a00e74-b372-6970-01f6-322c22650000}</Data><Data Name="ProcessId">2095</Data><Data Name="Image">/usr/bin/basename</Data><Data Name="User">root</Data></EventData></Event>
<Event><System><Provider Name="Linux-Sysmon" Guid="{ff032593-a8d3-4f13-b0d6-01fc615a0f97}"/><EventID>1</EventID><Version>5</Version><Level>4</Level><Task>1</Task><Opcode>0</Opcode><Keywords>0x8000000000000000</Keywords><TimeCreated SystemTime="2026-01-21T11:07:30.670661000Z"/><EventRecordID>18709</EventRecordID><Correlation/><Execution ProcessID="1075" ThreadID="1075"/><Channel>Linux-Sysmon/Operational</Channel><Computer>ubuntu-sysmon</Computer><Security UserId="0"/></System><EventData><Data Name="RuleName">-</Data><Data Name="UtcTime">2026-01-21 11:07:30.679</Data><Data Name="ProcessGuid">{25a00e74-b372-6970-418a-ca10b15b0000}</Data><Data Name="ProcessId">2096</Data><Data Name="Image">/usr/bin/rm</Data><Data Name="FileVersion">-</Data><Data Name="Description">-</Data><Data Name="Product">-</Data><Data Name="Company">-</Data><Data Name="OriginalFileName">-</Data><Data Name="CommandLine">rm -f -- /var/log//dmesg.4 /var/log//dmesg.4.gz</Data><Data Name="CurrentDirectory">/</Data><Data Name="User">root</Data><Data Name="LogonGuid">{25a00e74-0000-0000-0000-000000000000}</Data><Data Name="LogonId">0</Data><Data Name="TerminalSessionId">4294967295</Data><Data Name="IntegrityLevel">no level</Data><Data Name="Hashes">SHA256=8e3faaa5eb4a2a4d0e2788fe442bcac6d604be5a0c5a9f09d08f06e3a3fcf570</Data><Data Name="ParentProcessGuid">{25a00e74-b36c-6970-1dd8-25c914560000}</Data><Data Name="ParentProcessId">734</Data><Data Name="ParentImage">/usr/bin/dash</Data><Data Name="ParentCommandLine">/bin/sh</Data><Data Name="ParentUser">root</Data></EventData></Event>
<Event><System><Provider Name="Linux-Sysmon" Guid="{ff032593-a8d3-4f13-b0d6-01fc615a0f97}"/><EventID>5</EventID><Version>3</Version><Level>4</Level><Task>5</Task><Opcode>0</Opcode><Keywords>0x8000000000000000</Keywords><TimeCreated SystemTime="2026-01-21T11:07:30.670964000Z"/><EventRecordID>18710</EventRecordID><Correlation/><Execution ProcessID="1075" ThreadID="1075"/><Channel>Linux-Sysmon/Operational</Channel><Computer>ubuntu-sysmon</Computer><Security UserId="0"/></System><EventData><Data Name="RuleName">-</Data><Data Name="UtcTime">2026-01-21 11:07:30.680</Data><Data Name="ProcessGuid">{25a00e74-b372-6970-418a-ca10b15b0000}</Data><Data Name="ProcessId">2096</Data><Data Name="Image">/usr/bin/rm</Data><Data Name="User">root</Data></EventData></Event>
<Event><System><Provider Name="Linux-Sysmon" Guid="{ff032593-a8d3-4f13-b0d6-01fc615a0f97}"/><EventID>1</EventID><Version>5</Version><Level>4</Level><Task>1</Task><Opcode>0</Opcode><Keywords>0x8000000000000000</Keywords><TimeCreated SystemTime="2026-01-21T11:07:30.671433000Z"/><EventRecordID>18711</EventRecordID><Correlation/><Execution ProcessID="1075" ThreadID="1075"/><Channel>Linux-Sysmon/Operational</Channel><Computer>ubuntu-sysmon</Computer><Security UserId="0"/></System><EventData><Data Name="RuleName">-</Data><Data Name="UtcTime">2026-01-21 11:07:30.680</Data><Data Name="ProcessGuid">{25a00e74-b372-6970-2136-83e1875f0000}</Data><Data Name="ProcessId">2097</Data><Data Name="Image">/usr/bin/mv</Data><Data Name="FileVersion">-</Data><Data Name="Description">-</Data><Data Name="Product">-</Data><Data Name="Company">-</Data><Data Name="OriginalFileName">-</Data><Data Name="CommandLine">mv -f -- /var/log//dmesg.3.gz /var/log//dmesg.4.gz</Data><Data Name="CurrentDirectory">/</Data><Data Name="User">root</Data><Data Name="LogonGuid">{25a00e74-0000-0000-0000-000000000000}</Data><Data Name="LogonId">0</Data><Data Name="TerminalSessionId">4294967295</Data><Data Name="IntegrityLevel">no level</Data><Data Name="Hashes">SHA256=cbb3b945526115f913573c5f2bccf3e1b51c51aace3ba95c18fc30128d9b282d</Data><Data Name="ParentProcessGuid">{25a00e74-b36c-6970-1dd8-25c914560000}</Data><Data Name="ParentProcessId">734</Data><Data Name="ParentImage">/usr/bin/dash</Data><Data Name="ParentCommandLine">/bin/sh</Data><Data Name="ParentUser">root</Data></EventData></Event>
<Event><System><Provider Name="Linux-Sysmon" Guid="{ff032593-a8d3-4f13-b0d6-01fc615a0f97}"/><EventID>5</EventID><Version>3</Version><Level>4</Level><Task>5</Task><Opcode>0</Opcode><Keywords>0x8000000000000000</Keywords><TimeCreated SystemTime="2026-01-21T11:07:30.671887000Z"/><EventRecordID>18712</EventRecordID><Correlation/><Execution ProcessID="1075" ThreadID="1075"/><Channel>Linux-Sysmon/Operational</Channel><Computer>ubuntu-sysmon</Computer><Security UserId="0"/></System><EventData><Data Name="RuleName">-</Data><Data Name="UtcTime">2026-01-21 11:07:30.681</Data><Data Name="ProcessGuid">{25a00e74-b372-6970-2136-83e1875f0000}</Data><Data Name="ProcessId">2097</Data><Data Name="Image">/usr/bin/mv</Data><Data Name="User">root</Data></EventData></Event>
<Event><System><Provider Name="Linux-Sysmon" Guid="{ff032593-a8d3-4f13-b0d6-01fc615a0f97}"/><EventID>1</EventID><Version>5</Version><Level>4</Level><Task>1</Task><Opcode>0</Opcode><Keywords>0x8000000000000000</Keywords><TimeCreated SystemTime="2026-01-21T11:07:30.672150000Z"/><EventRecordID>18713</EventRecordID><Correlation/><Execution ProcessID="1075" ThreadID="1075"/><Channel>Linux-Sysmon/Operational</Channel><Computer>ubuntu-sysmon</Computer><Security UserId="0"/></System><EventData><Data Name="RuleName">-</Data><Data Name="UtcTime">2026-01-21 11:07:30.681</Data><Data Name="ProcessGuid">{25a00e74-b372-6970-2166-65d568580000}</Data><Data Name="ProcessId">2098</Data><Data Name="Image">/usr/bin/mv</Data><Data Name="FileVersion">-</Data><Data Name="Description">-</Data><Data Name="Product">-</Data><Data Name="Company">-</Data><Data Name="OriginalFileName">-</Data><Data Name="CommandLine">mv -f -- /var/log//dmesg.2.gz /var/log//dmesg.3.gz</Data><Data Name="CurrentDirectory">/</Data><Data Name="User">root</Data><Data Name="LogonGuid">{25a00e74-0000-0000-0000-000000000000}</Data><Data Name="LogonId">0</Data><Data Name="TerminalSessionId">4294967295</Data><Data Name="IntegrityLevel">no level</Data><Data Name="Hashes">SHA256=cbb3b945526115f913573c5f2bccf3e1b51c51aace3ba95c18fc30128d9b282d</Data><Data Name="ParentProcessGuid">{25a00e74-b36c-6970-1dd8-25c914560000}</Data><Data Name="ParentProcessId">734</Data><Data Name="ParentImage">/usr/bin/dash</Data><Data Name="ParentCommandLine">/bin/sh</Data><Data Name="ParentUser">root</Data></EventData></Event>
<Event><System><Provider Name="Linux-Sysmon" Guid="{ff032593-a8d3-4f13-b0d6-01fc615a0f97}"/><EventID>5</EventID><Version>3</Version><Level>4</Level><Task>5</Task><Opcode>0</Opcode><Keywords>0x8000000000000000</Keywords><TimeCreated SystemTime="2026-01-21T11:07:30.672521000Z"/><EventRecordID>18714</EventRecordID><Correlation/><Execution ProcessID="1075" ThreadID="1075"/><Channel>Linux-Sysmon/Operational</Channel><Computer>ubuntu-sysmon</Computer><Security UserId="0"/></System><EventData><Data Name="RuleName">-</Data><Data Name="UtcTime">2026-01-21 11:07:30.681</Data><Data Name="ProcessGuid">{25a00e74-b372-6970-2166-65d568580000}</Data><Data Name="ProcessId">2098</Data><Data Name="Image">/usr/bin/mv</Data><Data Name="User">root</Data></EventData></Event>
<Event><System><Provider Name="Linux-Sysmon" Guid="{ff032593-a8d3-4f13-b0d6-01fc615a0f97}"/><EventID>1</EventID><Version>5</Version><Level>4</Level><Task>1</Task><Opcode>0</Opcode><Keywords>0x8000000000000000</Keywords><TimeCreated SystemTime="2026-01-21T11:07:30.672760000Z"/><EventRecordID>18715</EventRecordID><Correlation/><Execution ProcessID="1075" ThreadID="1075"/><Channel>Linux-Sysmon/Operational</Channel><Computer>ubuntu-sysmon</Computer><Security UserId="0"/></System><EventData><Data Name="RuleName">-</Data><Data Name="UtcTime">2026-01-21 11:07:30.681</Data><Data Name="ProcessGuid">{25a00e74-b372-6970-2146-99ae19630000}</Data><Data Name="ProcessId">2099</Data><Data Name="Image">/usr/bin/mv</Data><Data Name="FileVersion">-</Data><Data Name="Description">-</Data><Data Name="Product">-</Data><Data Name="Company">-</Data><Data Name="OriginalFileName">-</Data><Data Name="CommandLine">mv -f -- /var/log//dmesg.1.gz /var/log//dmesg.2.gz</Data><Data Name="CurrentDirectory">/</Data><Data Name="User">root</Data><Data Name="LogonGuid">{25a00e74-0000-0000-0000-000000000000}</Data><Data Name="LogonId">0</Data><Data Name="TerminalSessionId">4294967295</Data><Data Name="IntegrityLevel">no level</Data><Data Name="Hashes">SHA256=cbb3b945526115f913573c5f2bccf3e1b51c51aace3ba95c18fc30128d9b282d</Data><Data Name="ParentProcessGuid">{25a00e74-b36c-6970-1dd8-25c914560000}</Data><Data Name="ParentProcessId">734</Data><Data Name="ParentImage">/usr/bin/dash</Data><Data Name="ParentCommandLine">/bin/sh</Data><Data Name="ParentUser">root</Data></EventData></Event>
<Event><System><Provider Name="Linux-Sysmon" Guid="{ff032593-a8d3-4f13-b0d6-01fc615a0f97}"/><EventID>5</EventID><Version>3</Version><Level>4</Level><Task>5</Task><Opcode>0</Opcode><Keywords>0x8000000000000000</Keywords><TimeCreated SystemTime="2026-01-21T11:07:30.673097000Z"/><EventRecordID>18716</EventRecordID><Correlation/><Execution ProcessID="1075" ThreadID="1075"/><Channel>Linux-Sysmon/Operational</Channel><Computer>ubuntu-sysmon</Computer><Security UserId="0"/></System><EventData><Data Name="RuleName">-</Data><Data Name="UtcTime">2026-01-21 11:07:30.682</Data><Data Name="ProcessGuid">{25a00e74-b372-6970-2146-99ae19630000}</Data><Data Name="ProcessId">2099</Data><Data Name="Image">/usr/bin/mv</Data><Data Name="User">root</Data></EventData></Event>
<Event><System><Provider Name="Linux-Sysmon" Guid="{ff032593-a8d3-4f13-b0d6-01fc615a0f97}"/><EventID>1</EventID><Version>5</Version><Level>4</Level><Task>1</Task><Opcode>0</Opcode><Keywords>0x8000000000000000</Keywords><TimeCreated SystemTime="2026-01-21T11:07:30.673343000Z"/><EventRecordID>18717</EventRecordID><Correlation/><Execution ProcessID="1075" ThreadID="1075"/><Channel>Linux-Sysmon/Operational</Channel><Computer>ubuntu-sysmon</Computer><Security UserId="0"/></System><EventData><Data Name="RuleName">-</Data><Data Name="UtcTime">2026-01-21 11:07:30.682</Data><Data Name="ProcessGuid">{25a00e74-b372-6970-fd5e-e7f5425b0000}</Data><Data Name="ProcessId">2100</Data><Data Name="Image">/usr/bin/gzip</Data><Data Name="FileVersion">-</Data><Data Name="Description">-</Data><Data Name="Product">-</Data><Data Name="Company">-</Data><Data Name="OriginalFileName">-</Data><Data Name="CommandLine">gzip -f -9 /var/log//dmesg.0</Data><Data Name="CurrentDirectory">/</Data><Data Name="User">root</Data><Data Name="LogonGuid">{25a00e74-0000-0000-0000-000000000000}</Data><Data Name="LogonId">0</Data><Data Name="TerminalSessionId">4294967295</Data><Data Name="IntegrityLevel">no level</Data><Data Name="Hashes">SHA256=99873309b1f3197f3b4e6014c9c32b0c3ed75a3c66eeaaf42833be3941d28b17</Data><Data Name="ParentProcessGuid">{25a00e74-b36c-6970-1dd8-25c914560000}</Data><Data Name="ParentProcessId">734</Data><Data Name="ParentImage">/usr/bin/dash</Data><Data Name="ParentCommandLine">/bin/sh</Data><Data Name="ParentUser">root</Data></EventData></Event>
<Event><System><Provider Name="Linux-Sysmon" Guid="{ff032593-a8d3-4f13-b0d6-01fc615a0f97}"/><EventID>5</EventID><Version>3</Version><Level>4</Level><Task>5</Task><Opcode>0</Opcode><Keywords>0x8000000000000000</Keywords><TimeCreated SystemTime="2026-01-21T11:07:30.679166000Z"/><EventRecordID>18718</EventRecordID><Correlation/><Execution ProcessID="1075" ThreadID="1075"/><Channel>Linux-Sysmon/Operational</Channel><Computer>ubuntu-sysmon</Computer><Security UserId="0"/></System><EventData><Data Name="RuleName">-</Data><Data Name="UtcTime">2026-01-21 11:07:30.688</Data><Data Name="ProcessGuid">{25a00e74-b372-6970-fd5e-e7f5425b0000}</Data><Data Name="ProcessId">2100</Data><Data Name="Image">/usr/bin/gzip</Data><Data Name="User">root</Data></EventData></Event>
<Event><System><Provider Name="Linux-Sysmon" Guid="{ff032593-a8d3-4f13-b0d6-01fc615a0f97}"/><EventID>1</EventID><Version>5</Version><Level>4</Level><Task>1</Task><Opcode>0</Opcode><Keywords>0x8000000000000000</Keywords><TimeCreated SystemTime="2026-01-21T11:07:30.679433000Z"/><EventRecordID>18719</EventRecordID><Correlation/><Execution ProcessID="1075" ThreadID="1075"/><Channel>Linux-Sysmon/Operational</Channel><Computer>ubuntu-sysmon</Computer><Security UserId="0"/></System><EventData><Data Name="RuleName">-</Data><Data Name="UtcTime">2026-01-21 11:07:30.688</Data><Data Name="ProcessGuid">{25a00e74-b372-6970-21d6-6cc692560000}</Data><Data Name="ProcessId">2101</Data><Data Name="Image">/usr/bin/mv</Data><Data Name="FileVersion">-</Data><Data Name="Description">-</Data><Data Name="Product">-</Data><Data Name="Company">-</Data><Data Name="OriginalFileName">-</Data><Data Name="CommandLine">mv -f -- /var/log//dmesg.0.gz /var/log//dmesg.1.gz</Data><Data Name="CurrentDirectory">/</Data><Data Name="User">root</Data><Data Name="LogonGuid">{25a00e74-0000-0000-0000-000000000000}</Data><Data Name="LogonId">0</Data><Data Name="TerminalSessionId">4294967295</Data><Data Name="IntegrityLevel">no level</Data><Data Name="Hashes">SHA256=cbb3b945526115f913573c5f2bccf3e1b51c51aace3ba95c18fc30128d9b282d</Data><Data Name="ParentProcessGuid">{25a00e74-b36c-6970-1dd8-25c914560000}</Data><Data Name="ParentProcessId">734</Data><Data Name="ParentImage">/usr/bin/dash</Data><Data Name="ParentCommandLine">/bin/sh</Data><Data Name="ParentUser">root</Data></EventData></Event>
<Event><System><Provider Name="Linux-Sysmon" Guid="{ff032593-a8d3-4f13-b0d6-01fc615a0f97}"/><EventID>5</EventID><Version>3</Version><Level>4</Level><Task>5</Task><Opcode>0</Opcode><Keywords>0x8000000000000000</Keywords><TimeCreated SystemTime="2026-01-21T11:07:30.679739000Z"/><EventRecordID>18720</EventRecordID><Correlation/><Execution ProcessID="1075" ThreadID="1075"/><Channel>Linux-Sysmon/Operational</Channel><Computer>ubuntu-sysmon</Computer><Security UserId="0"/></System><EventData><Data Name="RuleName">-</Data><Data Name="UtcTime">2026-01-21 11:07:30.689</Data><Data Name="ProcessGuid">{25a00e74-b372-6970-21d6-6cc692560000}</Data><Data Name="ProcessId">2101</Data><Data Name="Image">/usr/bin/mv</Data><Data Name="User">root</Data></EventData></Event>
<Event><System><Provider Name="Linux-Sysmon" Guid="{ff032593-a8d3-4f13-b0d6-01fc615a0f97}"/><EventID>1</EventID><Version>5</Version><Level>4</Level><Task>1</Task><Opcode>0</Opcode><Keywords>0x8000000000000000</Keywords><TimeCreated SystemTime="2026-01-21T11:07:30.681285000Z"/><EventRecordID>18721</EventRecordID><Correlation/><Execution ProcessID="1075" ThreadID="1075"/><Channel>Linux-Sysmon/Operational</Channel><Computer>ubuntu-sysmon</Computer><Security UserId="0"/></System><EventData><Data Name="RuleName">-</Data><Data Name="UtcTime">2026-01-21 11:07:30.689</Data><Data Name="ProcessGuid">{25a00e74-b372-6970-d1df-8923d95f0000}</Data><Data Name="ProcessId">2102</Data><Data Name="Image">/usr/bin/chmod</Data><Data Name="FileVersion">-</Data><Data Name="Description">-</Data><Data Name="Product">-</Data><Data Name="Company">-</Data><Data Name="OriginalFileName">-</Data><Data Name="CommandLine">chmod -- 640 /var/log//dmesg.1.gz</Data><Data Name="CurrentDirectory">/</Data><Data Name="User">root</Data><Data Name="LogonGuid">{25a00e74-0000-0000-0000-000000000000}</Data><Data Name="LogonId">0</Data><Data Name="TerminalSessionId">4294967295</Data><Data Name="IntegrityLevel">no level</Data><Data Name="Hashes">SHA256=f162501708c719c786ddceb78c2cc3b48dc2e33683114da199223c978bd62324</Data><Data Name="ParentProcessGuid">{25a00e74-b36c-6970-1dd8-25c914560000}</Data><Data Name="ParentProcessId">734</Data><Data Name="ParentImage">/usr/bin/dash</Data><Data Name="ParentCommandLine">/bin/sh</Data><Data Name="ParentUser">root</Data></EventData></Event>
<Event><System><Provider Name="Linux-Sysmon" Guid="{ff032593-a8d3-4f13-b0d6-01fc615a0f97}"/><EventID>5</EventID><Version>3</Version><Level>4</Level><Task>5</Task><Opcode>0</Opcode><Keywords>0x8000000000000000</Keywords><TimeCreated SystemTime="2026-01-21T11:07:30.681527000Z"/><EventRecordID>18722</EventRecordID><Correlation/><Execution ProcessID="1075" ThreadID="1075"/><Channel>Linux-Sysmon/Operational</Channel><Computer>ubuntu-sysmon</Computer><Security UserId="0"/></System><EventData><Data Name="RuleName">-</Data><Data Name="UtcTime">2026-01-21 11:07:30.690</Data><Data Name="ProcessGuid">{25a00e74-b372-6970-d1df-8923d95f0000}</Data><Data Name="ProcessId">2102</Data><Data Name="Image">/usr/bin/chmod</Data><Data Name="User">root</Data></EventData></Event>
<Event><System><Provider Name="Linux-Sysmon" Guid="{ff032593-a8d3-4f13-b0d6-01fc615a0f97}"/><EventID>1</EventID><Version>5</Version><Level>4</Level><Task>1</Task><Opcode>0</Opcode><Keywords>0x8000000000000000</Keywords><TimeCreated SystemTime="2026-01-21T11:07:30.681807000Z"/><EventRecordID>18723</EventRecordID><Correlation/><Execution ProcessID="1075" ThreadID="1075"/><Channel>Linux-Sysmon/Operational</Channel><Computer>ubuntu-sysmon</Computer><Security UserId="0"/></System><EventData><Data Name="RuleName">-</Data><Data Name="UtcTime">2026-01-21 11:07:30.691</Data><Data Name="ProcessGuid">{25a00e74-b372-6970-51e0-3fddb85c0000}</Data><Data Name="ProcessId">2104</Data><Data Name="Image">/usr/bin/touch</Data><Data Name="FileVersion">-</Data><Data Name="Description">-</Data><Data Name="Product">-</Data><Data Name="Company">-</Data><Data Name="OriginalFileName">-</Data><Data Name="CommandLine">touch -- /var/log/dmesg.new</Data><Data Name="CurrentDirectory">/</Data><Data Name="User">root</Data><Data Name="LogonGuid">{25a00e74-0000-0000-0000-000000000000}</Data><Data Name="LogonId">0</Data><Data Name="TerminalSessionId">4294967295</Data><Data Name="IntegrityLevel">no level</Data><Data Name="Hashes">SHA256=8b0047b0de380f0bac3855400263214e33fbc2995b5637e9104a9de3f738ec82</Data><Data Name="ParentProcessGuid">{00000000-0000-0000-0000-000000000000}</Data><Data Name="ParentProcessId">2103</Data><Data Name="ParentImage">-</Data><Data Name="ParentCommandLine">-</Data><Data Name="ParentUser">-</Data></EventData></Event>
<Event><System><Provider Name="Linux-Sysmon" Guid="{ff032593-a8d3-4f13-b0d6-01fc615a0f97}"/><EventID>5</EventID><Version>3</Version><Level>4</Level><Task>5</Task><Opcode>0</Opcode><Keywords>0x8000000000000000</Keywords><TimeCreated SystemTime="2026-01-21T11:07:30.682013000Z"/><EventRecordID>18724</EventRecordID><Correlation/><Execution ProcessID="1075" ThreadID="1075"/><Channel>Linux-Sysmon/Operational</Channel><Computer>ubuntu-sysmon</Computer><Security UserId="0"/></System><EventData><Data Name="RuleName">-</Data><Data Name="UtcTime">2026-01-21 11:07:30.691</Data><Data Name="ProcessGuid">{25a00e74-b372-6970-51e0-3fddb85c0000}</Data><Data Name="ProcessId">2104</Data><Data Name="Image">/usr/bin/touch</Data><Data Name="User">root</Data></EventData></Event>
<Event><System><Provider Name="Linux-Sysmon" Guid="{ff032593-a8d3-4f13-b0d6-01fc615a0f97}"/><EventID>1</EventID><Version>5</Version><Level>4</Level><Task>1</Task><Opcode>0</Opcode><Keywords>0x8000000000000000</Keywords><TimeCreated SystemTime="2026-01-21T11:07:30.682820000Z"/><EventRecordID>18725</EventRecordID><Correlation/><Execution ProcessID="1075" ThreadID="1075"/><Channel>Linux-Sysmon/Operational</Channel><Computer>ubuntu-sysmon</Computer><Security UserId="0"/></System><EventData><Data Name="RuleName">-</Data><Data Name="UtcTime">2026-01-21 11:07:30.691</Data><Data Name="ProcessGuid">{25a00e74-b372-6970-813c-6fd9a7630000}</Data><Data Name="ProcessId">2105</Data><Data Name="Image">/usr/bin/chown</Data><Data Name="FileVersion">-</Data><Data Name="Description">-</Data><Data Name="Product">-</Data><Data Name="Company">-</Data><Data Name="OriginalFileName">-</Data><Data Name="CommandLine">chown --reference=/var/log/dmesg -- /var/log/dmesg.new</Data><Data Name="CurrentDirectory">/</Data><Data Name="User">root</Data><Data Name="LogonGuid">{25a00e74-0000-0000-0000-000000000000}</Data><Data Name="LogonId">0</Data><Data Name="TerminalSessionId">4294967295</Data><Data Name="IntegrityLevel">no level</Data><Data Name="Hashes">SHA256=3fbdbc8cf10dca5adcf87a7baf83499cbff4c66942e27e2ca7df49e7bfe13a1c</Data><Data Name="ParentProcessGuid">{00000000-0000-0000-0000-000000000000}</Data><Data Name="ParentProcessId">2103</Data><Data Name="ParentImage">-</Data><Data Name="ParentCommandLine">-</Data><Data Name="ParentUser">-</Data></EventData></Event>
<Event><System><Provider Name="Linux-Sysmon" Guid="{ff032593-a8d3-4f13-b0d6-01fc615a0f97}"/><EventID>5</EventID><Version>3</Version><Level>4</Level><Task>5</Task><Opcode>0</Opcode><Keywords>0x8000000000000000</Keywords><TimeCreated SystemTime="2026-01-21T11:07:30.683093000Z"/><EventRecordID>18726</EventRecordID><Correlation/><Execution ProcessID="1075" ThreadID="1075"/><Channel>Linux-Sysmon/Operational</Channel><Computer>ubuntu-sysmon</Computer><Security UserId="0"/></System><EventData><Data Name="RuleName">-</Data><Data Name="UtcTime">2026-01-21 11:07:30.692</Data><Data Name="ProcessGuid">{25a00e74-b372-6970-813c-6fd9a7630000}</Data><Data Name="ProcessId">2105</Data><Data Name="Image">/usr/bin/chown</Data><Data Name="User">root</Data></EventData></Event>
<Event><System><Provider Name="Linux-Sysmon" Guid="{ff032593-a8d3-4f13-b0d6-01fc615a0f97}"/><EventID>1</EventID><Version>5</Version><Level>4</Level><Task>1</Task><Opcode>0</Opcode><Keywords>0x8000000000000000</Keywords><TimeCreated SystemTime="2026-01-21T11:07:30.683294000Z"/><EventRecordID>18727</EventRecordID><Correlation/><Execution ProcessID="1075" ThreadID="1075"/><Channel>Linux-Sysmon/Operational</Channel><Computer>ubuntu-sysmon</Computer><Security UserId="0"/></System><EventData><Data Name="RuleName">-</Data><Data Name="UtcTime">2026-01-21 11:07:30.690</Data><Data Name="ProcessGuid">{25a00e74-b372-6970-d1af-f706465d0000}</Data><Data Name="ProcessId">2103</Data><Data Name="Image">/usr/bin/chmod</Data><Data Name="FileVersion">-</Data><Data Name="Description">-</Data><Data Name="Product">-</Data><Data Name="Company">-</Data><Data Name="OriginalFileName">-</Data><Data Name="CommandLine">chmod --reference=/var/log/dmesg -- /var/log/dmesg.new</Data><Data Name="CurrentDirectory">/</Data><Data Name="User">root</Data><Data Name="LogonGuid">{25a00e74-0000-0000-0000-000000000000}</Data><Data Name="LogonId">0</Data><Data Name="TerminalSessionId">4294967295</Data><Data Name="IntegrityLevel">no level</Data><Data Name="Hashes">SHA256=f162501708c719c786ddceb78c2cc3b48dc2e33683114da199223c978bd62324</Data><Data Name="ParentProcessGuid">{25a00e74-b36c-6970-1dd8-25c914560000}</Data><Data Name="ParentProcessId">734</Data><Data Name="ParentImage">/usr/bin/dash</Data><Data Name="ParentCommandLine">/bin/sh</Data><Data Name="ParentUser">root</Data></EventData></Event>
<Event><System><Provider Name="Linux-Sysmon" Guid="{ff032593-a8d3-4f13-b0d6-01fc615a0f97}"/><EventID>5</EventID><Version>3</Version><Level>4</Level><Task>5</Task><Opcode>0</Opcode><Keywords>0x8000000000000000</Keywords><TimeCreated SystemTime="2026-01-21T11:07:30.683519000Z"/><EventRecordID>18728</EventRecordID><Correlation/><Execution ProcessID="1075" ThreadID="1075"/><Channel>Linux-Sysmon/Operational</Channel><Computer>ubuntu-sysmon</Computer><Security UserId="0"/></System><EventData><Data Name="RuleName">-</Data><Data Name="UtcTime">2026-01-21 11:07:30.692</Data><Data Name="ProcessGuid">{25a00e74-b372-6970-d1af-f706465d0000}</Data><Data Name="ProcessId">2103</Data><Data Name="Image">/usr/bin/chmod</Data><Data Name="User">root</Data></EventData></Event>
<Event><System><Provider Name="Linux-Sysmon" Guid="{ff032593-a8d3-4f13-b0d6-01fc615a0f97}"/><EventID>1</EventID><Version>5</Version><Level>4</Level><Task>1</Task><Opcode>0</Opcode><Keywords>0x8000000000000000</Keywords><TimeCreated SystemTime="2026-01-21T11:07:30.685559000Z"/><EventRecordID>18729</EventRecordID><Correlation/><Execution ProcessID="1075" ThreadID="1075"/><Channel>Linux-Sysmon/Operational</Channel><Computer>ubuntu-sysmon</Computer><Security UserId="0"/></System><EventData><Data Name="RuleName">-</Data><Data Name="UtcTime">2026-01-21 11:07:30.692</Data><Data Name="ProcessGuid">{25a00e74-b372-6970-218e-aa6191590000}</Data><Data Name="ProcessId">2106</Data><Data Name="Image">/usr/bin/ln</Data><Data Name="FileVersion">-</Data><Data Name="Description">-</Data><Data Name="Product">-</Data><Data Name="Company">-</Data><Data Name="OriginalFileName">-</Data><Data Name="CommandLine">ln -f -- /var/log/dmesg /var/log//dmesg.0</Data><Data Name="CurrentDirectory">/</Data><Data Name="User">root</Data><Data Name="LogonGuid">{25a00e74-0000-0000-0000-000000000000}</Data><Data Name="LogonId">0</Data><Data Name="TerminalSessionId">4294967295</Data><Data Name="IntegrityLevel">no level</Data><Data Name="Hashes">SHA256=4a69330163565546dcea5c08c930291ee2576ef532832ddb99df450a385113ad</Data><Data Name="ParentProcessGuid">{25a00e74-b36c-6970-1dd8-25c914560000}</Data><Data Name="ParentProcessId">734</Data><Data Name="ParentImage">/usr/bin/dash</Data><Data Name="ParentCommandLine">/bin/sh</Data><Data Name="ParentUser">root</Data></EventData></Event>
<Event><System><Provider Name="Linux-Sysmon" Guid="{ff032593-a8d3-4f13-b0d6-01fc615a0f97}"/><EventID>5</EventID><Version>3</Version><Level>4</Level><Task>5</Task><Opcode>0</Opcode><Keywords>0x8000000000000000</Keywords><TimeCreated SystemTime="2026-01-21T11:07:30.685776000Z"/><EventRecordID>18730</EventRecordID><Correlation/><Execution ProcessID="1075" ThreadID="1075"/><Channel>Linux-Sysmon/Operational</Channel><Computer>ubuntu-sysmon</Computer><Security UserId="0"/></System><EventData><Data Name="RuleName">-</Data><Data Name="UtcTime">2026-01-21 11:07:30.695</Data><Data Name="ProcessGuid">{25a00e74-b372-6970-218e-aa6191590000}</Data><Data Name="ProcessId">2106</Data><Data Name="Image">/usr/bin/ln</Data><Data Name="User">root</Data></EventData></Event>
<Event><System><Provider Name="Linux-Sysmon" Guid="{ff032593-a8d3-4f13-b0d6-01fc615a0f97}"/><EventID>1</EventID><Version>5</Version><Level>4</Level><Task>1</Task><Opcode>0</Opcode><Keywords>0x8000000000000000</Keywords><TimeCreated SystemTime="2026-01-21T11:07:30.686014000Z"/><EventRecordID>18731</EventRecordID><Correlation/><Execution ProcessID="1075" ThreadID="1075"/><Channel>Linux-Sysmon/Operational</Channel><Computer>ubuntu-sysmon</Computer><Security UserId="0"/></System><EventData><Data Name="RuleName">-</Data><Data Name="UtcTime">2026-01-21 11:07:30.695</Data><Data Name="ProcessGuid">{25a00e74-b372-6970-2156-2fe846570000}</Data><Data Name="ProcessId">2107</Data><Data Name="Image">/usr/bin/mv</Data><Data Name="FileVersion">-</Data><Data Name="Description">-</Data><Data Name="Product">-</Data><Data Name="Company">-</Data><Data Name="OriginalFileName">-</Data><Data Name="CommandLine">mv -f -- /var/log/dmesg.new /var/log/dmesg</Data><Data Name="CurrentDirectory">/</Data><Data Name="User">root</Data><Data Name="LogonGuid">{25a00e74-0000-0000-0000-000000000000}</Data><Data Name="LogonId">0</Data><Data Name="TerminalSessionId">4294967295</Data><Data Name="IntegrityLevel">no level</Data><Data Name="Hashes">SHA256=cbb3b945526115f913573c5f2bccf3e1b51c51aace3ba95c18fc30128d9b282d</Data><Data Name="ParentProcessGuid">{25a00e74-b36c-6970-1dd8-25c914560000}</Data><Data Name="ParentProcessId">734</Data><Data Name="ParentImage">/usr/bin/dash</Data><Data Name="ParentCommandLine">/bin/sh</Data><Data Name="ParentUser">root</Data></EventData></Event>
<Event><System><Provider Name="Linux-Sysmon" Guid="{ff032593-a8d3-4f13-b0d6-01fc615a0f97}"/><EventID>5</EventID><Version>3</Version><Level>4</Level><Task>5</Task><Opcode>0</Opcode><Keywords>0x8000000000000000</Keywords><TimeCreated SystemTime="2026-01-21T11:07:30.686352000Z"/><EventRecordID>18732</EventRecordID><Correlation/><Execution ProcessID="1075" ThreadID="1075"/><Channel>Linux-Sysmon/Operational</Channel><Computer>ubuntu-sysmon</Computer><Security UserId="0"/></System><EventData><Data Name="RuleName">-</Data><Data Name="UtcTime">2026-01-21 11:07:30.695</Data><Data Name="ProcessGuid">{25a00e74-b372-6970-2156-2fe846570000}</Data><Data Name="ProcessId">2107</Data><Data Name="Image">/usr/bin/mv</Data><Data Name="User">root</Data></EventData></Event>
<Event><System><Provider Name="Linux-Sysmon" Guid="{ff032593-a8d3-4f13-b0d6-01fc615a0f97}"/><EventID>1</EventID><Version>5</Version><Level>4</Level><Task>1</Task><Opcode>0</Opcode><Keywords>0x8000000000000000</Keywords><TimeCreated SystemTime="2026-01-21T11:07:30.686562000Z"/><EventRecordID>18733</EventRecordID><Correlation/><Execution ProcessID="1075" ThreadID="1075"/><Channel>Linux-Sysmon/Operational</Channel><Computer>ubuntu-sysmon</Computer><Security UserId="0"/></System><EventData><Data Name="RuleName">-</Data><Data Name="UtcTime">2026-01-21 11:07:30.695</Data><Data Name="ProcessGuid">{25a00e74-b372-6970-d1af-8530575d0000}</Data><Data Name="ProcessId">2108</Data><Data Name="Image">/usr/bin/chmod</Data><Data Name="FileVersion">-</Data><Data Name="Description">-</Data><Data Name="Product">-</Data><Data Name="Company">-</Data><Data Name="OriginalFileName">-</Data><Data Name="CommandLine">chmod -- 640 /var/log//dmesg.0</Data><Data Name="CurrentDirectory">/</Data><Data Name="User">root</Data><Data Name="LogonGuid">{25a00e74-0000-0000-0000-000000000000}</Data><Data Name="LogonId">0</Data><Data Name="TerminalSessionId">4294967295</Data><Data Name="IntegrityLevel">no level</Data><Data Name="Hashes">SHA256=f162501708c719c786ddceb78c2cc3b48dc2e33683114da199223c978bd62324</Data><Data Name="ParentProcessGuid">{25a00e74-b36c-6970-1dd8-25c914560000}</Data><Data Name="ParentProcessId">734</Data><Data Name="ParentImage">/usr/bin/dash</Data><Data Name="ParentCommandLine">/bin/sh</Data><Data Name="ParentUser">root</Data></EventData></Event>
<Event><System><Provider Name="Linux-Sysmon" Guid="{ff032593-a8d3-4f13-b0d6-01fc615a0f97}"/><EventID>5</EventID><Version>3</Version><Level>4</Level><Task>5</Task><Opcode>0</Opcode><Keywords>0x8000000000000000</Keywords><TimeCreated SystemTime="2026-01-21T11:07:30.686768000Z"/><EventRecordID>18734</EventRecordID><Correlation/><Execution ProcessID="1075" ThreadID="1075"/><Channel>Linux-Sysmon/Operational</Channel><Computer>ubuntu-sysmon</Computer><Security UserId="0"/></System><EventData><Data Name="RuleName">-</Data><Data Name="UtcTime">2026-01-21 11:07:30.696</Data><Data Name="ProcessGuid">{25a00e74-b372-6970-d1af-8530575d0000}</Data><Data Name="ProcessId">2108</Data><Data Name="Image">/usr/bin/chmod</Data><Data Name="User">root</Data></EventData></Event>
<Event><System><Provider Name="Linux-Sysmon" Guid="{ff032593-a8d3-4f13-b0d6-01fc615a0f97}"/><EventID>5</EventID><Version>3</Version><Level>4</Level><Task>5</Task><Opcode>0</Opcode><Keywords>0x8000000000000000</Keywords><TimeCreated SystemTime="2026-01-21T11:07:30.686833000Z"/><EventRecordID>18735</EventRecordID><Correlation/><Execution ProcessID="1075" ThreadID="1075"/><Channel>Linux-Sysmon/Operational</Channel><Computer>ubuntu-sysmon</Computer><Security UserId="0"/></System><EventData><Data Name="RuleName">-</Data><Data Name="UtcTime">2026-01-21 11:07:30.696</Data><Data Name="ProcessGuid">{25a00e74-b36c-6970-1dd8-25c914560000}</Data><Data Name="ProcessId">734</Data><Data Name="Image">/usr/bin/dash</Data><Data Name="User">root</Data></EventData></Event>
<Event><System><Provider Name="Linux-Sysmon" Guid="{ff032593-a8d3-4f13-b0d6-01fc615a0f97}"/><EventID>1</EventID><Version>5</Version><Level>4</Level><Task>1</Task><Opcode>0</Opcode><Keywords>0x8000000000000000</Keywords><TimeCreated SystemTime="2026-01-21T11:07:30.687581000Z"/><EventRecordID>18736</EventRecordID><Correlation/><Execution ProcessID="1075" ThreadID="1075"/><Channel>Linux-Sysmon/Operational</Channel><Computer>ubuntu-sysmon</Computer><Security UserId="0"/></System><EventData><Data Name="RuleName">-</Data><Data Name="UtcTime">2026-01-21 11:07:30.696</Data><Data Name="ProcessGuid">{25a00e74-b372-6970-a903-e1b6a0550000}</Data><Data Name="ProcessId">2109</Data><Data Name="Image">/usr/lib/systemd/systemd-executor</Data><Data Name="FileVersion">-</Data><Data Name="Description">-</Data><Data Name="Product">-</Data><Data Name="Company">-</Data><Data Name="OriginalFileName">-</Data><Data Name="CommandLine">/usr/lib/systemd/systemd-executor --deserialize 47 --log-level info --log-target journal-or-kmsg</Data><Data Name="CurrentDirectory">/</Data><Data Name="User">root</Data><Data Name="LogonGuid">{25a00e74-0000-0000-0000-000000000000}</Data><Data Name="LogonId">0</Data><Data Name="TerminalSessionId">4294967295</Data><Data Name="IntegrityLevel">no level</Data><Data Name="Hashes">SHA256=a780cac7551d148b4f8cb83489067f455a5d58daa754aac3442e9ddec262a636</Data><Data Name="ParentProcessGuid">{00000000-0000-0000-0000-000000000000}</Data><Data Name="ParentProcessId">1</Data><Data Name="ParentImage">-</Data><Data Name="ParentCommandLine">-</Data><Data Name="ParentUser">-</Data></EventData></Event>
<Event><System><Provider Name="Linux-Sysmon" Guid="{ff032593-a8d3-4f13-b0d6-01fc615a0f97}"/><EventID>1</EventID><Version>5</Version><Level>4</Level><Task>1</Task><Opcode>0</Opcode><Keywords>0x8000000000000000</Keywords><TimeCreated SystemTime="2026-01-21T11:07:30.692049000Z"/><EventRecordID>18737</EventRecordID><Correlation/><Execution ProcessID="1075" ThreadID="1075"/><Channel>Linux-Sysmon/Operational</Channel><Computer>ubuntu-sysmon</Computer><Security UserId="0"/></System><EventData><Data Name="RuleName">-</Data><Data Name="UtcTime">2026-01-21 11:07:30.701</Data><Data Name="ProcessGuid">{25a00e74-b372-6970-a9e3-0af6ae5f0000}</Data><Data Name="ProcessId">2110</Data><Data Name="Image">/usr/lib/systemd/systemd-executor</Data><Data Name="FileVersion">-</Data><Data Name="Description">-</Data><Data Name="Product">-</Data><Data Name="Company">-</Data><Data Name="OriginalFileName">-</Data><Data Name="CommandLine">/usr/lib/systemd/systemd-executor --deserialize 153 --log-level info --log-target journal-or-kmsg</Data><Data Name="CurrentDirectory">/</Data><Data Name="User">root</Data><Data Name="LogonGuid">{25a00e74-0000-0000-0000-000000000000}</Data><Data Name="LogonId">0</Data><Data Name="TerminalSessionId">4294967295</Data><Data Name="IntegrityLevel">no level</Data><Data Name="Hashes">SHA256=a780cac7551d148b4f8cb83489067f455a5d58daa754aac3442e9ddec262a636</Data><Data Name="ParentProcessGuid">{00000000-0000-0000-0000-000000000000}</Data><Data Name="ParentProcessId">1</Data><Data Name="ParentImage">-</Data><Data Name="ParentCommandLine">-</Data><Data Name="ParentUser">-</Data></EventData></Event>
<Event><System><Provider Name="Linux-Sysmon" Guid="{ff032593-a8d3-4f13-b0d6-01fc615a0f97}"/><EventID>5</EventID><Version>3</Version><Level>4</Level><Task>5</Task><Opcode>0</Opcode><Keywords>0x8000000000000000</Keywords><TimeCreated SystemTime="2026-01-21T11:07:31.067816000Z"/><EventRecordID>18738</EventRecordID><Correlation/><Execution ProcessID="1075" ThreadID="1075"/><Channel>Linux-Sysmon/Operational</Channel><Computer>ubuntu-sysmon</Computer><Security UserId="0"/></System><EventData><Data Name="RuleName">-</Data><Data Name="UtcTime">2026-01-21 11:07:31.076</Data><Data Name="ProcessGuid">{25a00e74-b36f-6970-dd88-eb6307570000}</Data><Data Name="ProcessId">1805</Data><Data Name="Image">/usr/libexec/xdg-desktop-portal</Data><Data Name="User">ubuntu</Data></EventData></Event>
<Event><System><Provider Name="Linux-Sysmon" Guid="{ff032593-a8d3-4f13-b0d6-01fc615a0f97}"/><EventID>5</EventID><Version>3</Version><Level>4</Level><Task>5</Task><Opcode>0</Opcode><Keywords>0x8000000000000000</Keywords><TimeCreated SystemTime="2026-01-21T11:07:32.669197000Z"/><EventRecordID>18739</EventRecordID><Correlation/><Execution ProcessID="1075" ThreadID="1075"/><Channel>Linux-Sysmon/Operational</Channel><Computer>ubuntu-sysmon</Computer><Security UserId="0"/></System><EventData><Data Name="RuleName">-</Data><Data Name="UtcTime">2026-01-21 11:07:32.678</Data><Data Name="ProcessGuid">{00000000-0000-0000-0000-000000000000}</Data><Data Name="ProcessId">1911</Data><Data Name="Image">&lt;unknown process&gt;</Data><Data Name="User">root</Data></EventData></Event>
<Event><System><Provider Name="Linux-Sysmon" Guid="{ff032593-a8d3-4f13-b0d6-01fc615a0f97}"/><EventID>5</EventID><Version>3</Version><Level>4</Level><Task>5</Task><Opcode>0</Opcode><Keywords>0x8000000000000000</Keywords><TimeCreated SystemTime="2026-01-21T11:07:32.669328000Z"/><EventRecordID>18740</EventRecordID><Correlation/><Execution ProcessID="1075" ThreadID="1075"/><Channel>Linux-Sysmon/Operational</Channel><Computer>ubuntu-sysmon</Computer><Security UserId="0"/></System><EventData><Data Name="RuleName">-</Data><Data Name="UtcTime">2026-01-21 11:07:32.678</Data><Data Name="ProcessGuid">{00000000-0000-0000-0000-000000000000}</Data><Data Name="ProcessId">1924</Data><Data Name="Image">&lt;unknown process&gt;</Data><Data Name="User">root</Data></EventData></Event>
<Event><System><Provider Name="Linux-Sysmon" Guid="{ff032593-a8d3-4f13-b0d6-01fc615a0f97}"/><EventID>5</EventID><Version>3</Version><Level>4</Level><Task>5</Task><Opcode>0</Opcode><Keywords>0x8000000000000000</Keywords><TimeCreated SystemTime="2026-01-21T11:07:35.565628000Z"/><EventRecordID>18741</EventRecordID><Correlation/><Execution ProcessID="1075" ThreadID="1075"/><Channel>Linux-Sysmon/Operational</Channel><Computer>ubuntu-sysmon</Computer><Security UserId="0"/></System><EventData><Data Name="RuleName">-</Data><Data Name="UtcTime">2026-01-21 11:07:35.574</Data><Data Name="ProcessGuid">{25a00e74-b36d-6970-b988-1b38a45b0000}</Data><Data Name="ProcessId">1125</Data><Data Name="Image">/usr/libexec/nm-dispatcher</Data><Data Name="User">root</Data></EventData></Event>
<Event><System><Provider Name="Linux-Sysmon" Guid="{ff032593-a8d3-4f13-b0d6-01fc615a0f97}"/><EventID>5</EventID><Version>3</Version><Level>4</Level><Task>5</Task><Opcode>0</Opcode><Keywords>0x8000000000000000</Keywords><TimeCreated SystemTime="2026-01-21T11:07:35.565686000Z"/><EventRecordID>18742</EventRecordID><Correlation/><Execution ProcessID="1075" ThreadID="1075"/><Channel>Linux-Sysmon/Operational</Channel><Computer>ubuntu-sysmon</Computer><Security UserId="0"/></System><EventData><Data Name="RuleName">-</Data><Data Name="UtcTime">2026-01-21 11:07:35.574</Data><Data Name="ProcessGuid">{25a00e74-b36d-6970-b988-1b38a45b0000}</Data><Data Name="ProcessId">1125</Data><Data Name="Image">/usr/libexec/nm-dispatcher</Data><Data Name="User">root</Data></EventData></Event>
<Event><System><Provider Name="Linux-Sysmon" Guid="{ff032593-a8d3-4f13-b0d6-01fc615a0f97}"/><EventID>5</EventID><Version>3</Version><Level>4</Level><Task>5</Task><Opcode>0</Opcode><Keywords>0x8000000000000000</Keywords><TimeCreated SystemTime="2026-01-21T11:07:35.565698000Z"/><EventRecordID>18743</EventRecordID><Correlation/><Execution ProcessID="1075" ThreadID="1075"/><Channel>Linux-Sysmon/Operational</Channel><Computer>ubuntu-sysmon</Computer><Security UserId="0"/></System><EventData><Data Name="RuleName">-</Data><Data Name="UtcTime">2026-01-21 11:07:35.574</Data><Data Name="ProcessGuid">{25a00e74-b36d-6970-b988-1b38a45b0000}</Data><Data Name="ProcessId">1125</Data><Data Name="Image">/usr/libexec/nm-dispatcher</Data><Data Name="User">root</Data></EventData></Event>
<Event><System><Provider Name="Linux-Sysmon" Guid="{ff032593-a8d3-4f13-b0d6-01fc615a0f97}"/><EventID>5</EventID><Version>3</Version><Level>4</Level><Task>5</Task><Opcode>0</Opcode><Keywords>0x8000000000000000</Keywords><TimeCreated SystemTime="2026-01-21T11:07:35.565706000Z"/><EventRecordID>18744</EventRecordID><Correlation/><Execution ProcessID="1075" ThreadID="1075"/><Channel>Linux-Sysmon/Operational</Channel><Computer>ubuntu-sysmon</Computer><Security UserId="0"/></System><EventData><Data Name="RuleName">-</Data><Data Name="UtcTime">2026-01-21 11:07:35.574</Data><Data Name="ProcessGuid">{25a00e74-b36d-6970-b988-1b38a45b0000}</Data><Data Name="ProcessId">1125</Data><Data Name="Image">/usr/libexec/nm-dispatcher</Data><Data Name="User">root</Data></EventData></Event>
<Event><System><Provider Name="Linux-Sysmon" Guid="{ff032593-a8d3-4f13-b0d6-01fc615a0f97}"/><EventID>5</EventID><Version>3</Version><Level>4</Level><Task>5</Task><Opcode>0</Opcode><Keywords>0x8000000000000000</Keywords><TimeCreated SystemTime="2026-01-21T11:07:35.566344000Z"/><EventRecordID>18745</EventRecordID><Correlation/><Execution ProcessID="1075" ThreadID="1075"/><Channel>Linux-Sysmon/Operational</Channel><Computer>ubuntu-sysmon</Computer><Security UserId="0"/></System><EventData><Data Name="RuleName">-</Data><Data Name="UtcTime">2026-01-21 11:07:35.575</Data><Data Name="ProcessGuid">{25a00e74-b36d-6970-b988-1b38a45b0000}</Data><Data Name="ProcessId">1125</Data><Data Name="Image">/usr/libexec/nm-dispatcher</Data><Data Name="User">root</Data></EventData></Event>
<Event><System><Provider Name="Linux-Sysmon" Guid="{ff032593-a8d3-4f13-b0d6-01fc615a0f97}"/><EventID>5</EventID><Version>3</Version><Level>4</Level><Task>5</Task><Opcode>0</Opcode><Keywords>0x8000000000000000</Keywords><TimeCreated SystemTime="2026-01-21T11:07:35.566746000Z"/><EventRecordID>18746</EventRecordID><Correlation/><Execution ProcessID="1075" ThreadID="1075"/><Channel>Linux-Sysmon/Operational</Channel><Computer>ubuntu-sysmon</Computer><Security UserId="0"/></System><EventData><Data Name="RuleName">-</Data><Data Name="UtcTime">2026-01-21 11:07:35.576</Data><Data Name="ProcessGuid">{25a00e74-b377-6970-0000-000000000000}</Data><Data Name="ProcessId">2111</Data><Data Name="Image">-</Data><Data Name="User">root</Data></EventData></Event>
<Event><System><Provider Name="Linux-Sysmon" Guid="{ff032593-a8d3-4f13-b0d6-01fc615a0f97}"/><EventID>1</EventID><Version>5</Version><Level>4</Level><Task>1</Task><Opcode>0</Opcode><Keywords>0x8000000000000000</Keywords><TimeCreated SystemTime="2026-01-21T11:07:36.703574000Z"/><EventRecordID>18747</EventRecordID><Correlation/><Execution ProcessID="1075" ThreadID="1075"/><Channel>Linux-Sysmon/Operational</Channel><Computer>ubuntu-sysmon</Computer><Security UserId="0"/></System><EventData><Data Name="RuleName">-</Data><Data Name="UtcTime">2026-01-21 11:07:30.696</Data><Data Name="ProcessGuid">{25a00e74-b372-6970-cd5b-813a75590000}</Data><Data Name="ProcessId">2109</Data><Data Name="Image">/usr/bin/journalctl</Data><Data Name="FileVersion">-</Data><Data Name="Description">-</Data><Data Name="Product">-</Data><Data Name="Company">-</Data><Data Name="OriginalFileName">-</Data><Data Name="CommandLine">/bin/journalctl --boot 0 --dmesg --output short-monotonic --quiet --no-pager --no-hostname</Data><Data Name="CurrentDirectory">/</Data><Data Name="User">root</Data><Data Name="LogonGuid">{25a00e74-0000-0000-0000-000000000000}</Data><Data Name="LogonId">0</Data><Data Name="TerminalSessionId">4294967295</Data><Data Name="IntegrityLevel">no level</Data><Data Name="Hashes">SHA256=98c37146136f1088122d64fc38b09509174effff35f414cabac01754bc32d81e</Data><Data Name="ParentProcessGuid">{00000000-0000-0000-0000-000000000000}</Data><Data Name="ParentProcessId">1</Data><Data Name="ParentImage">-</Data><Data Name="ParentCommandLine">-</Data><Data Name="ParentUser">-</Data></EventData></Event>
<Event><System><Provider Name="Linux-Sysmon" Guid="{ff032593-a8d3-4f13-b0d6-01fc615a0f97}"/><EventID>1</EventID><Version>5</Version><Level>4</Level><Task>1</Task><Opcode>0</Opcode><Keywords>0x8000000000000000</Keywords><TimeCreated SystemTime="2026-01-21T11:07:36.706065000Z"/><EventRecordID>18748</EventRecordID><Correlation/><Execution ProcessID="1075" ThreadID="1075"/><Channel>Linux-Sysmon/Operational</Channel><Computer>ubuntu-sysmon</Computer><Security UserId="0"/></System><EventData><Data Name="RuleName">-</Data><Data Name="UtcTime">2026-01-21 11:07:30.701</Data><Data Name="ProcessGuid">{25a00e74-b372-6970-d190-3862d9640000}</Data><Data Name="ProcessId">2110</Data><Data Name="Image">/usr/bin/chgrp</Data><Data Name="FileVersion">-</Data><Data Name="Description">-</Data><Data Name="Product">-</Data><Data Name="Company">-</Data><Data Name="OriginalFileName">-</Data><Data Name="CommandLine">/bin/chgrp adm /var/log/dmesg</Data><Data Name="CurrentDirectory">/</Data><Data Name="User">root</Data><Data Name="LogonGuid">{25a00e74-0000-0000-0000-000000000000}</Data><Data Name="LogonId">0</Data><Data Name="TerminalSessionId">4294967295</Data><Data Name="IntegrityLevel">no level</Data><Data Name="Hashes">SHA256=65161da04fb2d49419094bf2c21470450b1c8e62d77278b0fe0a666be1cfbe0a</Data><Data Name="ParentProcessGuid">{00000000-0000-0000-0000-000000000000}</Data><Data Name="ParentProcessId">1</Data><Data Name="ParentImage">-</Data><Data Name="ParentCommandLine">-</Data><Data Name="ParentUser">-</Data></EventData></Event>
<Event><System><Provider Name="Linux-Sysmon" Guid="{ff032593-a8d3-4f13-b0d6-01fc615a0f97}"/><EventID>5</EventID><Version>3</Version><Level>4</Level><Task>5</Task><Opcode>0</Opcode><Keywords>0x8000000000000000</Keywords><TimeCreated SystemTime="2026-01-21T11:07:36.706707000Z"/><EventRecordID>18749</EventRecordID><Correlation/><Execution ProcessID="1075" ThreadID="1075"/><Channel>Linux-Sysmon/Operational</Channel><Computer>ubuntu-sysmon</Computer><Security UserId="0"/></System><EventData><Data Name="RuleName">-</Data><Data Name="UtcTime">2026-01-21 11:07:36.715</Data><Data Name="ProcessGuid">{25a00e74-b372-6970-d190-3862d9640000}</Data><Data Name="ProcessId">2110</Data><Data Name="Image">/usr/bin/chgrp</Data><Data Name="User">root</Data></EventData></Event>
