<Event><System><Provider Name="Linux-Sysmon" Guid="{ff032593-a8d3-4f13-b0d6-01fc615a0f97}"/><EventID>5</EventID><Version>3</Version><Level>4</Level><Task>5</Task><Opcode>0</Opcode><Keywords>0x8000000000000000</Keywords><TimeCreated SystemTime="2026-01-21T11:12:33.689559000Z"/><EventRecordID>19233</EventRecordID><Correlation/><Execution ProcessID="1075" ThreadID="1075"/><Channel>Linux-Sysmon/Operational</Channel><Computer>ubuntu-sysmon</Computer><Security UserId="0"/></System><EventData><Data Name="RuleName">-</Data><Data Name="UtcTime">2026-01-21 11:12:33.698</Data><Data Name="ProcessGuid">{25a00e74-b4a1-6970-fd9f-8ca3b35e0000}</Data><Data Name="ProcessId">2418</Data><Data Name="Image">/usr/bin/unsquashfs</Data><Data Name="User">root</Data></EventData></Event>
<Event><System><Provider Name="Linux-Sysmon" Guid="{ff032593-a8d3-4f13-b0d6-01fc615a0f97}"/><EventID>5</EventID><Version>3</Version><Level>4</Level><Task>5</Task><Opcode>0</Opcode><Keywords>0x8000000000000000</Keywords><TimeCreated SystemTime="2026-01-21T11:12:33.689570000Z"/><EventRecordID>19234</EventRecordID><Correlation/><Execution ProcessID="1075" ThreadID="1075"/><Channel>Linux-Sysmon/Operational</Channel><Computer>ubuntu-sysmon</Computer><Security UserId="0"/></System><EventData><Data Name="RuleName">-</Data><Data Name="UtcTime">2026-01-21 11:12:33.698</Data><Data Name="ProcessGuid">{25a00e74-b4a1-6970-fd9f-8ca3b35e0000}</Data><Data Name="ProcessId">2418</Data><Data Name="Image">/usr/bin/unsquashfs</Data><Data Name="User">root</Data></EventData></Event>
<Event><System><Provider Name="Linux-Sysmon" Guid="{ff032593-a8d3-4f13-b0d6-01fc615a0f97}"/><EventID>5</EventID><Version>3</Version><Level>4</Level><Task>5</Task><Opcode>0</Opcode><Keywords>0x8000000000000000</Keywords><TimeCreated SystemTime="2026-01-21T11:12:33.689626000Z"/><EventRecordID>19235</EventRecordID><Correlation/><Execution ProcessID="1075" ThreadID="1075"/><Channel>Linux-Sysmon/Operational</Channel><Computer>ubuntu-sysmon</Computer><Security UserId="0"/></System><EventData><Data Name="RuleName">-</Data><Data Name="UtcTime">2026-01-21 11:12:33.698</Data><Data Name="ProcessGuid">{25a00e74-b4a1-6970-fd9f-8ca3b35e0000}</Data><Data Name="ProcessId">2418</Data><Data Name="Image">/usr/bin/unsquashfs</Data><Data Name="User">root</Data></EventData></Event>
<Event><System><Provider Name="Linux-Sysmon" Guid="{ff032593-a8d3-4f13-b0d6-01fc615a0f97}"/><EventID>5</EventID><Version>3</Version><Level>4</Level><Task>5</Task><Opcode>0</Opcode><Keywords>0x8000000000000000</Keywords><TimeCreated SystemTime="2026-01-21T11:12:33.689942000Z"/><EventRecordID>19236</EventRecordID><Correlation/><Execution ProcessID="1075" ThreadID="1075"/><Channel>Linux-Sysmon/Operational</Channel><Computer>ubuntu-sysmon</Computer><Security UserId="0"/></System><EventData><Data Name="RuleName">-</Data><Data Name="UtcTime">2026-01-21 11:12:33.699</Data><Data Name="ProcessGuid">{25a00e74-b4a1-6970-fd9f-8ca3b35e0000}</Data><Data Name="ProcessId">2418</Data><Data Name="Image">/usr/bin/unsquashfs</Data><Data Name="User">root</Data></EventData></Event>
<Event><System><Provider Name="Linux-Sysmon" Guid="{ff032593-a8d3-4f13-b0d6-01fc615a0f97}"/><EventID>5</EventID><Version>3</Version><Level>4</Level><Task>5</Task><Opcode>0</Opcode><Keywords>0x8000000000000000</Keywords><TimeCreated SystemTime="2026-01-21T11:12:33.689973000Z"/><EventRecordID>19237</EventRecordID><Correlation/><Execution ProcessID="1075" ThreadID="1075"/><Channel>Linux-Sysmon/Operational</Channel><Computer>ubuntu-sysmon</Computer><Security UserId="0"/></System><EventData><Data Name="RuleName">-</Data><Data Name="UtcTime">2026-01-21 11:12:33.699</Data><Data Name="ProcessGuid">{25a00e74-b4a1-6970-fd9f-8ca3b35e0000}</Data><Data Name="ProcessId">2418</Data><Data Name="Image">/usr/bin/unsquashfs</Data><Data Name="User">root</Data></EventData></Event>
<Event><System><Provider Name="Linux-Sysmon" Guid="{ff032593-a8d3-4f13-b0d6-01fc615a0f97}"/><EventID>1</EventID><Version>5</Version><Level>4</Level><Task>1</Task><Opcode>0</Opcode><Keywords>0x8000000000000000</Keywords><TimeCreated SystemTime="2026-01-21T11:12:33.691162000Z"/><EventRecordID>19238</EventRecordID><Correlation/><Execution ProcessID="1075" ThreadID="1075"/><Channel>Linux-Sysmon/Operational</Channel><Computer>ubuntu-sysmon</Computer><Security UserId="0"/></System><EventData><Data Name="RuleName">-</Data><Data Name="UtcTime">2026-01-21 11:12:33.699</Data><Data Name="ProcessGuid">{25a00e74-b4a1-6970-fd6f-7f98c6630000}</Data><Data Name="ProcessId">2425</Data><Data Name="Image">/usr/bin/unsquashfs</Data><Data Name="FileVersion">-</Data><Data Name="Description">-</Data><Data Name="Product">-</Data><Data Name="Company">-</Data><Data Name="OriginalFileName">-</Data><Data Name="CommandLine">unsquashfs -no-progress -dest _ -l /var/lib/snapd/snaps/snapd-desktop-integration_315.snap meta/hooks</Data><Data Name="CurrentDirectory">/</Data><Data Name="User">root</Data><Data Name="LogonGuid">{25a00e74-0000-0000-0000-000000000000}</Data><Data Name="LogonId">0</Data><Data Name="TerminalSessionId">4294967295</Data><Data Name="IntegrityLevel">no level</Data><Data Name="Hashes">SHA256=b305985eb764b6d0ef757571e3e44044ebf71c827c4263efe576e9e14b4abcfb</Data><Data Name="ParentProcessGuid">{00000000-0000-0000-0000-000000000000}</Data><Data Name="ParentProcessId">854</Data><Data Name="ParentImage">-</Data><Data Name="ParentCommandLine">-</Data><Data Name="ParentUser">-</Data></EventData></Event>
<Event><System><Provider Name="Linux-Sysmon" Guid="{ff032593-a8d3-4f13-b0d6-01fc615a0f97}"/><EventID>5</EventID><Version>3</Version><Level>4</Level><Task>5</Task><Opcode>0</Opcode><Keywords>0x8000000000000000</Keywords><TimeCreated SystemTime="2026-01-21T11:12:33.691199000Z"/><EventRecordID>19239</EventRecordID><Correlation/><Execution ProcessID="1075" ThreadID="1075"/><Channel>Linux-Sysmon/Operational</Channel><Computer>ubuntu-sysmon</Computer><Security UserId="0"/></System><EventData><Data Name="RuleName">-</Data><Data Name="UtcTime">2026-01-21 11:12:33.700</Data><Data Name="ProcessGuid">{25a00e74-b4a1-6970-fd6f-7f98c6630000}</Data><Data Name="ProcessId">2425</Data><Data Name="Image">/usr/bin/unsquashfs</Data><Data Name="User">root</Data></EventData></Event>
<Event><System><Provider Name="Linux-Sysmon" Guid="{ff032593-a8d3-4f13-b0d6-01fc615a0f97}"/><EventID>1</EventID><Version>5</Version><Level>4</Level><Task>1</Task><Opcode>0</Opcode><Keywords>0x8000000000000000</Keywords><TimeCreated SystemTime="2026-01-21T11:12:33.692362000Z"/><EventRecordID>19240</EventRecordID><Correlation/><Execution ProcessID="1075" ThreadID="1075"/><Channel>Linux-Sysmon/Operational</Channel><Computer>ubuntu-sysmon</Computer><Security UserId="0"/></System><EventData><Data Name="RuleName">-</Data><Data Name="UtcTime">2026-01-21 11:12:33.700</Data><Data Name="ProcessGuid">{25a00e74-b4a1-6970-fdcf-8e8e37610000}</Data><Data Name="ProcessId">2426</Data><Data Name="Image">/usr/bin/unsquashfs</Data><Data Name="FileVersion">-</Data><Data Name="Description">-</Data><Data Name="Product">-</Data><Data Name="Company">-</Data><Data Name="OriginalFileName">-</Data><Data Name="CommandLine">unsquashfs -n -i -d /tmp/read-file89981567/unpack /var/lib/snapd/snaps/snapd-desktop-integration_315.snap meta/snapshots.yaml</Data><Data Name="CurrentDirectory">/</Data><Data Name="User">root</Data><Data Name="LogonGuid">{25a00e74-0000-0000-0000-000000000000}</Data><Data Name="LogonId">0</Data><Data Name="TerminalSessionId">4294967295</Data><Data Name="IntegrityLevel">no level</Data><Data Name="Hashes">SHA256=b305985eb764b6d0ef757571e3e44044ebf71c827c4263efe576e9e14b4abcfb</Data><Data Name="ParentProcessGuid">{00000000-0000-0000-0000-000000000000}</Data><Data Name="ParentProcessId">854</Data><Data Name="ParentImage">-</Data><Data Name="ParentCommandLine">-</Data><Data Name="ParentUser">-</Data></EventData></Event>
<Event><System><Provider Name="Linux-Sysmon" Guid="{ff032593-a8d3-4f13-b0d6-01fc615a0f97}"/><EventID>5</EventID><Version>3</Version><Level>4</Level><Task>5</Task><Opcode>0</Opcode><Keywords>0x8000000000000000</Keywords><TimeCreated SystemTime="2026-01-21T11:12:33.693122000Z"/><EventRecordID>19241</EventRecordID><Correlation/><Execution ProcessID="1075" ThreadID="1075"/><Channel>Linux-Sysmon/Operational</Channel><Computer>ubuntu-sysmon</Computer><Security UserId="0"/></System><EventData><Data Name="RuleName">-</Data><Data Name="UtcTime">2026-01-21 11:12:33.702</Data><Data Name="ProcessGuid">{25a00e74-b4a1-6970-fdcf-8e8e37610000}</Data><Data Name="ProcessId">2426</Data><Data Name="Image">/usr/bin/unsquashfs</Data><Data Name="User">root</Data></EventData></Event>
<Event><System><Provider Name="Linux-Sysmon" Guid="{ff032593-a8d3-4f13-b0d6-01fc615a0f97}"/><EventID>5</EventID><Version>3</Version><Level>4</Level><Task>5</Task><Opcode>0</Opcode><Keywords>0x8000000000000000</Keywords><TimeCreated SystemTime="2026-01-21T11:12:33.693155000Z"/><EventRecordID>19242</EventRecordID><Correlation/><Execution ProcessID="1075" ThreadID="1075"/><Channel>Linux-Sysmon/Operational</Channel><Computer>ubuntu-sysmon</Computer><Security UserId="0"/></System><EventData><Data Name="RuleName">-</Data><Data Name="UtcTime">2026-01-21 11:12:33.702</Data><Data Name="ProcessGuid">{25a00e74-b4a1-6970-fdcf-8e8e37610000}</Data><Data Name="ProcessId">2426</Data><Data Name="Image">/usr/bin/unsquashfs</Data><Data Name="User">root</Data></EventData></Event>
<Event><System><Provider Name="Linux-Sysmon" Guid="{ff032593-a8d3-4f13-b0d6-01fc615a0f97}"/><EventID>5</EventID><Version>3</Version><Level>4</Level><Task>5</Task><Opcode>0</Opcode><Keywords>0x8000000000000000</Keywords><TimeCreated SystemTime="2026-01-21T11:12:33.693170000Z"/><EventRecordID>19243</EventRecordID><Correlation/><Execution ProcessID="1075" ThreadID="1075"/><Channel>Linux-Sysmon/Operational</Channel><Computer>ubuntu-sysmon</Computer><Security UserId="0"/></System><EventData><Data Name="RuleName">-</Data><Data Name="UtcTime">2026-01-21 11:12:33.702</Data><Data Name="ProcessGuid">{25a00e74-b4a1-6970-fdcf-8e8e37610000}</Data><Data Name="ProcessId">2426</Data><Data Name="Image">/usr/bin/unsquashfs</Data><Data Name="User">root</Data></EventData></Event>
<Event><System><Provider Name="Linux-Sysmon" Guid="{ff032593-a8d3-4f13-b0d6-01fc615a0f97}"/><EventID>5</EventID><Version>3</Version><Level>4</Level><Task>5</Task><Opcode>0</Opcode><Keywords>0x8000000000000000</Keywords><TimeCreated SystemTime="2026-01-21T11:12:33.693195000Z"/><EventRecordID>19244</EventRecordID><Correlation/><Execution ProcessID="1075" ThreadID="1075"/><Channel>Linux-Sysmon/Operational</Channel><Computer>ubuntu-sysmon</Computer><Security UserId="0"/></System><EventData><Data Name="RuleName">-</Data><Data Name="UtcTime">2026-01-21 11:12:33.702</Data><Data Name="ProcessGuid">{25a00e74-b4a1-6970-fdcf-8e8e37610000}</Data><Data Name="ProcessId">2426</Data><Data Name="Image">/usr/bin/unsquashfs</Data><Data Name="User">root</Data></EventData></Event>
<Event><System><Provider Name="Linux-Sysmon" Guid="{ff032593-a8d3-4f13-b0d6-01fc615a0f97}"/><EventID>5</EventID><Version>3</Version><Level>4</Level><Task>5</Task><Opcode>0</Opcode><Keywords>0x8000000000000000</Keywords><TimeCreated SystemTime="2026-01-21T11:12:33.693289000Z"/><EventRecordID>19245</EventRecordID><Correlation/><Execution ProcessID="1075" ThreadID="1075"/><Channel>Linux-Sysmon/Operational</Channel><Computer>ubuntu-sysmon</Computer><Security UserId="0"/></System><EventData><Data Name="RuleName">-</Data><Data Name="UtcTime">2026-01-21 11:12:33.702</Data><Data Name="ProcessGuid">{25a00e74-b4a1-6970-fdcf-8e8e37610000}</Data><Data Name="ProcessId">2426</Data><Data Name="Image">/usr/bin/unsquashfs</Data><Data Name="User">root</Data></EventData></Event>
<Event><System><Provider Name="Linux-Sysmon" Guid="{ff032593-a8d3-4f13-b0d6-01fc615a0f97}"/><EventID>5</EventID><Version>3</Version><Level>4</Level><Task>5</Task><Opcode>0</Opcode><Keywords>0x8000000000000000</Keywords><TimeCreated SystemTime="2026-01-21T11:12:33.693528000Z"/><EventRecordID>19246</EventRecordID><Correlation/><Execution ProcessID="1075" ThreadID="1075"/><Channel>Linux-Sysmon/Operational</Channel><Computer>ubuntu-sysmon</Computer><Security UserId="0"/></System><EventData><Data Name="RuleName">-</Data><Data Name="UtcTime">2026-01-21 11:12:33.702</Data><Data Name="ProcessGuid">{25a00e74-b4a1-6970-fdcf-8e8e37610000}</Data><Data Name="ProcessId">2426</Data><Data Name="Image">/usr/bin/unsquashfs</Data><Data Name="User">root</Data></EventData></Event>
<Event><System><Provider Name="Linux-Sysmon" Guid="{ff032593-a8d3-4f13-b0d6-01fc615a0f97}"/><EventID>5</EventID><Version>3</Version><Level>4</Level><Task>5</Task><Opcode>0</Opcode><Keywords>0x8000000000000000</Keywords><TimeCreated SystemTime="2026-01-21T11:12:33.693677000Z"/><EventRecordID>19247</EventRecordID><Correlation/><Execution ProcessID="1075" ThreadID="1075"/><Channel>Linux-Sysmon/Operational</Channel><Computer>ubuntu-sysmon</Computer><Security UserId="0"/></System><EventData><Data Name="RuleName">-</Data><Data Name="UtcTime">2026-01-21 11:12:33.702</Data><Data Name="ProcessGuid">{25a00e74-b4a1-6970-fdcf-8e8e37610000}</Data><Data Name="ProcessId">2426</Data><Data Name="Image">/usr/bin/unsquashfs</Data><Data Name="User">root</Data></EventData></Event>
<Event><System><Provider Name="Linux-Sysmon" Guid="{ff032593-a8d3-4f13-b0d6-01fc615a0f97}"/><EventID>1</EventID><Version>5</Version><Level>4</Level><Task>1</Task><Opcode>0</Opcode><Keywords>0x8000000000000000</Keywords><TimeCreated SystemTime="2026-01-21T11:12:33.694566000Z"/><EventRecordID>19248</EventRecordID><Correlation/><Execution ProcessID="1075" ThreadID="1075"/><Channel>Linux-Sysmon/Operational</Channel><Computer>ubuntu-sysmon</Computer><Security UserId="0"/></System><EventData><Data Name="RuleName">-</Data><Data Name="UtcTime">2026-01-21 11:12:33.703</Data><Data Name="ProcessGuid">{25a00e74-b4a1-6970-fd2f-39d89f5d0000}</Data><Data Name="ProcessId">2433</Data><Data Name="Image">/usr/bin/unsquashfs</Data><Data Name="FileVersion">-</Data><Data Name="Description">-</Data><Data Name="Product">-</Data><Data Name="Company">-</Data><Data Name="OriginalFileName">-</Data><Data Name="CommandLine">unsquashfs -no-progress -dest . -ll /var/lib/snapd/snaps/snapd-desktop-integration_315.snap</Data><Data Name="CurrentDirectory">/</Data><Data Name="User">root</Data><Data Name="LogonGuid">{25a00e74-0000-0000-0000-000000000000}</Data><Data Name="LogonId">0</Data><Data Name="TerminalSessionId">4294967295</Data><Data Name="IntegrityLevel">no level</Data><Data Name="Hashes">SHA256=b305985eb764b6d0ef757571e3e44044ebf71c827c4263efe576e9e14b4abcfb</Data><Data Name="ParentProcessGuid">{00000000-0000-0000-0000-000000000000}</Data><Data Name="ParentProcessId">854</Data><Data Name="ParentImage">-</Data><Data Name="ParentCommandLine">-</Data><Data Name="ParentUser">-</Data></EventData></Event>
<Event><System><Provider Name="Linux-Sysmon" Guid="{ff032593-a8d3-4f13-b0d6-01fc615a0f97}"/><EventID>5</EventID><Version>3</Version><Level>4</Level><Task>5</Task><Opcode>0</Opcode><Keywords>0x8000000000000000</Keywords><TimeCreated SystemTime="2026-01-21T11:12:33.696297000Z"/><EventRecordID>19249</EventRecordID><Correlation/><Execution ProcessID="1075" ThreadID="1075"/><Channel>Linux-Sysmon/Operational</Channel><Computer>ubuntu-sysmon</Computer><Security UserId="0"/></System><EventData><Data Name="RuleName">-</Data><Data Name="UtcTime">2026-01-21 11:12:33.705</Data><Data Name="ProcessGuid">{25a00e74-b4a1-6970-fd2f-39d89f5d0000}</Data><Data Name="ProcessId">2433</Data><Data Name="Image">/usr/bin/unsquashfs</Data><Data Name="User">root</Data></EventData></Event>
<Event><System><Provider Name="Linux-Sysmon" Guid="{ff032593-a8d3-4f13-b0d6-01fc615a0f97}"/><EventID>1</EventID><Version>5</Version><Level>4</Level><Task>1</Task><Opcode>0</Opcode><Keywords>0x8000000000000000</Keywords><TimeCreated SystemTime="2026-01-21T11:12:33.697189000Z"/><EventRecordID>19250</EventRecordID><Correlation/><Execution ProcessID="1075" ThreadID="1075"/><Channel>Linux-Sysmon/Operational</Channel><Computer>ubuntu-sysmon</Computer><Security UserId="0"/></System><EventData><Data Name="RuleName">-</Data><Data Name="UtcTime">2026-01-21 11:12:33.706</Data><Data Name="ProcessGuid">{25a00e74-b4a1-6970-fdcf-60925f5d0000}</Data><Data Name="ProcessId">2434</Data><Data Name="Image">/usr/bin/unsquashfs</Data><Data Name="FileVersion">-</Data><Data Name="Description">-</Data><Data Name="Product">-</Data><Data Name="Company">-</Data><Data Name="OriginalFileName">-</Data><Data Name="CommandLine">unsquashfs -n -i -d /tmp/read-file4283171189/unpack /var/lib/snapd/snaps/snapd-desktop-integration_315.snap meta/snap.yaml</Data><Data Name="CurrentDirectory">/</Data><Data Name="User">root</Data><Data Name="LogonGuid">{25a00e74-0000-0000-0000-000000000000}</Data><Data Name="LogonId">0</Data><Data Name="TerminalSessionId">4294967295</Data><Data Name="IntegrityLevel">no level</Data><Data Name="Hashes">SHA256=b305985eb764b6d0ef757571e3e44044ebf71c827c4263efe576e9e14b4abcfb</Data><Data Name="ParentProcessGuid">{00000000-0000-0000-0000-000000000000}</Data><Data Name="ParentProcessId">854</Data><Data Name="ParentImage">-</Data><Data Name="ParentCommandLine">-</Data><Data Name="ParentUser">-</Data></EventData></Event>
<Event><System><Provider Name="Linux-Sysmon" Guid="{ff032593-a8d3-4f13-b0d6-01fc615a0f97}"/><EventID>5</EventID><Version>3</Version><Level>4</Level><Task>5</Task><Opcode>0</Opcode><Keywords>0x8000000000000000</Keywords><TimeCreated SystemTime="2026-01-21T11:12:33.699537000Z"/><EventRecordID>19251</EventRecordID><Correlation/><Execution ProcessID="1075" ThreadID="1075"/><Channel>Linux-Sysmon/Operational</Channel><Computer>ubuntu-sysmon</Computer><Security UserId="0"/></System><EventData><Data Name="RuleName">-</Data><Data Name="UtcTime">2026-01-21 11:12:33.708</Data><Data Name="ProcessGuid">{25a00e74-b4a1-6970-fdcf-60925f5d0000}</Data><Data Name="ProcessId">2434</Data><Data Name="Image">/usr/bin/unsquashfs</Data><Data Name="User">root</Data></EventData></Event>
<Event><System><Provider Name="Linux-Sysmon" Guid="{ff032593-a8d3-4f13-b0d6-01fc615a0f97}"/><EventID>5</EventID><Version>3</Version><Level>4</Level><Task>5</Task><Opcode>0</Opcode><Keywords>0x8000000000000000</Keywords><TimeCreated SystemTime="2026-01-21T11:12:33.699568000Z"/><EventRecordID>19252</EventRecordID><Correlation/><Execution ProcessID="1075" ThreadID="1075"/><Channel>Linux-Sysmon/Operational</Channel><Computer>ubuntu-sysmon</Computer><Security UserId="0"/></System><EventData><Data Name="RuleName">-</Data><Data Name="UtcTime">2026-01-21 11:12:33.708</Data><Data Name="ProcessGuid">{25a00e74-b4a1-6970-fdcf-60925f5d0000}</Data><Data Name="ProcessId">2434</Data><Data Name="Image">/usr/bin/unsquashfs</Data><Data Name="User">root</Data></EventData></Event>
<Event><System><Provider Name="Linux-Sysmon" Guid="{ff032593-a8d3-4f13-b0d6-01fc615a0f97}"/><EventID>5</EventID><Version>3</Version><Level>4</Level><Task>5</Task><Opcode>0</Opcode><Keywords>0x8000000000000000</Keywords><TimeCreated SystemTime="2026-01-21T11:12:33.699621000Z"/><EventRecordID>19253</EventRecordID><Correlation/><Execution ProcessID="1075" ThreadID="1075"/><Channel>Linux-Sysmon/Operational</Channel><Computer>ubuntu-sysmon</Computer><Security UserId="0"/></System><EventData><Data Name="RuleName">-</Data><Data Name="UtcTime">2026-01-21 11:12:33.708</Data><Data Name="ProcessGuid">{25a00e74-b4a1-6970-fdcf-60925f5d0000}</Data><Data Name="ProcessId">2434</Data><Data Name="Image">/usr/bin/unsquashfs</Data><Data Name="User">root</Data></EventData></Event>
<Event><System><Provider Name="Linux-Sysmon" Guid="{ff032593-a8d3-4f13-b0d6-01fc615a0f97}"/><EventID>5</EventID><Version>3</Version><Level>4</Level><Task>5</Task><Opcode>0</Opcode><Keywords>0x8000000000000000</Keywords><TimeCreated SystemTime="2026-01-21T11:12:33.699643000Z"/><EventRecordID>19254</EventRecordID><Correlation/><Execution ProcessID="1075" ThreadID="1075"/><Channel>Linux-Sysmon/Operational</Channel><Computer>ubuntu-sysmon</Computer><Security UserId="0"/></System><EventData><Data Name="RuleName">-</Data><Data Name="UtcTime">2026-01-21 11:12:33.708</Data><Data Name="ProcessGuid">{25a00e74-b4a1-6970-fdcf-60925f5d0000}</Data><Data Name="ProcessId">2434</Data><Data Name="Image">/usr/bin/unsquashfs</Data><Data Name="User">root</Data></EventData></Event>
<Event><System><Provider Name="Linux-Sysmon" Guid="{ff032593-a8d3-4f13-b0d6-01fc615a0f97}"/><EventID>5</EventID><Version>3</Version><Level>4</Level><Task>5</Task><Opcode>0</Opcode><Keywords>0x8000000000000000</Keywords><TimeCreated SystemTime="2026-01-21T11:12:33.699731000Z"/><EventRecordID>19255</EventRecordID><Correlation/><Execution ProcessID="1075" ThreadID="1075"/><Channel>Linux-Sysmon/Operational</Channel><Computer>ubuntu-sysmon</Computer><Security UserId="0"/></System><EventData><Data Name="RuleName">-</Data><Data Name="UtcTime">2026-01-21 11:12:33.708</Data><Data Name="ProcessGuid">{25a00e74-b4a1-6970-fdcf-60925f5d0000}</Data><Data Name="ProcessId">2434</Data><Data Name="Image">/usr/bin/unsquashfs</Data><Data Name="User">root</Data></EventData></Event>
<Event><System><Provider Name="Linux-Sysmon" Guid="{ff032593-a8d3-4f13-b0d6-01fc615a0f97}"/><EventID>5</EventID><Version>3</Version><Level>4</Level><Task>5</Task><Opcode>0</Opcode><Keywords>0x8000000000000000</Keywords><TimeCreated SystemTime="2026-01-21T11:12:33.699751000Z"/><EventRecordID>19256</EventRecordID><Correlation/><Execution ProcessID="1075" ThreadID="1075"/><Channel>Linux-Sysmon/Operational</Channel><Computer>ubuntu-sysmon</Computer><Security UserId="0"/></System><EventData><Data Name="RuleName">-</Data><Data Name="UtcTime">2026-01-21 11:12:33.708</Data><Data Name="ProcessGuid">{25a00e74-b4a1-6970-fdcf-60925f5d0000}</Data><Data Name="ProcessId">2434</Data><Data Name="Image">/usr/bin/unsquashfs</Data><Data Name="User">root</Data></EventData></Event>
<Event><System><Provider Name="Linux-Sysmon" Guid="{ff032593-a8d3-4f13-b0d6-01fc615a0f97}"/><EventID>5</EventID><Version>3</Version><Level>4</Level><Task>5</Task><Opcode>0</Opcode><Keywords>0x8000000000000000</Keywords><TimeCreated SystemTime="2026-01-21T11:12:33.700068000Z"/><EventRecordID>19257</EventRecordID><Correlation/><Execution ProcessID="1075" ThreadID="1075"/><Channel>Linux-Sysmon/Operational</Channel><Computer>ubuntu-sysmon</Computer><Security UserId="0"/></System><EventData><Data Name="RuleName">-</Data><Data Name="UtcTime">2026-01-21 11:12:33.709</Data><Data Name="ProcessGuid">{25a00e74-b4a1-6970-fdcf-60925f5d0000}</Data><Data Name="ProcessId">2434</Data><Data Name="Image">/usr/bin/unsquashfs</Data><Data Name="User">root</Data></EventData></Event>
<Event><System><Provider Name="Linux-Sysmon" Guid="{ff032593-a8d3-4f13-b0d6-01fc615a0f97}"/><EventID>1</EventID><Version>5</Version><Level>4</Level><Task>1</Task><Opcode>0</Opcode><Keywords>0x8000000000000000</Keywords><TimeCreated SystemTime="2026-01-21T11:12:33.700714000Z"/><EventRecordID>19258</EventRecordID><Correlation/><Execution ProcessID="1075" ThreadID="1075"/><Channel>Linux-Sysmon/Operational</Channel><Computer>ubuntu-sysmon</Computer><Security UserId="0"/></System><EventData><Data Name="RuleName">-</Data><Data Name="UtcTime">2026-01-21 11:12:33.709</Data><Data Name="ProcessGuid">{25a00e74-b4a1-6970-fdbf-30b798610000}</Data><Data Name="ProcessId">2441</Data><Data Name="Image">/usr/bin/unsquashfs</Data><Data Name="FileVersion">-</Data><Data Name="Description">-</Data><Data Name="Product">-</Data><Data Name="Company">-</Data><Data Name="OriginalFileName">-</Data><Data Name="CommandLine">unsquashfs -no-progress -dest _ -l /var/lib/snapd/snaps/snapd-desktop-integration_315.snap meta/hooks</Data><Data Name="CurrentDirectory">/</Data><Data Name="User">root</Data><Data Name="LogonGuid">{25a00e74-0000-0000-0000-000000000000}</Data><Data Name="LogonId">0</Data><Data Name="TerminalSessionId">4294967295</Data><Data Name="IntegrityLevel">no level</Data><Data Name="Hashes">SHA256=b305985eb764b6d0ef757571e3e44044ebf71c827c4263efe576e9e14b4abcfb</Data><Data Name="ParentProcessGuid">{00000000-0000-0000-0000-000000000000}</Data><Data Name="ParentProcessId">854</Data><Data Name="ParentImage">-</Data><Data Name="ParentCommandLine">-</Data><Data Name="ParentUser">-</Data></EventData></Event>
<Event><System><Provider Name="Linux-Sysmon" Guid="{ff032593-a8d3-4f13-b0d6-01fc615a0f97}"/><EventID>5</EventID><Version>3</Version><Level>4</Level><Task>5</Task><Opcode>0</Opcode><Keywords>0x8000000000000000</Keywords><TimeCreated SystemTime="2026-01-21T11:12:33.701240000Z"/><EventRecordID>19259</EventRecordID><Correlation/><Execution ProcessID="1075" ThreadID="1075"/><Channel>Linux-Sysmon/Operational</Channel><Computer>ubuntu-sysmon</Computer><Security UserId="0"/></System><EventData><Data Name="RuleName">-</Data><Data Name="UtcTime">2026-01-21 11:12:33.710</Data><Data Name="ProcessGuid">{25a00e74-b4a1-6970-fdbf-30b798610000}</Data><Data Name="ProcessId">2441</Data><Data Name="Image">/usr/bin/unsquashfs</Data><Data Name="User">root</Data></EventData></Event>
<Event><System><Provider Name="Linux-Sysmon" Guid="{ff032593-a8d3-4f13-b0d6-01fc615a0f97}"/><EventID>1</EventID><Version>5</Version><Level>4</Level><Task>1</Task><Opcode>0</Opcode><Keywords>0x8000000000000000</Keywords><TimeCreated SystemTime="2026-01-21T11:12:33.702279000Z"/><EventRecordID>19260</EventRecordID><Correlation/><Execution ProcessID="1075" ThreadID="1075"/><Channel>Linux-Sysmon/Operational</Channel><Computer>ubuntu-sysmon</Computer><Security UserId="0"/></System><EventData><Data Name="RuleName">-</Data><Data Name="UtcTime">2026-01-21 11:12:33.710</Data><Data Name="ProcessGuid">{25a00e74-b4a1-6970-fd7f-c27912630000}</Data><Data Name="ProcessId">2442</Data><Data Name="Image">/usr/bin/unsquashfs</Data><Data Name="FileVersion">-</Data><Data Name="Description">-</Data><Data Name="Product">-</Data><Data Name="Company">-</Data><Data Name="OriginalFileName">-</Data><Data Name="CommandLine">unsquashfs -n -i -d /tmp/read-file1968080234/unpack /var/lib/snapd/snaps/snapd-desktop-integration_315.snap meta/snapshots.yaml</Data><Data Name="CurrentDirectory">/</Data><Data Name="User">root</Data><Data Name="LogonGuid">{25a00e74-0000-0000-0000-000000000000}</Data><Data Name="LogonId">0</Data><Data Name="TerminalSessionId">4294967295</Data><Data Name="IntegrityLevel">no level</Data><Data Name="Hashes">SHA256=b305985eb764b6d0ef757571e3e44044ebf71c827c4263efe576e9e14b4abcfb</Data><Data Name="ParentProcessGuid">{00000000-0000-0000-0000-000000000000}</Data><Data Name="ParentProcessId">854</Data><Data Name="ParentImage">-</Data><Data Name="ParentCommandLine">-</Data><Data Name="ParentUser">-</Data></EventData></Event>
<Event><System><Provider Name="Linux-Sysmon" Guid="{ff032593-a8d3-4f13-b0d6-01fc615a0f97}"/><EventID>5</EventID><Version>3</Version><Level>4</Level><Task>5</Task><Opcode>0</Opcode><Keywords>0x8000000000000000</Keywords><TimeCreated SystemTime="2026-01-21T11:12:33.703617000Z"/><EventRecordID>19261</EventRecordID><Correlation/><Execution ProcessID="1075" ThreadID="1075"/><Channel>Linux-Sysmon/Operational</Channel><Computer>ubuntu-sysmon</Computer><Security UserId="0"/></System><EventData><Data Name="RuleName">-</Data><Data Name="UtcTime">2026-01-21 11:12:33.712</Data><Data Name="ProcessGuid">{25a00e74-b4a1-6970-fd7f-c27912630000}</Data><Data Name="ProcessId">2442</Data><Data Name="Image">/usr/bin/unsquashfs</Data><Data Name="User">root</Data></EventData></Event>
<Event><System><Provider Name="Linux-Sysmon" Guid="{ff032593-a8d3-4f13-b0d6-01fc615a0f97}"/><EventID>5</EventID><Version>3</Version><Level>4</Level><Task>5</Task><Opcode>0</Opcode><Keywords>0x8000000000000000</Keywords><TimeCreated SystemTime="2026-01-21T11:12:33.703648000Z"/><EventRecordID>19262</EventRecordID><Correlation/><Execution ProcessID="1075" ThreadID="1075"/><Channel>Linux-Sysmon/Operational</Channel><Computer>ubuntu-sysmon</Computer><Security UserId="0"/></System><EventData><Data Name="RuleName">-</Data><Data Name="UtcTime">2026-01-21 11:12:33.712</Data><Data Name="ProcessGuid">{25a00e74-b4a1-6970-fd7f-c27912630000}</Data><Data Name="ProcessId">2442</Data><Data Name="Image">/usr/bin/unsquashfs</Data><Data Name="User">root</Data></EventData></Event>
<Event><System><Provider Name="Linux-Sysmon" Guid="{ff032593-a8d3-4f13-b0d6-01fc615a0f97}"/><EventID>5</EventID><Version>3</Version><Level>4</Level><Task>5</Task><Opcode>0</Opcode><Keywords>0x8000000000000000</Keywords><TimeCreated SystemTime="2026-01-21T11:12:33.703664000Z"/><EventRecordID>19263</EventRecordID><Correlation/><Execution ProcessID="1075" ThreadID="1075"/><Channel>Linux-Sysmon/Operational</Channel><Computer>ubuntu-sysmon</Computer><Security UserId="0"/></System><EventData><Data Name="RuleName">-</Data><Data Name="UtcTime">2026-01-21 11:12:33.712</Data><Data Name="ProcessGuid">{25a00e74-b4a1-6970-fd7f-c27912630000}</Data><Data Name="ProcessId">2442</Data><Data Name="Image">/usr/bin/unsquashfs</Data><Data Name="User">root</Data></EventData></Event>
<Event><System><Provider Name="Linux-Sysmon" Guid="{ff032593-a8d3-4f13-b0d6-01fc615a0f97}"/><EventID>5</EventID><Version>3</Version><Level>4</Level><Task>5</Task><Opcode>0</Opcode><Keywords>0x8000000000000000</Keywords><TimeCreated SystemTime="2026-01-21T11:12:33.703691000Z"/><EventRecordID>19264</EventRecordID><Correlation/><Execution ProcessID="1075" ThreadID="1075"/><Channel>Linux-Sysmon/Operational</Channel><Computer>ubuntu-sysmon</Computer><Security UserId="0"/></System><EventData><Data Name="RuleName">-</Data><Data Name="UtcTime">2026-01-21 11:12:33.712</Data><Data Name="ProcessGuid">{25a00e74-b4a1-6970-fd7f-c27912630000}</Data><Data Name="ProcessId">2442</Data><Data Name="Image">/usr/bin/unsquashfs</Data><Data Name="User">root</Data></EventData></Event>
<Event><System><Provider Name="Linux-Sysmon" Guid="{ff032593-a8d3-4f13-b0d6-01fc615a0f97}"/><EventID>5</EventID><Version>3</Version><Level>4</Level><Task>5</Task><Opcode>0</Opcode><Keywords>0x8000000000000000</Keywords><TimeCreated SystemTime="2026-01-21T11:12:33.703705000Z"/><EventRecordID>19265</EventRecordID><Correlation/><Execution ProcessID="1075" ThreadID="1075"/><Channel>Linux-Sysmon/Operational</Channel><Computer>ubuntu-sysmon</Computer><Security UserId="0"/></System><EventData><Data Name="RuleName">-</Data><Data Name="UtcTime">2026-01-21 11:12:33.712</Data><Data Name="ProcessGuid">{25a00e74-b4a1-6970-fd7f-c27912630000}</Data><Data Name="ProcessId">2442</Data><Data Name="Image">/usr/bin/unsquashfs</Data><Data Name="User">root</Data></EventData></Event>
<Event><System><Provider Name="Linux-Sysmon" Guid="{ff032593-a8d3-4f13-b0d6-01fc615a0f97}"/><EventID>5</EventID><Version>3</Version><Level>4</Level><Task>5</Task><Opcode>0</Opcode><Keywords>0x8000000000000000</Keywords><TimeCreated SystemTime="2026-01-21T11:12:33.703742000Z"/><EventRecordID>19266</EventRecordID><Correlation/><Execution ProcessID="1075" ThreadID="1075"/><Channel>Linux-Sysmon/Operational</Channel><Computer>ubuntu-sysmon</Computer><Security UserId="0"/></System><EventData><Data Name="RuleName">-</Data><Data Name="UtcTime">2026-01-21 11:12:33.713</Data><Data Name="ProcessGuid">{25a00e74-b4a1-6970-fd7f-c27912630000}</Data><Data Name="ProcessId">2442</Data><Data Name="Image">/usr/bin/unsquashfs</Data><Data Name="User">root</Data></EventData></Event>
<Event><System><Provider Name="Linux-Sysmon" Guid="{ff032593-a8d3-4f13-b0d6-01fc615a0f97}"/><EventID>5</EventID><Version>3</Version><Level>4</Level><Task>5</Task><Opcode>0</Opcode><Keywords>0x8000000000000000</Keywords><TimeCreated SystemTime="2026-01-21T11:12:33.703793000Z"/><EventRecordID>19267</EventRecordID><Correlation/><Execution ProcessID="1075" ThreadID="1075"/><Channel>Linux-Sysmon/Operational</Channel><Computer>ubuntu-sysmon</Computer><Security UserId="0"/></System><EventData><Data Name="RuleName">-</Data><Data Name="UtcTime">2026-01-21 11:12:33.713</Data><Data Name="ProcessGuid">{25a00e74-b4a1-6970-fd7f-c27912630000}</Data><Data Name="ProcessId">2442</Data><Data Name="Image">/usr/bin/unsquashfs</Data><Data Name="User">root</Data></EventData></Event>
<Event><System><Provider Name="Linux-Sysmon" Guid="{ff032593-a8d3-4f13-b0d6-01fc615a0f97}"/><EventID>1</EventID><Version>5</Version><Level>4</Level><Task>1</Task><Opcode>0</Opcode><Keywords>0x8000000000000000</Keywords><TimeCreated SystemTime="2026-01-21T11:12:33.704457000Z"/><EventRecordID>19268</EventRecordID><Correlation/><Execution ProcessID="1075" ThreadID="1075"/><Channel>Linux-Sysmon/Operational</Channel><Computer>ubuntu-sysmon</Computer><Security UserId="0"/></System><EventData><Data Name="RuleName">-</Data><Data Name="UtcTime">2026-01-21 11:12:33.713</Data><Data Name="ProcessGuid">{25a00e74-b4a1-6970-69db-6ca83d5c0000}</Data><Data Name="ProcessId">2449</Data><Data Name="Image">/usr/bin/systemd-detect-virt</Data><Data Name="FileVersion">-</Data><Data Name="Description">-</Data><Data Name="Product">-</Data><Data Name="Company">-</Data><Data Name="OriginalFileName">-</Data><Data Name="CommandLine">systemd-detect-virt --container</Data><Data Name="CurrentDirectory">/</Data><Data Name="User">root</Data><Data Name="LogonGuid">{25a00e74-0000-0000-0000-000000000000}</Data><Data Name="LogonId">0</Data><Data Name="TerminalSessionId">4294967295</Data><Data Name="IntegrityLevel">no level</Data><Data Name="Hashes">SHA256=b7de954af238f098b23cce290ea9ef3021e9849fc0b76f94f7ad27be352e85fb</Data><Data Name="ParentProcessGuid">{00000000-0000-0000-0000-000000000000}</Data><Data Name="ParentProcessId">933</Data><Data Name="ParentImage">-</Data><Data Name="ParentCommandLine">-</Data><Data Name="ParentUser">-</Data></EventData></Event>
<Event><System><Provider Name="Linux-Sysmon" Guid="{ff032593-a8d3-4f13-b0d6-01fc615a0f97}"/><EventID>5</EventID><Version>3</Version><Level>4</Level><Task>5</Task><Opcode>0</Opcode><Keywords>0x8000000000000000</Keywords><TimeCreated SystemTime="2026-01-21T11:12:33.706167000Z"/><EventRecordID>19269</EventRecordID><Correlation/><Execution ProcessID="1075" ThreadID="1075"/><Channel>Linux-Sysmon/Operational</Channel><Computer>ubuntu-sysmon</Computer><Security UserId="0"/></System><EventData><Data Name="RuleName">-</Data><Data Name="UtcTime">2026-01-21 11:12:33.715</Data><Data Name="ProcessGuid">{25a00e74-b4a1-6970-69db-6ca83d5c0000}</Data><Data Name="ProcessId">2449</Data><Data Name="Image">/usr/bin/systemd-detect-virt</Data><Data Name="User">root</Data></EventData></Event>
<Event><System><Provider Name="Linux-Sysmon" Guid="{ff032593-a8d3-4f13-b0d6-01fc615a0f97}"/><EventID>1</EventID><Version>5</Version><Level>4</Level><Task>1</Task><Opcode>0</Opcode><Keywords>0x8000000000000000</Keywords><TimeCreated SystemTime="2026-01-21T11:12:33.710739000Z"/><EventRecordID>19270</EventRecordID><Correlation/><Execution ProcessID="1075" ThreadID="1075"/><Channel>Linux-Sysmon/Operational</Channel><Computer>ubuntu-sysmon</Computer><Security UserId="0"/></System><EventData><Data Name="RuleName">-</Data><Data Name="UtcTime">2026-01-21 11:12:33.719</Data><Data Name="ProcessGuid">{25a00e74-b4a1-6970-7de7-9a7752620000}</Data><Data Name="ProcessId">2450</Data><Data Name="Image">/usr/bin/systemctl</Data><Data Name="FileVersion">-</Data><Data Name="Description">-</Data><Data Name="Product">-</Data><Data Name="Company">-</Data><Data Name="OriginalFileName">-</Data><Data Name="CommandLine">systemctl daemon-reload</Data><Data Name="CurrentDirectory">/</Data><Data Name="User">root</Data><Data Name="LogonGuid">{25a00e74-0000-0000-0000-000000000000}</Data><Data Name="LogonId">0</Data><Data Name="TerminalSessionId">4294967295</Data><Data Name="IntegrityLevel">no level</Data><Data Name="Hashes">SHA256=c3f60225cf89f20c2f870fd738a6452da820eff730a7e5f05ae03fde1aaa876a</Data><Data Name="ParentProcessGuid">{00000000-0000-0000-0000-000000000000}</Data><Data Name="ParentProcessId">933</Data><Data Name="ParentImage">-</Data><Data Name="ParentCommandLine">-</Data><Data Name="ParentUser">-</Data></EventData></Event>
<Event><System><Provider Name="Linux-Sysmon" Guid="{ff032593-a8d3-4f13-b0d6-01fc615a0f97}"/><EventID>5</EventID><Version>3</Version><Level>4</Level><Task>5</Task><Opcode>0</Opcode><Keywords>0x8000000000000000</Keywords><TimeCreated SystemTime="2026-01-21T11:12:33.730552000Z"/><EventRecordID>19271</EventRecordID><Correlation/><Execution ProcessID="1075" ThreadID="1075"/><Channel>Linux-Sysmon/Operational</Channel><Computer>ubuntu-sysmon</Computer><Security UserId="0"/></System><EventData><Data Name="RuleName">-</Data><Data Name="UtcTime">2026-01-21 11:12:33.739</Data><Data Name="ProcessGuid">{25a00e74-b4a1-6970-0000-000000000000}</Data><Data Name="ProcessId">2451</Data><Data Name="Image">-</Data><Data Name="User">root</Data></EventData></Event>
<Event><System><Provider Name="Linux-Sysmon" Guid="{ff032593-a8d3-4f13-b0d6-01fc615a0f97}"/><EventID>5</EventID><Version>3</Version><Level>4</Level><Task>5</Task><Opcode>0</Opcode><Keywords>0x8000000000000000</Keywords><TimeCreated SystemTime="2026-01-21T11:12:33.731142000Z"/><EventRecordID>19272</EventRecordID><Correlation/><Execution ProcessID="1075" ThreadID="1075"/><Channel>Linux-Sysmon/Operational</Channel><Computer>ubuntu-sysmon</Computer><Security UserId="0"/></System><EventData><Data Name="RuleName">-</Data><Data Name="UtcTime">2026-01-21 11:12:33.740</Data><Data Name="ProcessGuid">{25a00e74-b4a1-6970-0000-000000000000}</Data><Data Name="ProcessId">2452</Data><Data Name="Image">-</Data><Data Name="User">root</Data></EventData></Event>
<Event><System><Provider Name="Linux-Sysmon" Guid="{ff032593-a8d3-4f13-b0d6-01fc615a0f97}"/><EventID>5</EventID><Version>3</Version><Level>4</Level><Task>5</Task><Opcode>0</Opcode><Keywords>0x8000000000000000</Keywords><TimeCreated SystemTime="2026-01-21T11:12:33.731436000Z"/><EventRecordID>19273</EventRecordID><Correlation/><Execution ProcessID="1075" ThreadID="1075"/><Channel>Linux-Sysmon/Operational</Channel><Computer>ubuntu-sysmon</Computer><Security UserId="0"/></System><EventData><Data Name="RuleName">-</Data><Data Name="UtcTime">2026-01-21 11:12:33.740</Data><Data Name="ProcessGuid">{25a00e74-b4a1-6970-0000-000000000000}</Data><Data Name="ProcessId">2453</Data><Data Name="Image">-</Data><Data Name="User">root</Data></EventData></Event>
<Event><System><Provider Name="Linux-Sysmon" Guid="{ff032593-a8d3-4f13-b0d6-01fc615a0f97}"/><EventID>5</EventID><Version>3</Version><Level>4</Level><Task>5</Task><Opcode>0</Opcode><Keywords>0x8000000000000000</Keywords><TimeCreated SystemTime="2026-01-21T11:12:33.731836000Z"/><EventRecordID>19274</EventRecordID><Correlation/><Execution ProcessID="1075" ThreadID="1075"/><Channel>Linux-Sysmon/Operational</Channel><Computer>ubuntu-sysmon</Computer><Security UserId="0"/></System><EventData><Data Name="RuleName">-</Data><Data Name="UtcTime">2026-01-21 11:12:33.740</Data><Data Name="ProcessGuid">{25a00e74-b4a1-6970-0000-000000000000}</Data><Data Name="ProcessId">2454</Data><Data Name="Image">-</Data><Data Name="User">root</Data></EventData></Event>
<Event><System><Provider Name="Linux-Sysmon" Guid="{ff032593-a8d3-4f13-b0d6-01fc615a0f97}"/><EventID>5</EventID><Version>3</Version><Level>4</Level><Task>5</Task><Opcode>0</Opcode><Keywords>0x8000000000000000</Keywords><TimeCreated SystemTime="2026-01-21T11:12:33.732320000Z"/><EventRecordID>19275</EventRecordID><Correlation/><Execution ProcessID="1075" ThreadID="1075"/><Channel>Linux-Sysmon/Operational</Channel><Computer>ubuntu-sysmon</Computer><Security UserId="0"/></System><EventData><Data Name="RuleName">-</Data><Data Name="UtcTime">2026-01-21 11:12:33.741</Data><Data Name="ProcessGuid">{25a00e74-b4a1-6970-0000-000000000000}</Data><Data Name="ProcessId">2455</Data><Data Name="Image">-</Data><Data Name="User">root</Data></EventData></Event>
<Event><System><Provider Name="Linux-Sysmon" Guid="{ff032593-a8d3-4f13-b0d6-01fc615a0f97}"/><EventID>5</EventID><Version>3</Version><Level>4</Level><Task>5</Task><Opcode>0</Opcode><Keywords>0x8000000000000000</Keywords><TimeCreated SystemTime="2026-01-21T11:12:33.732865000Z"/><EventRecordID>19276</EventRecordID><Correlation/><Execution ProcessID="1075" ThreadID="1075"/><Channel>Linux-Sysmon/Operational</Channel><Computer>ubuntu-sysmon</Computer><Security UserId="0"/></System><EventData><Data Name="RuleName">-</Data><Data Name="UtcTime">2026-01-21 11:12:33.741</Data><Data Name="ProcessGuid">{25a00e74-b4a1-6970-0000-000000000000}</Data><Data Name="ProcessId">2456</Data><Data Name="Image">-</Data><Data Name="User">root</Data></EventData></Event>
<Event><System><Provider Name="Linux-Sysmon" Guid="{ff032593-a8d3-4f13-b0d6-01fc615a0f97}"/><EventID>5</EventID><Version>3</Version><Level>4</Level><Task>5</Task><Opcode>0</Opcode><Keywords>0x8000000000000000</Keywords><TimeCreated SystemTime="2026-01-21T11:12:33.734767000Z"/><EventRecordID>19277</EventRecordID><Correlation/><Execution ProcessID="1075" ThreadID="1075"/><Channel>Linux-Sysmon/Operational</Channel><Computer>ubuntu-sysmon</Computer><Security UserId="0"/></System><EventData><Data Name="RuleName">-</Data><Data Name="UtcTime">2026-01-21 11:12:33.743</Data><Data Name="ProcessGuid">{25a00e74-b4a1-6970-0000-000000000000}</Data><Data Name="ProcessId">2457</Data><Data Name="Image">-</Data><Data Name="User">root</Data></EventData></Event>
<Event><System><Provider Name="Linux-Sysmon" Guid="{ff032593-a8d3-4f13-b0d6-01fc615a0f97}"/><EventID>5</EventID><Version>3</Version><Level>4</Level><Task>5</Task><Opcode>0</Opcode><Keywords>0x8000000000000000</Keywords><TimeCreated SystemTime="2026-01-21T11:12:33.736429000Z"/><EventRecordID>19278</EventRecordID><Correlation/><Execution ProcessID="1075" ThreadID="1075"/><Channel>Linux-Sysmon/Operational</Channel><Computer>ubuntu-sysmon</Computer><Security UserId="0"/></System><EventData><Data Name="RuleName">-</Data><Data Name="UtcTime">2026-01-21 11:12:33.744</Data><Data Name="ProcessGuid">{25a00e74-b4a1-6970-0000-000000000000}</Data><Data Name="ProcessId">2458</Data><Data Name="Image">-</Data><Data Name="User">root</Data></EventData></Event>
<Event><System><Provider Name="Linux-Sysmon" Guid="{ff032593-a8d3-4f13-b0d6-01fc615a0f97}"/><EventID>5</EventID><Version>3</Version><Level>4</Level><Task>5</Task><Opcode>0</Opcode><Keywords>0x8000000000000000</Keywords><TimeCreated SystemTime="2026-01-21T11:12:33.736489000Z"/><EventRecordID>19279</EventRecordID><Correlation/><Execution ProcessID="1075" ThreadID="1075"/><Channel>Linux-Sysmon/Operational</Channel><Computer>ubuntu-sysmon</Computer><Security UserId="0"/></System><EventData><Data Name="RuleName">-</Data><Data Name="UtcTime">2026-01-21 11:12:33.744</Data><Data Name="ProcessGuid">{25a00e74-b4a1-6970-0000-000000000000}</Data><Data Name="ProcessId">2459</Data><Data Name="Image">-</Data><Data Name="User">root</Data></EventData></Event>
<Event><System><Provider Name="Linux-Sysmon" Guid="{ff032593-a8d3-4f13-b0d6-01fc615a0f97}"/><EventID>5</EventID><Version>3</Version><Level>4</Level><Task>5</Task><Opcode>0</Opcode><Keywords>0x8000000000000000</Keywords><TimeCreated SystemTime="2026-01-21T11:12:33.736534000Z"/><EventRecordID>19280</EventRecordID><Correlation/><Execution ProcessID="1075" ThreadID="1075"/><Channel>Linux-Sysmon/Operational</Channel><Computer>ubuntu-sysmon</Computer><Security UserId="0"/></System><EventData><Data Name="RuleName">-</Data><Data Name="UtcTime">2026-01-21 11:12:33.744</Data><Data Name="ProcessGuid">{25a00e74-b4a1-6970-0000-000000000000}</Data><Data Name="ProcessId">2460</Data><Data Name="Image">-</Data><Data Name="User">root</Data></EventData></Event>
<Event><System><Provider Name="Linux-Sysmon" Guid="{ff032593-a8d3-4f13-b0d6-01fc615a0f97}"/><EventID>5</EventID><Version>3</Version><Level>4</Level><Task>5</Task><Opcode>0</Opcode><Keywords>0x8000000000000000</Keywords><TimeCreated SystemTime="2026-01-21T11:12:33.736558000Z"/><EventRecordID>19281</EventRecordID><Correlation/><Execution ProcessID="1075" ThreadID="1075"/><Channel>Linux-Sysmon/Operational</Channel><Computer>ubuntu-sysmon</Computer><Security UserId="0"/></System><EventData><Data Name="RuleName">-</Data><Data Name="UtcTime">2026-01-21 11:12:33.745</Data><Data Name="ProcessGuid">{25a00e74-b4a1-6970-0000-000000000000}</Data><Data Name="ProcessId">2461</Data><Data Name="Image">-</Data><Data Name="User">root</Data></EventData></Event>
<Event><System><Provider Name="Linux-Sysmon" Guid="{ff032593-a8d3-4f13-b0d6-01fc615a0f97}"/><EventID>5</EventID><Version>3</Version><Level>4</Level><Task>5</Task><Opcode>0</Opcode><Keywords>0x8000000000000000</Keywords><TimeCreated SystemTime="2026-01-21T11:12:33.736579000Z"/><EventRecordID>19282</EventRecordID><Correlation/><Execution ProcessID="1075" ThreadID="1075"/><Channel>Linux-Sysmon/Operational</Channel><Computer>ubuntu-sysmon</Computer><Security UserId="0"/></System><EventData><Data Name="RuleName">-</Data><Data Name="UtcTime">2026-01-21 11:12:33.745</Data><Data Name="ProcessGuid">{25a00e74-b4a1-6970-0000-000000000000}</Data><Data Name="ProcessId">2462</Data><Data Name="Image">-</Data><Data Name="User">root</Data></EventData></Event>
<Event><System><Provider Name="Linux-Sysmon" Guid="{ff032593-a8d3-4f13-b0d6-01fc615a0f97}"/><EventID>5</EventID><Version>3</Version><Level>4</Level><Task>5</Task><Opcode>0</Opcode><Keywords>0x8000000000000000</Keywords><TimeCreated SystemTime="2026-01-21T11:12:33.736599000Z"/><EventRecordID>19283</EventRecordID><Correlation/><Execution ProcessID="1075" ThreadID="1075"/><Channel>Linux-Sysmon/Operational</Channel><Computer>ubuntu-sysmon</Computer><Security UserId="0"/></System><EventData><Data Name="RuleName">-</Data><Data Name="UtcTime">2026-01-21 11:12:33.745</Data><Data Name="ProcessGuid">{25a00e74-b4a1-6970-0000-000000000000}</Data><Data Name="ProcessId">2463</Data><Data Name="Image">-</Data><Data Name="User">root</Data></EventData></Event>
<Event><System><Provider Name="Linux-Sysmon" Guid="{ff032593-a8d3-4f13-b0d6-01fc615a0f97}"/><EventID>5</EventID><Version>3</Version><Level>4</Level><Task>5</Task><Opcode>0</Opcode><Keywords>0x8000000000000000</Keywords><TimeCreated SystemTime="2026-01-21T11:12:33.737437000Z"/><EventRecordID>19284</EventRecordID><Correlation/><Execution ProcessID="1075" ThreadID="1075"/><Channel>Linux-Sysmon/Operational</Channel><Computer>ubuntu-sysmon</Computer><Security UserId="0"/></System><EventData><Data Name="RuleName">-</Data><Data Name="UtcTime">2026-01-21 11:12:33.746</Data><Data Name="ProcessGuid">{25a00e74-b4a1-6970-0000-000000000000}</Data><Data Name="ProcessId">2464</Data><Data Name="Image">-</Data><Data Name="User">root</Data></EventData></Event>
<Event><System><Provider Name="Linux-Sysmon" Guid="{ff032593-a8d3-4f13-b0d6-01fc615a0f97}"/><EventID>5</EventID><Version>3</Version><Level>4</Level><Task>5</Task><Opcode>0</Opcode><Keywords>0x8000000000000000</Keywords><TimeCreated SystemTime="2026-01-21T11:12:33.737501000Z"/><EventRecordID>19285</EventRecordID><Correlation/><Execution ProcessID="1075" ThreadID="1075"/><Channel>Linux-Sysmon/Operational</Channel><Computer>ubuntu-sysmon</Computer><Security UserId="0"/></System><EventData><Data Name="RuleName">-</Data><Data Name="UtcTime">2026-01-21 11:12:33.746</Data><Data Name="ProcessGuid">{25a00e74-b4a1-6970-0000-000000000000}</Data><Data Name="ProcessId">2465</Data><Data Name="Image">-</Data><Data Name="User">root</Data></EventData></Event>
<Event><System><Provider Name="Linux-Sysmon" Guid="{ff032593-a8d3-4f13-b0d6-01fc615a0f97}"/><EventID>5</EventID><Version>3</Version><Level>4</Level><Task>5</Task><Opcode>0</Opcode><Keywords>0x8000000000000000</Keywords><TimeCreated SystemTime="2026-01-21T11:12:33.737669000Z"/><EventRecordID>19286</EventRecordID><Correlation/><Execution ProcessID="1075" ThreadID="1075"/><Channel>Linux-Sysmon/Operational</Channel><Computer>ubuntu-sysmon</Computer><Security UserId="0"/></System><EventData><Data Name="RuleName">-</Data><Data Name="UtcTime">2026-01-21 11:12:33.747</Data><Data Name="ProcessGuid">{25a00e74-b4a1-6970-0000-000000000000}</Data><Data Name="ProcessId">2466</Data><Data Name="Image">-</Data><Data Name="User">root</Data></EventData></Event>
<Event><System><Provider Name="Linux-Sysmon" Guid="{ff032593-a8d3-4f13-b0d6-01fc615a0f97}"/><EventID>5</EventID><Version>3</Version><Level>4</Level><Task>5</Task><Opcode>0</Opcode><Keywords>0x8000000000000000</Keywords><TimeCreated SystemTime="2026-01-21T11:12:33.737833000Z"/><EventRecordID>19287</EventRecordID><Correlation/><Execution ProcessID="1075" ThreadID="1075"/><Channel>Linux-Sysmon/Operational</Channel><Computer>ubuntu-sysmon</Computer><Security UserId="0"/></System><EventData><Data Name="RuleName">-</Data><Data Name="UtcTime">2026-01-21 11:12:33.747</Data><Data Name="ProcessGuid">{25a00e74-b4a1-6970-0000-000000000000}</Data><Data Name="ProcessId">2467</Data><Data Name="Image">-</Data><Data Name="User">root</Data></EventData></Event>
<Event><System><Provider Name="Linux-Sysmon" Guid="{ff032593-a8d3-4f13-b0d6-01fc615a0f97}"/><EventID>5</EventID><Version>3</Version><Level>4</Level><Task>5</Task><Opcode>0</Opcode><Keywords>0x8000000000000000</Keywords><TimeCreated SystemTime="2026-01-21T11:12:33.738003000Z"/><EventRecordID>19288</EventRecordID><Correlation/><Execution ProcessID="1075" ThreadID="1075"/><Channel>Linux-Sysmon/Operational</Channel><Computer>ubuntu-sysmon</Computer><Security UserId="0"/></System><EventData><Data Name="RuleName">-</Data><Data Name="UtcTime">2026-01-21 11:12:33.747</Data><Data Name="ProcessGuid">{25a00e74-b4a1-6970-0000-000000000000}</Data><Data Name="ProcessId">2468</Data><Data Name="Image">-</Data><Data Name="User">root</Data></EventData></Event>
