<Event><System><Provider Name="Linux-Sysmon" Guid="{ff032593-a8d3-4f13-b0d6-01fc615a0f97}"/><EventID>1</EventID><Version>5</Version><Level>4</Level><Task>1</Task><Opcode>0</Opcode><Keywords>0x8000000000000000</Keywords><TimeCreated SystemTime="2026-01-21T11:07:27.130951000Z"/><EventRecordID>18247</EventRecordID><Correlation/><Execution ProcessID="1075" ThreadID="1075"/><Channel>Linux-Sysmon/Operational</Channel><Computer>ubuntu-sysmon</Computer><Security UserId="0"/></System><EventData><Data Name="RuleName">-</Data><Data Name="UtcTime">2026-01-21 11:07:27.125</Data><Data Name="ProcessGuid">{25a00e74-b36f-6970-b57d-d61e40570000}</Data><Data Name="ProcessId">1494</Data><Data Name="Image">/usr/libexec/upowerd</Data><Data Name="FileVersion">-</Data><Data Name="Description">-</Data><Data Name="Product">-</Data><Data Name="Company">-</Data><Data Name="OriginalFileName">-</Data><Data Name="CommandLine">/usr/libexec/upowerd</Data><Data Name="CurrentDirectory">/</Data><Data Name="User">root</Data><Data Name="LogonGuid">{25a00e74-0000-0000-0000-000000000000}</Data><Data Name="LogonId">0</Data><Data Name="TerminalSessionId">4294967295</Data><Data Name="IntegrityLevel">no level</Data><Data Name="Hashes">SHA256=05d6f18b931d22b3bf91c410b66134bed0186532857eb30c92eb13dc6f5dc20e</Data><Data Name="ParentProcessGuid">{00000000-0000-0000-0000-000000000000}</Data><Data Name="ParentProcessId">1</Data><Data Name="ParentImage">-</Data><Data Name="ParentCommandLine">-</Data><Data Name="ParentUser">-</Data></EventData></Event>
<Event><System><Provider Name="Linux-Sysmon" Guid="{ff032593-a8d3-4f13-b0d6-01fc615a0f97}"/><EventID>1</EventID><Version>5</Version><Level>4</Level><Task>1</Task><Opcode>0</Opcode><Keywords>0x8000000000000000</Keywords><TimeCreated SystemTime="2026-01-21T11:07:27.133836000Z"/><EventRecordID>18248</EventRecordID><Correlation/><Execution ProcessID="1075" ThreadID="1075"/><Channel>Linux-Sysmon/Operational</Channel><Computer>ubuntu-sysmon</Computer><Security UserId="0"/></System><EventData><Data Name="RuleName">-</Data><Data Name="UtcTime">2026-01-21 11:07:27.142</Data><Data Name="ProcessGuid">{25a00e74-b36f-6970-a933-3def3e5a0000}</Data><Data Name="ProcessId">1501</Data><Data Name="Image">/usr/lib/systemd/systemd-executor</Data><Data Name="FileVersion">-</Data><Data Name="Description">-</Data><Data Name="Product">-</Data><Data Name="Company">-</Data><Data Name="OriginalFileName">-</Data><Data Name="CommandLine">/usr/lib/systemd/systemd-executor --deserialize 75 --log-level info --log-target auto</Data><Data Name="CurrentDirectory">/</Data><Data Name="User">ubuntu</Data><Data Name="LogonGuid">{25a00e74-0000-0000-e803-000000000000}</Data><Data Name="LogonId">1000</Data><Data Name="TerminalSessionId">2</Data><Data Name="IntegrityLevel">no level</Data><Data Name="Hashes">SHA256=a780cac7551d148b4f8cb83489067f455a5d58daa754aac3442e9ddec262a636</Data><Data Name="ParentProcessGuid">{25a00e74-b36d-6970-614b-87532f5f0000}</Data><Data Name="ParentProcessId">1180</Data><Data Name="ParentImage">/usr/lib/systemd/systemd</Data><Data Name="ParentCommandLine">/usr/lib/systemd/systemd</Data><Data Name="ParentUser">ubuntu</Data></EventData></Event>
<Event><System><Provider Name="Linux-Sysmon" Guid="{ff032593-a8d3-4f13-b0d6-01fc615a0f97}"/><EventID>1</EventID><Version>5</Version><Level>4</Level><Task>1</Task><Opcode>0</Opcode><Keywords>0x8000000000000000</Keywords><TimeCreated SystemTime="2026-01-21T11:07:27.135932000Z"/><EventRecordID>18249</EventRecordID><Correlation/><Execution ProcessID="1075" ThreadID="1075"/><Channel>Linux-Sysmon/Operational</Channel><Computer>ubuntu-sysmon</Computer><Security UserId="0"/></System><EventData><Data Name="RuleName">-</Data><Data Name="UtcTime">2026-01-21 11:07:27.125</Data><Data Name="ProcessGuid">{25a00e74-b36f-6970-5109-9412ff5b0000}</Data><Data Name="ProcessId">1495</Data><Data Name="Image">/usr/bin/gjs-console</Data><Data Name="FileVersion">-</Data><Data Name="Description">-</Data><Data Name="Product">-</Data><Data Name="Company">-</Data><Data Name="OriginalFileName">-</Data><Data Name="CommandLine">/usr/bin/gjs -m /usr/share/gnome-shell/org.gnome.Shell.Notifications</Data><Data Name="CurrentDirectory">/home/ubuntu</Data><Data Name="User">ubuntu</Data><Data Name="LogonGuid">{25a00e74-0000-0000-e803-000000000000}</Data><Data Name="LogonId">1000</Data><Data Name="TerminalSessionId">2</Data><Data Name="IntegrityLevel">no level</Data><Data Name="Hashes">SHA256=8fecb290aab1c6a3ee23fdd2b78ad5dc50a8e7c15319bb9bd787c2bc4bdc6378</Data><Data Name="ParentProcessGuid">{00000000-0000-0000-0000-000000000000}</Data><Data Name="ParentProcessId">1493</Data><Data Name="ParentImage">-</Data><Data Name="ParentCommandLine">-</Data><Data Name="ParentUser">-</Data></EventData></Event>
<Event><System><Provider Name="Linux-Sysmon" Guid="{ff032593-a8d3-4f13-b0d6-01fc615a0f97}"/><EventID>1</EventID><Version>5</Version><Level>4</Level><Task>1</Task><Opcode>0</Opcode><Keywords>0x8000000000000000</Keywords><TimeCreated SystemTime="2026-01-21T11:07:27.139078000Z"/><EventRecordID>18250</EventRecordID><Correlation/><Execution ProcessID="1075" ThreadID="1075"/><Channel>Linux-Sysmon/Operational</Channel><Computer>ubuntu-sysmon</Computer><Security UserId="0"/></System><EventData><Data Name="RuleName">-</Data><Data Name="UtcTime">2026-01-21 11:07:27.142</Data><Data Name="ProcessGuid">{25a00e74-b36f-6970-21fe-f48250610000}</Data><Data Name="ProcessId">1501</Data><Data Name="Image">/usr/libexec/gnome-session-ctl</Data><Data Name="FileVersion">-</Data><Data Name="Description">-</Data><Data Name="Product">-</Data><Data Name="Company">-</Data><Data Name="OriginalFileName">-</Data><Data Name="CommandLine">/usr/libexec/gnome-session-ctl --signal-init</Data><Data Name="CurrentDirectory">/home/ubuntu</Data><Data Name="User">ubuntu</Data><Data Name="LogonGuid">{25a00e74-0000-0000-e803-000000000000}</Data><Data Name="LogonId">1000</Data><Data Name="TerminalSessionId">2</Data><Data Name="IntegrityLevel">no level</Data><Data Name="Hashes">SHA256=2a2ec376831c7e70dba42f65d27bf2da536695a58819863f1c4ad938e877b981</Data><Data Name="ParentProcessGuid">{25a00e74-b36d-6970-614b-87532f5f0000}</Data><Data Name="ParentProcessId">1180</Data><Data Name="ParentImage">/usr/lib/systemd/systemd</Data><Data Name="ParentCommandLine">/usr/lib/systemd/systemd</Data><Data Name="ParentUser">ubuntu</Data></EventData></Event>
<Event><System><Provider Name="Linux-Sysmon" Guid="{ff032593-a8d3-4f13-b0d6-01fc615a0f97}"/><EventID>1</EventID><Version>5</Version><Level>4</Level><Task>1</Task><Opcode>0</Opcode><Keywords>0x8000000000000000</Keywords><TimeCreated SystemTime="2026-01-21T11:07:27.142821000Z"/><EventRecordID>18251</EventRecordID><Correlation/><Execution ProcessID="1075" ThreadID="1075"/><Channel>Linux-Sysmon/Operational</Channel><Computer>ubuntu-sysmon</Computer><Security UserId="0"/></System><EventData><Data Name="RuleName">-</Data><Data Name="UtcTime">2026-01-21 11:07:27.150</Data><Data Name="ProcessGuid">{25a00e74-b36f-6970-a9a3-a59e155c0000}</Data><Data Name="ProcessId">1504</Data><Data Name="Image">/usr/lib/systemd/systemd-executor</Data><Data Name="FileVersion">-</Data><Data Name="Description">-</Data><Data Name="Product">-</Data><Data Name="Company">-</Data><Data Name="OriginalFileName">-</Data><Data Name="CommandLine">/usr/lib/systemd/systemd-executor --deserialize 77 --log-level info --log-target auto</Data><Data Name="CurrentDirectory">/</Data><Data Name="User">ubuntu</Data><Data Name="LogonGuid">{25a00e74-0000-0000-e803-000000000000}</Data><Data Name="LogonId">1000</Data><Data Name="TerminalSessionId">2</Data><Data Name="IntegrityLevel">no level</Data><Data Name="Hashes">SHA256=a780cac7551d148b4f8cb83489067f455a5d58daa754aac3442e9ddec262a636</Data><Data Name="ParentProcessGuid">{25a00e74-b36d-6970-614b-87532f5f0000}</Data><Data Name="ParentProcessId">1180</Data><Data Name="ParentImage">/usr/lib/systemd/systemd</Data><Data Name="ParentCommandLine">/usr/lib/systemd/systemd</Data><Data Name="ParentUser">ubuntu</Data></EventData></Event>
<Event><System><Provider Name="Linux-Sysmon" Guid="{ff032593-a8d3-4f13-b0d6-01fc615a0f97}"/><EventID>1</EventID><Version>5</Version><Level>4</Level><Task>1</Task><Opcode>0</Opcode><Keywords>0x8000000000000000</Keywords><TimeCreated SystemTime="2026-01-21T11:07:27.145174000Z"/><EventRecordID>18252</EventRecordID><Correlation/><Execution ProcessID="1075" ThreadID="1075"/><Channel>Linux-Sysmon/Operational</Channel><Computer>ubuntu-sysmon</Computer><Security UserId="0"/></System><EventData><Data Name="RuleName">-</Data><Data Name="UtcTime">2026-01-21 11:07:27.153</Data><Data Name="ProcessGuid">{25a00e74-b36f-6970-a9b3-05c8c4560000}</Data><Data Name="ProcessId">1510</Data><Data Name="Image">/usr/lib/systemd/systemd-executor</Data><Data Name="FileVersion">-</Data><Data Name="Description">-</Data><Data Name="Product">-</Data><Data Name="Company">-</Data><Data Name="OriginalFileName">-</Data><Data Name="CommandLine">/usr/lib/systemd/systemd-executor --deserialize 83 --log-level info --log-target auto</Data><Data Name="CurrentDirectory">/</Data><Data Name="User">ubuntu</Data><Data Name="LogonGuid">{25a00e74-0000-0000-e803-000000000000}</Data><Data Name="LogonId">1000</Data><Data Name="TerminalSessionId">2</Data><Data Name="IntegrityLevel">no level</Data><Data Name="Hashes">SHA256=a780cac7551d148b4f8cb83489067f455a5d58daa754aac3442e9ddec262a636</Data><Data Name="ParentProcessGuid">{25a00e74-b36d-6970-614b-87532f5f0000}</Data><Data Name="ParentProcessId">1180</Data><Data Name="ParentImage">/usr/lib/systemd/systemd</Data><Data Name="ParentCommandLine">/usr/lib/systemd/systemd</Data><Data Name="ParentUser">ubuntu</Data></EventData></Event>
<Event><System><Provider Name="Linux-Sysmon" Guid="{ff032593-a8d3-4f13-b0d6-01fc615a0f97}"/><EventID>1</EventID><Version>5</Version><Level>4</Level><Task>1</Task><Opcode>0</Opcode><Keywords>0x8000000000000000</Keywords><TimeCreated SystemTime="2026-01-21T11:07:27.148221000Z"/><EventRecordID>18253</EventRecordID><Correlation/><Execution ProcessID="1075" ThreadID="1075"/><Channel>Linux-Sysmon/Operational</Channel><Computer>ubuntu-sysmon</Computer><Security UserId="0"/></System><EventData><Data Name="RuleName">-</Data><Data Name="UtcTime">2026-01-21 11:07:27.156</Data><Data Name="ProcessGuid">{25a00e74-b36f-6970-a943-8bef715d0000}</Data><Data Name="ProcessId">1514</Data><Data Name="Image">/usr/lib/systemd/systemd-executor</Data><Data Name="FileVersion">-</Data><Data Name="Description">-</Data><Data Name="Product">-</Data><Data Name="Company">-</Data><Data Name="OriginalFileName">-</Data><Data Name="CommandLine">/usr/lib/systemd/systemd-executor --deserialize 89 --log-level info --log-target auto</Data><Data Name="CurrentDirectory">/</Data><Data Name="User">ubuntu</Data><Data Name="LogonGuid">{25a00e74-0000-0000-e803-000000000000}</Data><Data Name="LogonId">1000</Data><Data Name="TerminalSessionId">2</Data><Data Name="IntegrityLevel">no level</Data><Data Name="Hashes">SHA256=a780cac7551d148b4f8cb83489067f455a5d58daa754aac3442e9ddec262a636</Data><Data Name="ParentProcessGuid">{25a00e74-b36d-6970-614b-87532f5f0000}</Data><Data Name="ParentProcessId">1180</Data><Data Name="ParentImage">/usr/lib/systemd/systemd</Data><Data Name="ParentCommandLine">/usr/lib/systemd/systemd</Data><Data Name="ParentUser">ubuntu</Data></EventData></Event>
<Event><System><Provider Name="Linux-Sysmon" Guid="{ff032593-a8d3-4f13-b0d6-01fc615a0f97}"/><EventID>1</EventID><Version>5</Version><Level>4</Level><Task>1</Task><Opcode>0</Opcode><Keywords>0x8000000000000000</Keywords><TimeCreated SystemTime="2026-01-21T11:07:27.151597000Z"/><EventRecordID>18254</EventRecordID><Correlation/><Execution ProcessID="1075" ThreadID="1075"/><Channel>Linux-Sysmon/Operational</Channel><Computer>ubuntu-sysmon</Computer><Security UserId="0"/></System><EventData><Data Name="RuleName">-</Data><Data Name="UtcTime">2026-01-21 11:07:27.151</Data><Data Name="ProcessGuid">{25a00e74-b36f-6970-a953-65f4465a0000}</Data><Data Name="ProcessId">1506</Data><Data Name="Image">/usr/lib/systemd/systemd-executor</Data><Data Name="FileVersion">-</Data><Data Name="Description">-</Data><Data Name="Product">-</Data><Data Name="Company">-</Data><Data Name="OriginalFileName">-</Data><Data Name="CommandLine">/usr/lib/systemd/systemd-executor --deserialize 79 --log-level info --log-target auto</Data><Data Name="CurrentDirectory">/</Data><Data Name="User">ubuntu</Data><Data Name="LogonGuid">{25a00e74-0000-0000-e803-000000000000}</Data><Data Name="LogonId">1000</Data><Data Name="TerminalSessionId">2</Data><Data Name="IntegrityLevel">no level</Data><Data Name="Hashes">SHA256=a780cac7551d148b4f8cb83489067f455a5d58daa754aac3442e9ddec262a636</Data><Data Name="ParentProcessGuid">{25a00e74-b36d-6970-614b-87532f5f0000}</Data><Data Name="ParentProcessId">1180</Data><Data Name="ParentImage">/usr/lib/systemd/systemd</Data><Data Name="ParentCommandLine">/usr/lib/systemd/systemd</Data><Data Name="ParentUser">ubuntu</Data></EventData></Event>
<Event><System><Provider Name="Linux-Sysmon" Guid="{ff032593-a8d3-4f13-b0d6-01fc615a0f97}"/><EventID>1</EventID><Version>5</Version><Level>4</Level><Task>1</Task><Opcode>0</Opcode><Keywords>0x8000000000000000</Keywords><TimeCreated SystemTime="2026-01-21T11:07:27.152356000Z"/><EventRecordID>18255</EventRecordID><Correlation/><Execution ProcessID="1075" ThreadID="1075"/><Channel>Linux-Sysmon/Operational</Channel><Computer>ubuntu-sysmon</Computer><Security UserId="0"/></System><EventData><Data Name="RuleName">-</Data><Data Name="UtcTime">2026-01-21 11:07:27.152</Data><Data Name="ProcessGuid">{25a00e74-b36f-6970-a9a3-cbbe59630000}</Data><Data Name="ProcessId">1507</Data><Data Name="Image">/usr/lib/systemd/systemd-executor</Data><Data Name="FileVersion">-</Data><Data Name="Description">-</Data><Data Name="Product">-</Data><Data Name="Company">-</Data><Data Name="OriginalFileName">-</Data><Data Name="CommandLine">/usr/lib/systemd/systemd-executor --deserialize 81 --log-level info --log-target auto</Data><Data Name="CurrentDirectory">/</Data><Data Name="User">ubuntu</Data><Data Name="LogonGuid">{25a00e74-0000-0000-e803-000000000000}</Data><Data Name="LogonId">1000</Data><Data Name="TerminalSessionId">2</Data><Data Name="IntegrityLevel">no level</Data><Data Name="Hashes">SHA256=a780cac7551d148b4f8cb83489067f455a5d58daa754aac3442e9ddec262a636</Data><Data Name="ParentProcessGuid">{25a00e74-b36d-6970-614b-87532f5f0000}</Data><Data Name="ParentProcessId">1180</Data><Data Name="ParentImage">/usr/lib/systemd/systemd</Data><Data Name="ParentCommandLine">/usr/lib/systemd/systemd</Data><Data Name="ParentUser">ubuntu</Data></EventData></Event>
<Event><System><Provider Name="Linux-Sysmon" Guid="{ff032593-a8d3-4f13-b0d6-01fc615a0f97}"/><EventID>1</EventID><Version>5</Version><Level>4</Level><Task>1</Task><Opcode>0</Opcode><Keywords>0x8000000000000000</Keywords><TimeCreated SystemTime="2026-01-21T11:07:27.152963000Z"/><EventRecordID>18256</EventRecordID><Correlation/><Execution ProcessID="1075" ThreadID="1075"/><Channel>Linux-Sysmon/Operational</Channel><Computer>ubuntu-sysmon</Computer><Security UserId="0"/></System><EventData><Data Name="RuleName">-</Data><Data Name="UtcTime">2026-01-21 11:07:27.159</Data><Data Name="ProcessGuid">{25a00e74-b36f-6970-a9c3-28c0aa550000}</Data><Data Name="ProcessId">1518</Data><Data Name="Image">/usr/lib/systemd/systemd-executor</Data><Data Name="FileVersion">-</Data><Data Name="Description">-</Data><Data Name="Product">-</Data><Data Name="Company">-</Data><Data Name="OriginalFileName">-</Data><Data Name="CommandLine">/usr/lib/systemd/systemd-executor --deserialize 95 --log-level info --log-target auto</Data><Data Name="CurrentDirectory">/</Data><Data Name="User">ubuntu</Data><Data Name="LogonGuid">{25a00e74-0000-0000-e803-000000000000}</Data><Data Name="LogonId">1000</Data><Data Name="TerminalSessionId">2</Data><Data Name="IntegrityLevel">no level</Data><Data Name="Hashes">SHA256=a780cac7551d148b4f8cb83489067f455a5d58daa754aac3442e9ddec262a636</Data><Data Name="ParentProcessGuid">{25a00e74-b36d-6970-614b-87532f5f0000}</Data><Data Name="ParentProcessId">1180</Data><Data Name="ParentImage">/usr/lib/systemd/systemd</Data><Data Name="ParentCommandLine">/usr/lib/systemd/systemd</Data><Data Name="ParentUser">ubuntu</Data></EventData></Event>
<Event><System><Provider Name="Linux-Sysmon" Guid="{ff032593-a8d3-4f13-b0d6-01fc615a0f97}"/><EventID>1</EventID><Version>5</Version><Level>4</Level><Task>1</Task><Opcode>0</Opcode><Keywords>0x8000000000000000</Keywords><TimeCreated SystemTime="2026-01-21T11:07:27.154485000Z"/><EventRecordID>18257</EventRecordID><Correlation/><Execution ProcessID="1075" ThreadID="1075"/><Channel>Linux-Sysmon/Operational</Channel><Computer>ubuntu-sysmon</Computer><Security UserId="0"/></System><EventData><Data Name="RuleName">-</Data><Data Name="UtcTime">2026-01-21 11:07:27.160</Data><Data Name="ProcessGuid">{25a00e74-b36f-6970-a953-735843600000}</Data><Data Name="ProcessId">1519</Data><Data Name="Image">/usr/lib/systemd/systemd-executor</Data><Data Name="FileVersion">-</Data><Data Name="Description">-</Data><Data Name="Product">-</Data><Data Name="Company">-</Data><Data Name="OriginalFileName">-</Data><Data Name="CommandLine">/usr/lib/systemd/systemd-executor --deserialize 97 --log-level info --log-target auto</Data><Data Name="CurrentDirectory">/</Data><Data Name="User">ubuntu</Data><Data Name="LogonGuid">{25a00e74-0000-0000-e803-000000000000}</Data><Data Name="LogonId">1000</Data><Data Name="TerminalSessionId">2</Data><Data Name="IntegrityLevel">no level</Data><Data Name="Hashes">SHA256=a780cac7551d148b4f8cb83489067f455a5d58daa754aac3442e9ddec262a636</Data><Data Name="ParentProcessGuid">{25a00e74-b36d-6970-614b-87532f5f0000}</Data><Data Name="ParentProcessId">1180</Data><Data Name="ParentImage">/usr/lib/systemd/systemd</Data><Data Name="ParentCommandLine">/usr/lib/systemd/systemd</Data><Data Name="ParentUser">ubuntu</Data></EventData></Event>
<Event><System><Provider Name="Linux-Sysmon" Guid="{ff032593-a8d3-4f13-b0d6-01fc615a0f97}"/><EventID>1</EventID><Version>5</Version><Level>4</Level><Task>1</Task><Opcode>0</Opcode><Keywords>0x8000000000000000</Keywords><TimeCreated SystemTime="2026-01-21T11:07:27.156046000Z"/><EventRecordID>18258</EventRecordID><Correlation/><Execution ProcessID="1075" ThreadID="1075"/><Channel>Linux-Sysmon/Operational</Channel><Computer>ubuntu-sysmon</Computer><Security UserId="0"/></System><EventData><Data Name="RuleName">-</Data><Data Name="UtcTime">2026-01-21 11:07:27.155</Data><Data Name="ProcessGuid">{25a00e74-b36f-6970-a963-66291a620000}</Data><Data Name="ProcessId">1512</Data><Data Name="Image">/usr/lib/systemd/systemd-executor</Data><Data Name="FileVersion">-</Data><Data Name="Description">-</Data><Data Name="Product">-</Data><Data Name="Company">-</Data><Data Name="OriginalFileName">-</Data><Data Name="CommandLine">/usr/lib/systemd/systemd-executor --deserialize 85 --log-level info --log-target auto</Data><Data Name="CurrentDirectory">/</Data><Data Name="User">ubuntu</Data><Data Name="LogonGuid">{25a00e74-0000-0000-e803-000000000000}</Data><Data Name="LogonId">1000</Data><Data Name="TerminalSessionId">2</Data><Data Name="IntegrityLevel">no level</Data><Data Name="Hashes">SHA256=a780cac7551d148b4f8cb83489067f455a5d58daa754aac3442e9ddec262a636</Data><Data Name="ParentProcessGuid">{25a00e74-b36d-6970-614b-87532f5f0000}</Data><Data Name="ParentProcessId">1180</Data><Data Name="ParentImage">/usr/lib/systemd/systemd</Data><Data Name="ParentCommandLine">/usr/lib/systemd/systemd</Data><Data Name="ParentUser">ubuntu</Data></EventData></Event>
<Event><System><Provider Name="Linux-Sysmon" Guid="{ff032593-a8d3-4f13-b0d6-01fc615a0f97}"/><EventID>1</EventID><Version>5</Version><Level>4</Level><Task>1</Task><Opcode>0</Opcode><Keywords>0x8000000000000000</Keywords><TimeCreated SystemTime="2026-01-21T11:07:27.156646000Z"/><EventRecordID>18259</EventRecordID><Correlation/><Execution ProcessID="1075" ThreadID="1075"/><Channel>Linux-Sysmon/Operational</Channel><Computer>ubuntu-sysmon</Computer><Security UserId="0"/></System><EventData><Data Name="RuleName">-</Data><Data Name="UtcTime">2026-01-21 11:07:27.158</Data><Data Name="ProcessGuid">{25a00e74-b36f-6970-a983-04355d5d0000}</Data><Data Name="ProcessId">1515</Data><Data Name="Image">/usr/lib/systemd/systemd-executor</Data><Data Name="FileVersion">-</Data><Data Name="Description">-</Data><Data Name="Product">-</Data><Data Name="Company">-</Data><Data Name="OriginalFileName">-</Data><Data Name="CommandLine">/usr/lib/systemd/systemd-executor --deserialize 91 --log-level info --log-target auto</Data><Data Name="CurrentDirectory">/</Data><Data Name="User">ubuntu</Data><Data Name="LogonGuid">{25a00e74-0000-0000-e803-000000000000}</Data><Data Name="LogonId">1000</Data><Data Name="TerminalSessionId">2</Data><Data Name="IntegrityLevel">no level</Data><Data Name="Hashes">SHA256=a780cac7551d148b4f8cb83489067f455a5d58daa754aac3442e9ddec262a636</Data><Data Name="ParentProcessGuid">{25a00e74-b36d-6970-614b-87532f5f0000}</Data><Data Name="ParentProcessId">1180</Data><Data Name="ParentImage">/usr/lib/systemd/systemd</Data><Data Name="ParentCommandLine">/usr/lib/systemd/systemd</Data><Data Name="ParentUser">ubuntu</Data></EventData></Event>
<Event><System><Provider Name="Linux-Sysmon" Guid="{ff032593-a8d3-4f13-b0d6-01fc615a0f97}"/><EventID>1</EventID><Version>5</Version><Level>4</Level><Task>1</Task><Opcode>0</Opcode><Keywords>0x8000000000000000</Keywords><TimeCreated SystemTime="2026-01-21T11:07:27.158996000Z"/><EventRecordID>18260</EventRecordID><Correlation/><Execution ProcessID="1075" ThreadID="1075"/><Channel>Linux-Sysmon/Operational</Channel><Computer>ubuntu-sysmon</Computer><Security UserId="0"/></System><EventData><Data Name="RuleName">-</Data><Data Name="UtcTime">2026-01-21 11:07:27.160</Data><Data Name="ProcessGuid">{25a00e74-b36f-6970-51d8-966c0a5f0000}</Data><Data Name="ProcessId">1520</Data><Data Name="Image">/usr/lib/x86_64-linux-gnu/glib-2.0/gio-launch-desktop</Data><Data Name="FileVersion">-</Data><Data Name="Description">-</Data><Data Name="Product">-</Data><Data Name="Company">-</Data><Data Name="OriginalFileName">-</Data><Data Name="CommandLine">/usr/lib/x86_64-linux-gnu/glib-2.0/gio-launch-desktop /usr/bin/spice-vdagent</Data><Data Name="CurrentDirectory">/home/ubuntu</Data><Data Name="User">ubuntu</Data><Data Name="LogonGuid">{25a00e74-0000-0000-e803-000000000000}</Data><Data Name="LogonId">1000</Data><Data Name="TerminalSessionId">2</Data><Data Name="IntegrityLevel">no level</Data><Data Name="Hashes">SHA256=edb5decb8d1a926aa84a887343a2cd00e801d84958fef35868ed499ab7f5adcb</Data><Data Name="ParentProcessGuid">{25a00e74-b36e-6970-2531-ab358a630000}</Data><Data Name="ParentProcessId">1348</Data><Data Name="ParentImage">/usr/libexec/gnome-session-binary</Data><Data Name="ParentCommandLine">/usr/libexec/gnome-session-binary</Data><Data Name="ParentUser">ubuntu</Data></EventData></Event>
<Event><System><Provider Name="Linux-Sysmon" Guid="{ff032593-a8d3-4f13-b0d6-01fc615a0f97}"/><EventID>1</EventID><Version>5</Version><Level>4</Level><Task>1</Task><Opcode>0</Opcode><Keywords>0x8000000000000000</Keywords><TimeCreated SystemTime="2026-01-21T11:07:27.160054000Z"/><EventRecordID>18261</EventRecordID><Correlation/><Execution ProcessID="1075" ThreadID="1075"/><Channel>Linux-Sysmon/Operational</Channel><Computer>ubuntu-sysmon</Computer><Security UserId="0"/></System><EventData><Data Name="RuleName">-</Data><Data Name="UtcTime">2026-01-21 11:07:27.165</Data><Data Name="ProcessGuid">{25a00e74-b36f-6970-a973-c668d5620000}</Data><Data Name="ProcessId">1523</Data><Data Name="Image">/usr/lib/systemd/systemd-executor</Data><Data Name="FileVersion">-</Data><Data Name="Description">-</Data><Data Name="Product">-</Data><Data Name="Company">-</Data><Data Name="OriginalFileName">-</Data><Data Name="CommandLine">/usr/lib/systemd/systemd-executor --deserialize 103 --log-level info --log-target auto</Data><Data Name="CurrentDirectory">/</Data><Data Name="User">ubuntu</Data><Data Name="LogonGuid">{25a00e74-0000-0000-e803-000000000000}</Data><Data Name="LogonId">1000</Data><Data Name="TerminalSessionId">2</Data><Data Name="IntegrityLevel">no level</Data><Data Name="Hashes">SHA256=a780cac7551d148b4f8cb83489067f455a5d58daa754aac3442e9ddec262a636</Data><Data Name="ParentProcessGuid">{25a00e74-b36d-6970-614b-87532f5f0000}</Data><Data Name="ParentProcessId">1180</Data><Data Name="ParentImage">/usr/lib/systemd/systemd</Data><Data Name="ParentCommandLine">/usr/lib/systemd/systemd</Data><Data Name="ParentUser">ubuntu</Data></EventData></Event>
<Event><System><Provider Name="Linux-Sysmon" Guid="{ff032593-a8d3-4f13-b0d6-01fc615a0f97}"/><EventID>5</EventID><Version>3</Version><Level>4</Level><Task>5</Task><Opcode>0</Opcode><Keywords>0x8000000000000000</Keywords><TimeCreated SystemTime="2026-01-21T11:07:27.160085000Z"/><EventRecordID>18262</EventRecordID><Correlation/><Execution ProcessID="1075" ThreadID="1075"/><Channel>Linux-Sysmon/Operational</Channel><Computer>ubuntu-sysmon</Computer><Security UserId="0"/></System><EventData><Data Name="RuleName">-</Data><Data Name="UtcTime">2026-01-21 11:07:27.169</Data><Data Name="ProcessGuid">{00000000-0000-0000-0000-000000000000}</Data><Data Name="ProcessId">1526</Data><Data Name="Image">&lt;unknown process&gt;</Data><Data Name="User">root</Data></EventData></Event>
<Event><System><Provider Name="Linux-Sysmon" Guid="{ff032593-a8d3-4f13-b0d6-01fc615a0f97}"/><EventID>5</EventID><Version>3</Version><Level>4</Level><Task>5</Task><Opcode>0</Opcode><Keywords>0x8000000000000000</Keywords><TimeCreated SystemTime="2026-01-21T11:07:27.160099000Z"/><EventRecordID>18263</EventRecordID><Correlation/><Execution ProcessID="1075" ThreadID="1075"/><Channel>Linux-Sysmon/Operational</Channel><Computer>ubuntu-sysmon</Computer><Security UserId="0"/></System><EventData><Data Name="RuleName">-</Data><Data Name="UtcTime">2026-01-21 11:07:27.169</Data><Data Name="ProcessGuid">{00000000-0000-0000-0000-000000000000}</Data><Data Name="ProcessId">1525</Data><Data Name="Image">&lt;unknown process&gt;</Data><Data Name="User">root</Data></EventData></Event>
<Event><System><Provider Name="Linux-Sysmon" Guid="{ff032593-a8d3-4f13-b0d6-01fc615a0f97}"/><EventID>1</EventID><Version>5</Version><Level>4</Level><Task>1</Task><Opcode>0</Opcode><Keywords>0x8000000000000000</Keywords><TimeCreated SystemTime="2026-01-21T11:07:27.160812000Z"/><EventRecordID>18264</EventRecordID><Correlation/><Execution ProcessID="1075" ThreadID="1075"/><Channel>Linux-Sysmon/Operational</Channel><Computer>ubuntu-sysmon</Computer><Security UserId="0"/></System><EventData><Data Name="RuleName">-</Data><Data Name="UtcTime">2026-01-21 11:07:27.156</Data><Data Name="ProcessGuid">{25a00e74-b36f-6970-a973-8bbf72640000}</Data><Data Name="ProcessId">1513</Data><Data Name="Image">/usr/lib/systemd/systemd-executor</Data><Data Name="FileVersion">-</Data><Data Name="Description">-</Data><Data Name="Product">-</Data><Data Name="Company">-</Data><Data Name="OriginalFileName">-</Data><Data Name="CommandLine">/usr/lib/systemd/systemd-executor --deserialize 87 --log-level info --log-target auto</Data><Data Name="CurrentDirectory">/</Data><Data Name="User">ubuntu</Data><Data Name="LogonGuid">{25a00e74-0000-0000-e803-000000000000}</Data><Data Name="LogonId">1000</Data><Data Name="TerminalSessionId">2</Data><Data Name="IntegrityLevel">no level</Data><Data Name="Hashes">SHA256=a780cac7551d148b4f8cb83489067f455a5d58daa754aac3442e9ddec262a636</Data><Data Name="ParentProcessGuid">{25a00e74-b36d-6970-614b-87532f5f0000}</Data><Data Name="ParentProcessId">1180</Data><Data Name="ParentImage">/usr/lib/systemd/systemd</Data><Data Name="ParentCommandLine">/usr/lib/systemd/systemd</Data><Data Name="ParentUser">ubuntu</Data></EventData></Event>
<Event><System><Provider Name="Linux-Sysmon" Guid="{ff032593-a8d3-4f13-b0d6-01fc615a0f97}"/><EventID>1</EventID><Version>5</Version><Level>4</Level><Task>1</Task><Opcode>0</Opcode><Keywords>0x8000000000000000</Keywords><TimeCreated SystemTime="2026-01-21T11:07:27.163222000Z"/><EventRecordID>18265</EventRecordID><Correlation/><Execution ProcessID="1075" ThreadID="1075"/><Channel>Linux-Sysmon/Operational</Channel><Computer>ubuntu-sysmon</Computer><Security UserId="0"/></System><EventData><Data Name="RuleName">-</Data><Data Name="UtcTime">2026-01-21 11:07:27.166</Data><Data Name="ProcessGuid">{25a00e74-b36f-6970-b1a4-45b349620000}</Data><Data Name="ProcessId">1524</Data><Data Name="Image">/usr/bin/dpkg</Data><Data Name="FileVersion">-</Data><Data Name="Description">-</Data><Data Name="Product">-</Data><Data Name="Company">-</Data><Data Name="OriginalFileName">-</Data><Data Name="CommandLine">/usr/bin/dpkg --print-foreign-architectures</Data><Data Name="CurrentDirectory">/</Data><Data Name="User">root</Data><Data Name="LogonGuid">{25a00e74-0000-0000-0000-000000000000}</Data><Data Name="LogonId">0</Data><Data Name="TerminalSessionId">4294967295</Data><Data Name="IntegrityLevel">no level</Data><Data Name="Hashes">SHA256=052d7ffc6a813d0744e45b89ed2d9f4c6368b5ee9126aef1c7290d6cac38e287</Data><Data Name="ParentProcessGuid">{25a00e74-b36f-6970-2d2c-e98a1b630000}</Data><Data Name="ParentProcessId">1489</Data><Data Name="ParentImage">/usr/libexec/packagekitd</Data><Data Name="ParentCommandLine">/usr/libexec/packagekitd</Data><Data Name="ParentUser">root</Data></EventData></Event>
<Event><System><Provider Name="Linux-Sysmon" Guid="{ff032593-a8d3-4f13-b0d6-01fc615a0f97}"/><EventID>1</EventID><Version>5</Version><Level>4</Level><Task>1</Task><Opcode>0</Opcode><Keywords>0x8000000000000000</Keywords><TimeCreated SystemTime="2026-01-21T11:07:27.163378000Z"/><EventRecordID>18266</EventRecordID><Correlation/><Execution ProcessID="1075" ThreadID="1075"/><Channel>Linux-Sysmon/Operational</Channel><Computer>ubuntu-sysmon</Computer><Security UserId="0"/></System><EventData><Data Name="RuleName">-</Data><Data Name="UtcTime">2026-01-21 11:07:27.158</Data><Data Name="ProcessGuid">{25a00e74-b36f-6970-a913-07ae525b0000}</Data><Data Name="ProcessId">1516</Data><Data Name="Image">/usr/lib/systemd/systemd-executor</Data><Data Name="FileVersion">-</Data><Data Name="Description">-</Data><Data Name="Product">-</Data><Data Name="Company">-</Data><Data Name="OriginalFileName">-</Data><Data Name="CommandLine">/usr/lib/systemd/systemd-executor --deserialize 93 --log-level info --log-target auto</Data><Data Name="CurrentDirectory">/</Data><Data Name="User">ubuntu</Data><Data Name="LogonGuid">{25a00e74-0000-0000-e803-000000000000}</Data><Data Name="LogonId">1000</Data><Data Name="TerminalSessionId">2</Data><Data Name="IntegrityLevel">no level</Data><Data Name="Hashes">SHA256=a780cac7551d148b4f8cb83489067f455a5d58daa754aac3442e9ddec262a636</Data><Data Name="ParentProcessGuid">{25a00e74-b36d-6970-614b-87532f5f0000}</Data><Data Name="ParentProcessId">1180</Data><Data Name="ParentImage">/usr/lib/systemd/systemd</Data><Data Name="ParentCommandLine">/usr/lib/systemd/systemd</Data><Data Name="ParentUser">ubuntu</Data></EventData></Event>
<Event><System><Provider Name="Linux-Sysmon" Guid="{ff032593-a8d3-4f13-b0d6-01fc615a0f97}"/><EventID>1</EventID><Version>5</Version><Level>4</Level><Task>1</Task><Opcode>0</Opcode><Keywords>0x8000000000000000</Keywords><TimeCreated SystemTime="2026-01-21T11:07:27.164355000Z"/><EventRecordID>18267</EventRecordID><Correlation/><Execution ProcessID="1075" ThreadID="1075"/><Channel>Linux-Sysmon/Operational</Channel><Computer>ubuntu-sysmon</Computer><Security UserId="0"/></System><EventData><Data Name="RuleName">-</Data><Data Name="UtcTime">2026-01-21 11:07:27.160</Data><Data Name="ProcessGuid">{25a00e74-b36f-6970-bd97-140950630000}</Data><Data Name="ProcessId">1520</Data><Data Name="Image">/usr/bin/spice-vdagent</Data><Data Name="FileVersion">-</Data><Data Name="Description">-</Data><Data Name="Product">-</Data><Data Name="Company">-</Data><Data Name="OriginalFileName">-</Data><Data Name="CommandLine">/usr/bin/spice-vdagent</Data><Data Name="CurrentDirectory">/home/ubuntu</Data><Data Name="User">ubuntu</Data><Data Name="LogonGuid">{25a00e74-0000-0000-e803-000000000000}</Data><Data Name="LogonId">1000</Data><Data Name="TerminalSessionId">2</Data><Data Name="IntegrityLevel">no level</Data><Data Name="Hashes">SHA256=6f0c427a3b6fcf9484a3133ecdf7b7b6ec195c524b464168dd20101d4478f570</Data><Data Name="ParentProcessGuid">{25a00e74-b36e-6970-2531-ab358a630000}</Data><Data Name="ParentProcessId">1348</Data><Data Name="ParentImage">/usr/libexec/gnome-session-binary</Data><Data Name="ParentCommandLine">/usr/libexec/gnome-session-binary</Data><Data Name="ParentUser">ubuntu</Data></EventData></Event>
<Event><System><Provider Name="Linux-Sysmon" Guid="{ff032593-a8d3-4f13-b0d6-01fc615a0f97}"/><EventID>5</EventID><Version>3</Version><Level>4</Level><Task>5</Task><Opcode>0</Opcode><Keywords>0x8000000000000000</Keywords><TimeCreated SystemTime="2026-01-21T11:07:27.164423000Z"/><EventRecordID>18268</EventRecordID><Correlation/><Execution ProcessID="1075" ThreadID="1075"/><Channel>Linux-Sysmon/Operational</Channel><Computer>ubuntu-sysmon</Computer><Security UserId="0"/></System><EventData><Data Name="RuleName">-</Data><Data Name="UtcTime">2026-01-21 11:07:27.173</Data><Data Name="ProcessGuid">{25a00e74-b36f-6970-b1a4-45b349620000}</Data><Data Name="ProcessId">1524</Data><Data Name="Image">/usr/bin/dpkg</Data><Data Name="User">root</Data></EventData></Event>
<Event><System><Provider Name="Linux-Sysmon" Guid="{ff032593-a8d3-4f13-b0d6-01fc615a0f97}"/><EventID>1</EventID><Version>5</Version><Level>4</Level><Task>1</Task><Opcode>0</Opcode><Keywords>0x8000000000000000</Keywords><TimeCreated SystemTime="2026-01-21T11:07:27.168497000Z"/><EventRecordID>18269</EventRecordID><Correlation/><Execution ProcessID="1075" ThreadID="1075"/><Channel>Linux-Sysmon/Operational</Channel><Computer>ubuntu-sysmon</Computer><Security UserId="0"/></System><EventData><Data Name="RuleName">-</Data><Data Name="UtcTime">2026-01-21 11:07:27.164</Data><Data Name="ProcessGuid">{25a00e74-b36f-6970-a963-b649da590000}</Data><Data Name="ProcessId">1521</Data><Data Name="Image">/usr/lib/systemd/systemd-executor</Data><Data Name="FileVersion">-</Data><Data Name="Description">-</Data><Data Name="Product">-</Data><Data Name="Company">-</Data><Data Name="OriginalFileName">-</Data><Data Name="CommandLine">/usr/lib/systemd/systemd-executor --deserialize 99 --log-level info --log-target auto</Data><Data Name="CurrentDirectory">/</Data><Data Name="User">ubuntu</Data><Data Name="LogonGuid">{25a00e74-0000-0000-e803-000000000000}</Data><Data Name="LogonId">1000</Data><Data Name="TerminalSessionId">2</Data><Data Name="IntegrityLevel">no level</Data><Data Name="Hashes">SHA256=a780cac7551d148b4f8cb83489067f455a5d58daa754aac3442e9ddec262a636</Data><Data Name="ParentProcessGuid">{25a00e74-b36d-6970-614b-87532f5f0000}</Data><Data Name="ParentProcessId">1180</Data><Data Name="ParentImage">/usr/lib/systemd/systemd</Data><Data Name="ParentCommandLine">/usr/lib/systemd/systemd</Data><Data Name="ParentUser">ubuntu</Data></EventData></Event>
<Event><System><Provider Name="Linux-Sysmon" Guid="{ff032593-a8d3-4f13-b0d6-01fc615a0f97}"/><EventID>1</EventID><Version>5</Version><Level>4</Level><Task>1</Task><Opcode>0</Opcode><Keywords>0x8000000000000000</Keywords><TimeCreated SystemTime="2026-01-21T11:07:27.171630000Z"/><EventRecordID>18270</EventRecordID><Correlation/><Execution ProcessID="1075" ThreadID="1075"/><Channel>Linux-Sysmon/Operational</Channel><Computer>ubuntu-sysmon</Computer><Security UserId="0"/></System><EventData><Data Name="RuleName">-</Data><Data Name="UtcTime">2026-01-21 11:07:27.164</Data><Data Name="ProcessGuid">{25a00e74-b36f-6970-a9a3-a9a2c3600000}</Data><Data Name="ProcessId">1522</Data><Data Name="Image">/usr/lib/systemd/systemd-executor</Data><Data Name="FileVersion">-</Data><Data Name="Description">-</Data><Data Name="Product">-</Data><Data Name="Company">-</Data><Data Name="OriginalFileName">-</Data><Data Name="CommandLine">/usr/lib/systemd/systemd-executor --deserialize 101 --log-level info --log-target auto</Data><Data Name="CurrentDirectory">/</Data><Data Name="User">ubuntu</Data><Data Name="LogonGuid">{25a00e74-0000-0000-e803-000000000000}</Data><Data Name="LogonId">1000</Data><Data Name="TerminalSessionId">2</Data><Data Name="IntegrityLevel">no level</Data><Data Name="Hashes">SHA256=a780cac7551d148b4f8cb83489067f455a5d58daa754aac3442e9ddec262a636</Data><Data Name="ParentProcessGuid">{25a00e74-b36d-6970-614b-87532f5f0000}</Data><Data Name="ParentProcessId">1180</Data><Data Name="ParentImage">/usr/lib/systemd/systemd</Data><Data Name="ParentCommandLine">/usr/lib/systemd/systemd</Data><Data Name="ParentUser">ubuntu</Data></EventData></Event>
<Event><System><Provider Name="Linux-Sysmon" Guid="{ff032593-a8d3-4f13-b0d6-01fc615a0f97}"/><EventID>1</EventID><Version>5</Version><Level>4</Level><Task>1</Task><Opcode>0</Opcode><Keywords>0x8000000000000000</Keywords><TimeCreated SystemTime="2026-01-21T11:07:27.172645000Z"/><EventRecordID>18271</EventRecordID><Correlation/><Execution ProcessID="1075" ThreadID="1075"/><Channel>Linux-Sysmon/Operational</Channel><Computer>ubuntu-sysmon</Computer><Security UserId="0"/></System><EventData><Data Name="RuleName">-</Data><Data Name="UtcTime">2026-01-21 11:07:27.177</Data><Data Name="ProcessGuid">{25a00e74-b36f-6970-a9d3-d7ba0c600000}</Data><Data Name="ProcessId">1528</Data><Data Name="Image">/usr/lib/systemd/systemd-executor</Data><Data Name="FileVersion">-</Data><Data Name="Description">-</Data><Data Name="Product">-</Data><Data Name="Company">-</Data><Data Name="OriginalFileName">-</Data><Data Name="CommandLine">/usr/lib/systemd/systemd-executor --deserialize 105 --log-level info --log-target auto</Data><Data Name="CurrentDirectory">/</Data><Data Name="User">ubuntu</Data><Data Name="LogonGuid">{25a00e74-0000-0000-e803-000000000000}</Data><Data Name="LogonId">1000</Data><Data Name="TerminalSessionId">2</Data><Data Name="IntegrityLevel">no level</Data><Data Name="Hashes">SHA256=a780cac7551d148b4f8cb83489067f455a5d58daa754aac3442e9ddec262a636</Data><Data Name="ParentProcessGuid">{25a00e74-b36d-6970-614b-87532f5f0000}</Data><Data Name="ParentProcessId">1180</Data><Data Name="ParentImage">/usr/lib/systemd/systemd</Data><Data Name="ParentCommandLine">/usr/lib/systemd/systemd</Data><Data Name="ParentUser">ubuntu</Data></EventData></Event>
<Event><System><Provider Name="Linux-Sysmon" Guid="{ff032593-a8d3-4f13-b0d6-01fc615a0f97}"/><EventID>5</EventID><Version>3</Version><Level>4</Level><Task>5</Task><Opcode>0</Opcode><Keywords>0x8000000000000000</Keywords><TimeCreated SystemTime="2026-01-21T11:07:27.174171000Z"/><EventRecordID>18272</EventRecordID><Correlation/><Execution ProcessID="1075" ThreadID="1075"/><Channel>Linux-Sysmon/Operational</Channel><Computer>ubuntu-sysmon</Computer><Security UserId="0"/></System><EventData><Data Name="RuleName">-</Data><Data Name="UtcTime">2026-01-21 11:07:27.183</Data><Data Name="ProcessGuid">{25a00e74-b36f-6970-21fe-f48250610000}</Data><Data Name="ProcessId">1501</Data><Data Name="Image">/usr/libexec/gnome-session-ctl</Data><Data Name="User">ubuntu</Data></EventData></Event>
<Event><System><Provider Name="Linux-Sysmon" Guid="{ff032593-a8d3-4f13-b0d6-01fc615a0f97}"/><EventID>5</EventID><Version>3</Version><Level>4</Level><Task>5</Task><Opcode>0</Opcode><Keywords>0x8000000000000000</Keywords><TimeCreated SystemTime="2026-01-21T11:07:27.174355000Z"/><EventRecordID>18273</EventRecordID><Correlation/><Execution ProcessID="1075" ThreadID="1075"/><Channel>Linux-Sysmon/Operational</Channel><Computer>ubuntu-sysmon</Computer><Security UserId="0"/></System><EventData><Data Name="RuleName">-</Data><Data Name="UtcTime">2026-01-21 11:07:27.183</Data><Data Name="ProcessGuid">{25a00e74-b36f-6970-21fe-f48250610000}</Data><Data Name="ProcessId">1501</Data><Data Name="Image">/usr/libexec/gnome-session-ctl</Data><Data Name="User">ubuntu</Data></EventData></Event>
<Event><System><Provider Name="Linux-Sysmon" Guid="{ff032593-a8d3-4f13-b0d6-01fc615a0f97}"/><EventID>5</EventID><Version>3</Version><Level>4</Level><Task>5</Task><Opcode>0</Opcode><Keywords>0x8000000000000000</Keywords><TimeCreated SystemTime="2026-01-21T11:07:27.174549000Z"/><EventRecordID>18274</EventRecordID><Correlation/><Execution ProcessID="1075" ThreadID="1075"/><Channel>Linux-Sysmon/Operational</Channel><Computer>ubuntu-sysmon</Computer><Security UserId="0"/></System><EventData><Data Name="RuleName">-</Data><Data Name="UtcTime">2026-01-21 11:07:27.183</Data><Data Name="ProcessGuid">{25a00e74-b36f-6970-21fe-f48250610000}</Data><Data Name="ProcessId">1501</Data><Data Name="Image">/usr/libexec/gnome-session-ctl</Data><Data Name="User">ubuntu</Data></EventData></Event>
<Event><System><Provider Name="Linux-Sysmon" Guid="{ff032593-a8d3-4f13-b0d6-01fc615a0f97}"/><EventID>5</EventID><Version>3</Version><Level>4</Level><Task>5</Task><Opcode>0</Opcode><Keywords>0x8000000000000000</Keywords><TimeCreated SystemTime="2026-01-21T11:07:27.174846000Z"/><EventRecordID>18275</EventRecordID><Correlation/><Execution ProcessID="1075" ThreadID="1075"/><Channel>Linux-Sysmon/Operational</Channel><Computer>ubuntu-sysmon</Computer><Security UserId="0"/></System><EventData><Data Name="RuleName">-</Data><Data Name="UtcTime">2026-01-21 11:07:27.184</Data><Data Name="ProcessGuid">{25a00e74-b36f-6970-21fe-f48250610000}</Data><Data Name="ProcessId">1501</Data><Data Name="Image">/usr/libexec/gnome-session-ctl</Data><Data Name="User">ubuntu</Data></EventData></Event>
<Event><System><Provider Name="Linux-Sysmon" Guid="{ff032593-a8d3-4f13-b0d6-01fc615a0f97}"/><EventID>5</EventID><Version>3</Version><Level>4</Level><Task>5</Task><Opcode>0</Opcode><Keywords>0x8000000000000000</Keywords><TimeCreated SystemTime="2026-01-21T11:07:27.175383000Z"/><EventRecordID>18276</EventRecordID><Correlation/><Execution ProcessID="1075" ThreadID="1075"/><Channel>Linux-Sysmon/Operational</Channel><Computer>ubuntu-sysmon</Computer><Security UserId="0"/></System><EventData><Data Name="RuleName">-</Data><Data Name="UtcTime">2026-01-21 11:07:27.184</Data><Data Name="ProcessGuid">{25a00e74-b36f-6970-0000-000000000000}</Data><Data Name="ProcessId">1529</Data><Data Name="Image">-</Data><Data Name="User">root</Data></EventData></Event>
<Event><System><Provider Name="Linux-Sysmon" Guid="{ff032593-a8d3-4f13-b0d6-01fc615a0f97}"/><EventID>1</EventID><Version>5</Version><Level>4</Level><Task>1</Task><Opcode>0</Opcode><Keywords>0x8000000000000000</Keywords><TimeCreated SystemTime="2026-01-21T11:07:27.177397000Z"/><EventRecordID>18277</EventRecordID><Correlation/><Execution ProcessID="1075" ThreadID="1075"/><Channel>Linux-Sysmon/Operational</Channel><Computer>ubuntu-sysmon</Computer><Security UserId="0"/></System><EventData><Data Name="RuleName">-</Data><Data Name="UtcTime">2026-01-21 11:07:27.165</Data><Data Name="ProcessGuid">{25a00e74-b36f-6970-f19a-5ceaab590000}</Data><Data Name="ProcessId">1523</Data><Data Name="Image">/usr/libexec/gsd-sound</Data><Data Name="FileVersion">-</Data><Data Name="Description">-</Data><Data Name="Product">-</Data><Data Name="Company">-</Data><Data Name="OriginalFileName">-</Data><Data Name="CommandLine">/usr/libexec/gsd-sound</Data><Data Name="CurrentDirectory">/home/ubuntu</Data><Data Name="User">ubuntu</Data><Data Name="LogonGuid">{25a00e74-0000-0000-e803-000000000000}</Data><Data Name="LogonId">1000</Data><Data Name="TerminalSessionId">2</Data><Data Name="IntegrityLevel">no level</Data><Data Name="Hashes">SHA256=92a5f259edc180897d2ec16f4cab7c43ec1e9e51eaef9c0b516a40af93789511</Data><Data Name="ParentProcessGuid">{25a00e74-b36d-6970-614b-87532f5f0000}</Data><Data Name="ParentProcessId">1180</Data><Data Name="ParentImage">/usr/lib/systemd/systemd</Data><Data Name="ParentCommandLine">/usr/lib/systemd/systemd</Data><Data Name="ParentUser">ubuntu</Data></EventData></Event>
<Event><System><Provider Name="Linux-Sysmon" Guid="{ff032593-a8d3-4f13-b0d6-01fc615a0f97}"/><EventID>1</EventID><Version>5</Version><Level>4</Level><Task>1</Task><Opcode>0</Opcode><Keywords>0x8000000000000000</Keywords><TimeCreated SystemTime="2026-01-21T11:07:27.193824000Z"/><EventRecordID>18278</EventRecordID><Correlation/><Execution ProcessID="1075" ThreadID="1075"/><Channel>Linux-Sysmon/Operational</Channel><Computer>ubuntu-sysmon</Computer><Security UserId="0"/></System><EventData><Data Name="RuleName">-</Data><Data Name="UtcTime">2026-01-21 11:07:27.156</Data><Data Name="ProcessGuid">{25a00e74-b36f-6970-5183-c1b58b590000}</Data><Data Name="ProcessId">1514</Data><Data Name="Image">/usr/libexec/gsd-media-keys</Data><Data Name="FileVersion">-</Data><Data Name="Description">-</Data><Data Name="Product">-</Data><Data Name="Company">-</Data><Data Name="OriginalFileName">-</Data><Data Name="CommandLine">/usr/libexec/gsd-media-keys</Data><Data Name="CurrentDirectory">/home/ubuntu</Data><Data Name="User">ubuntu</Data><Data Name="LogonGuid">{25a00e74-0000-0000-e803-000000000000}</Data><Data Name="LogonId">1000</Data><Data Name="TerminalSessionId">2</Data><Data Name="IntegrityLevel">no level</Data><Data Name="Hashes">SHA256=0e427b33b1dc5dc28a46ae4a90e0593a1dde3a9274aab006688d2128fef07179</Data><Data Name="ParentProcessGuid">{25a00e74-b36d-6970-614b-87532f5f0000}</Data><Data Name="ParentProcessId">1180</Data><Data Name="ParentImage">/usr/lib/systemd/systemd</Data><Data Name="ParentCommandLine">/usr/lib/systemd/systemd</Data><Data Name="ParentUser">ubuntu</Data></EventData></Event>
<Event><System><Provider Name="Linux-Sysmon" Guid="{ff032593-a8d3-4f13-b0d6-01fc615a0f97}"/><EventID>1</EventID><Version>5</Version><Level>4</Level><Task>1</Task><Opcode>0</Opcode><Keywords>0x8000000000000000</Keywords><TimeCreated SystemTime="2026-01-21T11:07:27.193937000Z"/><EventRecordID>18279</EventRecordID><Correlation/><Execution ProcessID="1075" ThreadID="1075"/><Channel>Linux-Sysmon/Operational</Channel><Computer>ubuntu-sysmon</Computer><Security UserId="0"/></System><EventData><Data Name="RuleName">-</Data><Data Name="UtcTime">2026-01-21 11:07:27.160</Data><Data Name="ProcessGuid">{25a00e74-b36f-6970-2dfa-5b555e5e0000}</Data><Data Name="ProcessId">1519</Data><Data Name="Image">/usr/libexec/gsd-screensaver-proxy</Data><Data Name="FileVersion">-</Data><Data Name="Description">-</Data><Data Name="Product">-</Data><Data Name="Company">-</Data><Data Name="OriginalFileName">-</Data><Data Name="CommandLine">/usr/libexec/gsd-screensaver-proxy</Data><Data Name="CurrentDirectory">/home/ubuntu</Data><Data Name="User">ubuntu</Data><Data Name="LogonGuid">{25a00e74-0000-0000-e803-000000000000}</Data><Data Name="LogonId">1000</Data><Data Name="TerminalSessionId">2</Data><Data Name="IntegrityLevel">no level</Data><Data Name="Hashes">SHA256=f5b47470b94e983c8a9b3132bb2ce4caa936d9b398cc8d56de1be6a5b36fb9ce</Data><Data Name="ParentProcessGuid">{25a00e74-b36d-6970-614b-87532f5f0000}</Data><Data Name="ParentProcessId">1180</Data><Data Name="ParentImage">/usr/lib/systemd/systemd</Data><Data Name="ParentCommandLine">/usr/lib/systemd/systemd</Data><Data Name="ParentUser">ubuntu</Data></EventData></Event>
<Event><System><Provider Name="Linux-Sysmon" Guid="{ff032593-a8d3-4f13-b0d6-01fc615a0f97}"/><EventID>1</EventID><Version>5</Version><Level>4</Level><Task>1</Task><Opcode>0</Opcode><Keywords>0x8000000000000000</Keywords><TimeCreated SystemTime="2026-01-21T11:07:27.193996000Z"/><EventRecordID>18280</EventRecordID><Correlation/><Execution ProcessID="1075" ThreadID="1075"/><Channel>Linux-Sysmon/Operational</Channel><Computer>ubuntu-sysmon</Computer><Security UserId="0"/></System><EventData><Data Name="RuleName">-</Data><Data Name="UtcTime">2026-01-21 11:07:27.193</Data><Data Name="ProcessGuid">{25a00e74-b36f-6970-01c5-dab70d5e0000}</Data><Data Name="ProcessId">1533</Data><Data Name="Image">/usr/libexec/goa-daemon</Data><Data Name="FileVersion">-</Data><Data Name="Description">-</Data><Data Name="Product">-</Data><Data Name="Company">-</Data><Data Name="OriginalFileName">-</Data><Data Name="CommandLine">/usr/libexec/goa-daemon</Data><Data Name="CurrentDirectory">/home/ubuntu</Data><Data Name="User">ubuntu</Data><Data Name="LogonGuid">{25a00e74-0000-0000-e803-000000000000}</Data><Data Name="LogonId">1000</Data><Data Name="TerminalSessionId">2</Data><Data Name="IntegrityLevel">no level</Data><Data Name="Hashes">SHA256=e085bbf35c5fb53f71e881419b574c59e03ce44e3180a9a44288a75f54530ec6</Data><Data Name="ParentProcessGuid">{00000000-0000-0000-0000-000000000000}</Data><Data Name="ParentProcessId">1531</Data><Data Name="ParentImage">-</Data><Data Name="ParentCommandLine">-</Data><Data Name="ParentUser">-</Data></EventData></Event>
